#
# There is insufficient memory for the Java Runtime Environment to continue.
# Native memory allocation (malloc) failed to allocate 32744 bytes for ChunkPool::allocate
# Possible reasons:
#   The system is out of physical RAM or swap space
#   In 32 bit mode, the process size limit was hit
# Possible solutions:
#   Reduce memory load on the system
#   Increase physical memory or swap space
#   Check if swap backing store is full
#   Use 64 bit Java on a 64 bit OS
#   Decrease Java heap size (-Xmx/-Xms)
#   Decrease number of Java threads
#   Decrease Java thread stack sizes (-Xss)
#   Set larger code cache with -XX:ReservedCodeCacheSize=
# This output file may be truncated or incomplete.
#
#  Out of Memory Error (allocation.cpp:273), pid=13212, tid=0x0000000000004e6c
#
# JRE version: OpenJDK Runtime Environment (8.0_152-b02) (build 1.8.0_152-release-1024-b02)
# Java VM: OpenJDK 64-Bit Server VM (25.152-b02 mixed mode windows-amd64 compressed oops)
# Failed to write core dump. Minidumps are not enabled by default on client versions of Windows
#

---------------  T H R E A D  ---------------

Current thread (0x0000000016949800):  JavaThread "C2 CompilerThread0" daemon [_thread_in_native, id=20076, stack(0x00000000182f0000,0x00000000183f0000)]

Stack: [0x00000000182f0000,0x00000000183f0000]
[error occurred during error reporting (printing stack bounds), id 0xc0000005]

Native frames: (J=compiled Java code, j=interpreted, Vv=VM code, C=native code)


Current CompileTask:
C2: 269364 10608  s    4       java.lang.reflect.Field::declaredAnnotations (59 bytes)


---------------  P R O C E S S  ---------------

Java Threads: ( => current thread )
  0x000000001c6b6800 JavaThread "Task worker for ':' Thread 3" [_thread_blocked, id=19160, stack(0x000000002a4b0000,0x000000002a5b0000)]
  0x000000001f054000 JavaThread "Task worker for ':' Thread 2" [_thread_blocked, id=320, stack(0x000000002a3b0000,0x000000002a4b0000)]
  0x000000001f051000 JavaThread "Task worker for ':'" [_thread_blocked, id=9080, stack(0x000000002a2b0000,0x000000002a3b0000)]
  0x000000001f054800 JavaThread "Cache worker for Build Output Cleanup Cache (C:\MyCloset\.gradle\buildOutputCleanup)" [_thread_blocked, id=19504, stack(0x000000002a1b0000,0x000000002a2b0000)]
  0x000000001f052800 JavaThread "Cache worker for task history cache (C:\MyCloset\.gradle\4.4\taskHistory)" [_thread_blocked, id=17712, stack(0x000000002a0b0000,0x000000002a1b0000)]
  0x000000001f046000 JavaThread "Cache worker for file content cache (C:\MyCloset\.gradle\4.4\fileContent)" [_thread_blocked, id=2284, stack(0x0000000029fb0000,0x000000002a0b0000)]
  0x000000001f053000 JavaThread "build operations Thread 4" [_thread_blocked, id=9632, stack(0x0000000029eb0000,0x0000000029fb0000)]
  0x000000001f04b800 JavaThread "build operations Thread 3" [_thread_blocked, id=18464, stack(0x0000000029db0000,0x0000000029eb0000)]
  0x000000001f050000 JavaThread "build operations Thread 2" [_thread_blocked, id=14796, stack(0x0000000029cb0000,0x0000000029db0000)]
  0x000000001f04e800 JavaThread "build operations" [_thread_blocked, id=12232, stack(0x0000000029bb0000,0x0000000029cb0000)]
  0x000000001f051800 JavaThread "Cache worker for Artifact transforms cache (C:\Users\kjina\.gradle\caches\transforms-1)" [_thread_blocked, id=5892, stack(0x0000000029ab0000,0x0000000029bb0000)]
  0x000000001f04a000 JavaThread "Cache worker for file hash cache (C:\MyCloset\.gradle\4.4\fileHashes)" [_thread_blocked, id=18760, stack(0x00000000299b0000,0x0000000029ab0000)]
  0x000000001f04e000 JavaThread "Stdin handler" [_thread_blocked, id=19880, stack(0x00000000298b0000,0x00000000299b0000)]
  0x000000001f045800 JavaThread "Asynchronous log dispatcher for DefaultDaemonConnection: socket connection from /127.0.0.1:60188 to /127.0.0.1:60276" [_thread_blocked, id=13180, stack(0x00000000297b0000,0x00000000298b0000)]
  0x000000001f04b000 JavaThread "Daemon worker Thread 3" [_thread_in_Java, id=11568, stack(0x00000000296b0000,0x00000000297b0000)]
  0x000000001f048800 JavaThread "Cancel handler" [_thread_blocked, id=3804, stack(0x00000000295b0000,0x00000000296b0000)]
  0x000000001f047000 JavaThread "Handler for socket connection from /127.0.0.1:60188 to /127.0.0.1:60276" [_thread_in_native, id=17528, stack(0x00000000294b0000,0x00000000295b0000)]
  0x000000001f049800 JavaThread "Daemon Thread 3" [_thread_blocked, id=10644, stack(0x00000000293b0000,0x00000000294b0000)]
  0x000000001c6b5000 JavaThread "Memory manager" [_thread_blocked, id=13300, stack(0x00000000209b0000,0x0000000020ab0000)]
  0x0000000019c8d800 JavaThread "File lock request listener" [_thread_in_native, id=1036, stack(0x000000001afa0000,0x000000001b0a0000)]
  0x0000000019a60000 JavaThread "Cache worker for file hash cache (C:\Users\kjina\.gradle\caches\4.4\fileHashes)" [_thread_blocked, id=1364, stack(0x000000001aea0000,0x000000001afa0000)]
  0x00000000198fd800 JavaThread "Daemon periodic checks" [_thread_blocked, id=18776, stack(0x000000001a3a0000,0x000000001a4a0000)]
  0x0000000019905000 JavaThread "Incoming local TCP Connector on port 60188" [_thread_in_native, id=11944, stack(0x000000001a1c0000,0x000000001a2c0000)]
  0x0000000017d85000 JavaThread "Service Thread" daemon [_thread_blocked, id=15868, stack(0x00000000185f0000,0x00000000186f0000)]
  0x0000000017d08800 JavaThread "C1 CompilerThread2" daemon [_thread_blocked, id=4444, stack(0x00000000184f0000,0x00000000185f0000)]
  0x0000000017cfa800 JavaThread "C2 CompilerThread1" daemon [_thread_in_native, id=14252, stack(0x00000000183f0000,0x00000000184f0000)]
=>0x0000000016949800 JavaThread "C2 CompilerThread0" daemon [_thread_in_native, id=20076, stack(0x00000000182f0000,0x00000000183f0000)]
  0x00000000168e7800 JavaThread "Attach Listener" daemon [_thread_blocked, id=9244, stack(0x00000000181f0000,0x00000000182f0000)]
  0x0000000016904000 JavaThread "Signal Dispatcher" daemon [_thread_blocked, id=20788, stack(0x00000000180f0000,0x00000000181f0000)]
  0x0000000002f7d800 JavaThread "Finalizer" daemon [_thread_blocked, id=8628, stack(0x0000000017b60000,0x0000000017c60000)]
  0x0000000002f71800 JavaThread "Reference Handler" daemon [_thread_blocked, id=18572, stack(0x0000000017a60000,0x0000000017b60000)]
  0x00000000029ae800 JavaThread "main" [_thread_blocked, id=11460, stack(0x0000000002d80000,0x0000000002e80000)]

Other Threads:
  0x00000000168b5000 VMThread [stack: 0x0000000017960000,0x0000000017a60000] [id=19388]
  0x0000000017d86000 WatcherThread [stack: 0x00000000186f0000,0x00000000187f0000] [id=16328]

VM state:not at safepoint (normal execution)

VM Mutex/Monitor currently owned by a thread: None

Heap:
 PSYoungGen      total 266240K, used 27767K [0x00000000e0000000, 0x00000000f2000000, 0x0000000100000000)
  eden space 253952K, 7% used [0x00000000e0000000,0x00000000e1206650,0x00000000ef800000)
  from space 12288K, 75% used [0x00000000f1400000,0x00000000f1d175d0,0x00000000f2000000)
  to   space 20480K, 0% used [0x00000000ef800000,0x00000000ef800000,0x00000000f0c00000)
 ParOldGen       total 147968K, used 37057K [0x00000000a0000000, 0x00000000a9080000, 0x00000000e0000000)
  object space 147968K, 25% used [0x00000000a0000000,0x00000000a2430758,0x00000000a9080000)
 Metaspace       used 68277K, capacity 71314K, committed 71424K, reserved 1112064K
  class space    used 9094K, capacity 9713K, committed 9728K, reserved 1048576K

Card table byte_map: [0x0000000012340000,0x0000000012650000] byte_map_base: 0x0000000011e40000

Marking Bits: (ParMarkBitMap*) 0x0000000054b64970
 Begin Bits: [0x0000000012c50000, 0x0000000014450000)
 End Bits:   [0x0000000014450000, 0x0000000015c50000)

Polling page: 0x0000000000bd0000

CodeCache: size=245760Kb used=29392Kb max_used=29392Kb free=216367Kb
 bounds [0x0000000002f80000, 0x0000000004c60000, 0x0000000011f80000]
 total_blobs=9857 nmethods=9051 adapters=718
 compilation: enabled

Compilation events (10 events):
Event: 269.227 Thread 0x0000000017d08800 10760       3       org.gradle.internal.component.external.model.DefaultMutableMavenModuleResolveMetadata::isChanging (5 bytes)
Event: 269.227 Thread 0x0000000017d08800 nmethod 10760 0x0000000004c59e50 code [0x0000000004c59fa0, 0x0000000004c5a110]
Event: 269.227 Thread 0x0000000017d08800 10761       3       org.gradle.internal.component.external.model.DefaultMutableMavenModuleResolveMetadata::isMissing (5 bytes)
Event: 269.228 Thread 0x0000000017d08800 nmethod 10761 0x0000000004c5a190 code [0x0000000004c5a2e0, 0x0000000004c5a450]
Event: 269.228 Thread 0x0000000017d08800 10762       3       org.gradle.internal.component.external.model.DefaultMutableMavenModuleResolveMetadata::getStatus (5 bytes)
Event: 269.228 Thread 0x0000000017d08800 nmethod 10762 0x0000000004c5a4d0 code [0x0000000004c5a620, 0x0000000004c5a790]
Event: 269.228 Thread 0x0000000017d08800 10763       3       org.gradle.internal.component.external.model.DefaultMutableMavenModuleResolveMetadata::getStatusScheme (5 bytes)
Event: 269.228 Thread 0x0000000017d08800 nmethod 10763 0x0000000004c5a810 code [0x0000000004c5a960, 0x0000000004c5aad0]
Event: 269.228 Thread 0x0000000017d08800 10764       3       org.gradle.internal.component.external.model.DefaultMutableMavenModuleResolveMetadata::getSource (5 bytes)
Event: 269.228 Thread 0x0000000017d08800 nmethod 10764 0x0000000004c5ab50 code [0x0000000004c5aca0, 0x0000000004c5ae10]

GC Heap History (10 events):
Event: 14.429 GC heap before
{Heap before GC invocations=13 (full 3):
 PSYoungGen      total 207872K, used 14396K [0x00000000e0000000, 0x00000000edf80000, 0x0000000100000000)
  eden space 187904K, 0% used [0x00000000e0000000,0x00000000e0000000,0x00000000eb780000)
  from space 19968K, 72% used [0x00000000ecc00000,0x00000000eda0f008,0x00000000edf80000)
  to   space 20480K, 0% used [0x00000000eb780000,0x00000000eb780000,0x00000000ecb80000)
 ParOldGen       total 98304K, used 37582K [0x00000000a0000000, 0x00000000a6000000, 0x00000000e0000000)
  object space 98304K, 38% used [0x00000000a0000000,0x00000000a24b3b60,0x00000000a6000000)
 Metaspace       used 57143K, capacity 58880K, committed 59008K, reserved 1099776K
  class space    used 7801K, capacity 8222K, committed 8320K, reserved 1048576K
Event: 14.669 GC heap after
Heap after GC invocations=13 (full 3):
 PSYoungGen      total 207872K, used 0K [0x00000000e0000000, 0x00000000edf80000, 0x0000000100000000)
  eden space 187904K, 0% used [0x00000000e0000000,0x00000000e0000000,0x00000000eb780000)
  from space 19968K, 0% used [0x00000000ecc00000,0x00000000ecc00000,0x00000000edf80000)
  to   space 20480K, 0% used [0x00000000eb780000,0x00000000eb780000,0x00000000ecb80000)
 ParOldGen       total 147968K, used 37025K [0x00000000a0000000, 0x00000000a9080000, 0x00000000e0000000)
  object space 147968K, 25% used [0x00000000a0000000,0x00000000a2428758,0x00000000a9080000)
 Metaspace       used 57143K, capacity 58880K, committed 59008K, reserved 1099776K
  class space    used 7801K, capacity 8222K, committed 8320K, reserved 1048576K
}
Event: 19.436 GC heap before
{Heap before GC invocations=14 (full 3):
 PSYoungGen      total 207872K, used 186883K [0x00000000e0000000, 0x00000000edf80000, 0x0000000100000000)
  eden space 187904K, 99% used [0x00000000e0000000,0x00000000eb680cb8,0x00000000eb780000)
  from space 19968K, 0% used [0x00000000ecc00000,0x00000000ecc00000,0x00000000edf80000)
  to   space 20480K, 0% used [0x00000000eb780000,0x00000000eb780000,0x00000000ecb80000)
 ParOldGen       total 147968K, used 37025K [0x00000000a0000000, 0x00000000a9080000, 0x00000000e0000000)
  object space 147968K, 25% used [0x00000000a0000000,0x00000000a2428758,0x00000000a9080000)
 Metaspace       used 62844K, capacity 65022K, committed 65152K, reserved 1105920K
  class space    used 8590K, capacity 9079K, committed 9088K, reserved 1048576K
Event: 19.456 GC heap after
Heap after GC invocations=14 (full 3):
 PSYoungGen      total 208384K, used 12255K [0x00000000e0000000, 0x00000000f0280000, 0x0000000100000000)
  eden space 187904K, 0% used [0x00000000e0000000,0x00000000e0000000,0x00000000eb780000)
  from space 20480K, 59% used [0x00000000eb780000,0x00000000ec377c20,0x00000000ecb80000)
  to   space 20480K, 0% used [0x00000000eee80000,0x00000000eee80000,0x00000000f0280000)
 ParOldGen       total 147968K, used 37033K [0x00000000a0000000, 0x00000000a9080000, 0x00000000e0000000)
  object space 147968K, 25% used [0x00000000a0000000,0x00000000a242a758,0x00000000a9080000)
 Metaspace       used 62844K, capacity 65022K, committed 65152K, reserved 1105920K
  class space    used 8590K, capacity 9079K, committed 9088K, reserved 1048576K
}
Event: 21.160 GC heap before
{Heap before GC invocations=15 (full 3):
 PSYoungGen      total 208384K, used 199926K [0x00000000e0000000, 0x00000000f0280000, 0x0000000100000000)
  eden space 187904K, 99% used [0x00000000e0000000,0x00000000eb745cb0,0x00000000eb780000)
  from space 20480K, 59% used [0x00000000eb780000,0x00000000ec377c20,0x00000000ecb80000)
  to   space 20480K, 0% used [0x00000000eee80000,0x00000000eee80000,0x00000000f0280000)
 ParOldGen       total 147968K, used 37033K [0x00000000a0000000, 0x00000000a9080000, 0x00000000e0000000)
  object space 147968K, 25% used [0x00000000a0000000,0x00000000a242a758,0x00000000a9080000)
 Metaspace       used 63306K, capacity 65570K, committed 65792K, reserved 1105920K
  class space    used 8631K, capacity 9125K, committed 9216K, reserved 1048576K
Event: 21.173 GC heap after
Heap after GC invocations=15 (full 3):
 PSYoungGen      total 241152K, used 16892K [0x00000000e0000000, 0x00000000f0200000, 0x0000000100000000)
  eden space 221184K, 0% used [0x00000000e0000000,0x00000000e0000000,0x00000000ed800000)
  from space 19968K, 84% used [0x00000000eee80000,0x00000000efeff0d0,0x00000000f0200000)
  to   space 21504K, 0% used [0x00000000ed800000,0x00000000ed800000,0x00000000eed00000)
 ParOldGen       total 147968K, used 37041K [0x00000000a0000000, 0x00000000a9080000, 0x00000000e0000000)
  object space 147968K, 25% used [0x00000000a0000000,0x00000000a242c758,0x00000000a9080000)
 Metaspace       used 63306K, capacity 65570K, committed 65792K, reserved 1105920K
  class space    used 8631K, capacity 9125K, committed 9216K, reserved 1048576K
}
Event: 22.287 GC heap before
{Heap before GC invocations=16 (full 3):
 PSYoungGen      total 241152K, used 238076K [0x00000000e0000000, 0x00000000f0200000, 0x0000000100000000)
  eden space 221184K, 100% used [0x00000000e0000000,0x00000000ed800000,0x00000000ed800000)
  from space 19968K, 84% used [0x00000000eee80000,0x00000000efeff0d0,0x00000000f0200000)
  to   space 21504K, 0% used [0x00000000ed800000,0x00000000ed800000,0x00000000eed00000)
 ParOldGen       total 147968K, used 37041K [0x00000000a0000000, 0x00000000a9080000, 0x00000000e0000000)
  object space 147968K, 25% used [0x00000000a0000000,0x00000000a242c758,0x00000000a9080000)
 Metaspace       used 66559K, capacity 68920K, committed 69248K, reserved 1110016K
  class space    used 8983K, capacity 9494K, committed 9600K, reserved 1048576K
Event: 22.302 GC heap after
Heap after GC invocations=16 (full 3):
 PSYoungGen      total 242688K, used 9271K [0x00000000e0000000, 0x00000000f2880000, 0x0000000100000000)
  eden space 221184K, 0% used [0x00000000e0000000,0x00000000e0000000,0x00000000ed800000)
  from space 21504K, 43% used [0x00000000ed800000,0x00000000ee10df80,0x00000000eed00000)
  to   space 20992K, 0% used [0x00000000f1400000,0x00000000f1400000,0x00000000f2880000)
 ParOldGen       total 147968K, used 37049K [0x00000000a0000000, 0x00000000a9080000, 0x00000000e0000000)
  object space 147968K, 25% used [0x00000000a0000000,0x00000000a242e758,0x00000000a9080000)
 Metaspace       used 66559K, capacity 68920K, committed 69248K, reserved 1110016K
  class space    used 8983K, capacity 9494K, committed 9600K, reserved 1048576K
}
Event: 268.884 GC heap before
{Heap before GC invocations=17 (full 3):
 PSYoungGen      total 242688K, used 230455K [0x00000000e0000000, 0x00000000f2880000, 0x0000000100000000)
  eden space 221184K, 100% used [0x00000000e0000000,0x00000000ed800000,0x00000000ed800000)
  from space 21504K, 43% used [0x00000000ed800000,0x00000000ee10df80,0x00000000eed00000)
  to   space 20992K, 0% used [0x00000000f1400000,0x00000000f1400000,0x00000000f2880000)
 ParOldGen       total 147968K, used 37049K [0x00000000a0000000, 0x00000000a9080000, 0x00000000e0000000)
  object space 147968K, 25% used [0x00000000a0000000,0x00000000a242e758,0x00000000a9080000)
 Metaspace       used 68161K, capacity 71176K, committed 71424K, reserved 1112064K
  class space    used 9088K, capacity 9702K, committed 9728K, reserved 1048576K
Event: 268.903 GC heap after
Heap after GC invocations=17 (full 3):
 PSYoungGen      total 266240K, used 9309K [0x00000000e0000000, 0x00000000f2000000, 0x0000000100000000)
  eden space 253952K, 0% used [0x00000000e0000000,0x00000000e0000000,0x00000000ef800000)
  from space 12288K, 75% used [0x00000000f1400000,0x00000000f1d175d0,0x00000000f2000000)
  to   space 20480K, 0% used [0x00000000ef800000,0x00000000ef800000,0x00000000f0c00000)
 ParOldGen       total 147968K, used 37057K [0x00000000a0000000, 0x00000000a9080000, 0x00000000e0000000)
  object space 147968K, 25% used [0x00000000a0000000,0x00000000a2430758,0x00000000a9080000)
 Metaspace       used 68161K, capacity 71176K, committed 71424K, reserved 1112064K
  class space    used 9088K, capacity 9702K, committed 9728K, reserved 1048576K
}

Deoptimization events (10 events):
Event: 72.781 Thread 0x00000000198fd800 Uncommon trap: reason=bimorphic action=maybe_recompile pc=0x00000000030bfe6c method=java.util.HashMap.removeNode(ILjava/lang/Object;Ljava/lang/Object;ZZ)Ljava/util/HashMap$Node; @ 283
Event: 122.178 Thread 0x0000000019905000 Uncommon trap: reason=class_check action=maybe_recompile pc=0x00000000044501c4 method=sun.nio.ch.IOUtil.write(Ljava/io/FileDescriptor;Ljava/nio/ByteBuffer;JLsun/nio/ch/NativeDispatcher;)I @ 1
Event: 122.581 Thread 0x000000001c6b1000 Uncommon trap: reason=bimorphic action=maybe_recompile pc=0x0000000004870154 method=com.google.common.cache.LocalCache$Segment.storeLoadedValue(Ljava/lang/Object;ILcom/google/common/cache/LocalCache$LoadingValueReference;Ljava/lang/Object;)Z @ 286
Event: 122.610 Thread 0x000000001c6b1000 Uncommon trap: reason=class_check action=maybe_recompile pc=0x0000000003ec8bd4 method=java.util.regex.Matcher.search(I)Z @ 86
Event: 122.610 Thread 0x000000001c6b1000 Uncommon trap: reason=class_check action=maybe_recompile pc=0x0000000003dd9fec method=java.util.regex.Matcher.search(I)Z @ 86
Event: 124.816 Thread 0x000000001f054000 Uncommon trap: reason=unstable_if action=reinterpret pc=0x0000000003269270 method=com.esotericsoftware.kryo.io.Output.writeInt(IZ)I @ 17
Event: 125.405 Thread 0x000000001c6b1000 Uncommon trap: reason=class_check action=maybe_recompile pc=0x00000000049ae61c method=org.gradle.internal.logging.sink.ProgressLogEventGenerator.onOutput(Lorg/gradle/internal/logging/events/OutputEvent;)V @ 45
Event: 268.443 Thread 0x0000000019905000 Uncommon trap: reason=class_check action=maybe_recompile pc=0x00000000044501c4 method=sun.nio.ch.IOUtil.write(Ljava/io/FileDescriptor;Ljava/nio/ByteBuffer;JLsun/nio/ch/NativeDispatcher;)I @ 1
Event: 268.903 Thread 0x0000000002f71800 Uncommon trap: reason=unstable_if action=reinterpret pc=0x000000000381bdf4 method=java.lang.ref.Reference.tryHandlePending(Z)Z @ 20
Event: 268.945 Thread 0x000000001f04b000 Uncommon trap: reason=bimorphic action=maybe_recompile pc=0x0000000004870154 method=com.google.common.cache.LocalCache$Segment.storeLoadedValue(Ljava/lang/Object;ILcom/google/common/cache/LocalCache$LoadingValueReference;Ljava/lang/Object;)Z @ 286

Classes redefined (0 events):
No events

Internal exceptions (10 events):
Event: 22.335 Thread 0x0000000019751000 Exception <a 'java/lang/NoSuchMethodError': <clinit>> (0x00000000e00421a8) thrown at [D:\src\AOSP-openjdk-cygwin\jdk8u\hotspot\src\share\vm\prims\jni.cpp, line 1613]
Event: 22.336 Thread 0x0000000019751000 Exception <a 'java/lang/NoSuchMethodError': <clinit>> (0x00000000e004b4c0) thrown at [D:\src\AOSP-openjdk-cygwin\jdk8u\hotspot\src\share\vm\prims\jni.cpp, line 1613]
Event: 22.343 Thread 0x0000000019751000 Exception <a 'java/lang/NoSuchMethodError': <clinit>> (0x00000000e0066460) thrown at [D:\src\AOSP-openjdk-cygwin\jdk8u\hotspot\src\share\vm\prims\jni.cpp, line 1613]
Event: 22.378 Thread 0x0000000019751000 Exception <a 'java/lang/NoSuchMethodError': <clinit>> (0x00000000e0076810) thrown at [D:\src\AOSP-openjdk-cygwin\jdk8u\hotspot\src\share\vm\prims\jni.cpp, line 1613]
Event: 22.380 Thread 0x0000000019751000 Exception <a 'java/lang/NoSuchMethodError': <clinit>> (0x00000000e007be08) thrown at [D:\src\AOSP-openjdk-cygwin\jdk8u\hotspot\src\share\vm\prims\jni.cpp, line 1613]
Event: 22.401 Thread 0x0000000019753800 Exception <a 'java/lang/NoSuchMethodError': <clinit>> (0x00000000e0567220) thrown at [D:\src\AOSP-openjdk-cygwin\jdk8u\hotspot\src\share\vm\prims\jni.cpp, line 1613]
Event: 35.967 Thread 0x0000000018b0b000 Exception <a 'sun/nio/fs/WindowsException'> (0x00000000e143a4e0) thrown at [D:\src\AOSP-openjdk-cygwin\jdk8u\hotspot\src\share\vm\prims\jni.cpp, line 709]
Event: 37.178 Thread 0x000000001f054800 Implicit null exception at 0x000000000435aee2 to 0x000000000435b531
Event: 122.504 Thread 0x000000001c6b1000 Exception <a 'sun/nio/fs/WindowsException'> (0x00000000e7459fa0) thrown at [D:\src\AOSP-openjdk-cygwin\jdk8u\hotspot\src\share\vm\prims\jni.cpp, line 709]
Event: 268.824 Thread 0x000000001f04b000 Exception <a 'sun/nio/fs/WindowsException'> (0x00000000ed471448) thrown at [D:\src\AOSP-openjdk-cygwin\jdk8u\hotspot\src\share\vm\prims\jni.cpp, line 709]

Events (10 events):
Event: 269.159 Thread 0x000000001f046000 Thread added: 0x000000001f046000
Event: 269.176 Executing VM operation: RevokeBias
Event: 269.176 Executing VM operation: RevokeBias done
Event: 269.176 Executing VM operation: RevokeBias
Event: 269.176 Executing VM operation: RevokeBias done
Event: 269.180 Thread 0x000000001f052800 Thread added: 0x000000001f052800
Event: 269.185 Thread 0x000000001f054800 Thread added: 0x000000001f054800
Event: 269.189 Thread 0x000000001f051000 Thread added: 0x000000001f051000
Event: 269.189 Thread 0x000000001f054000 Thread added: 0x000000001f054000
Event: 269.189 Thread 0x000000001c6b6800 Thread added: 0x000000001c6b6800


Dynamic libraries:
0x00007ff6fc970000 - 0x00007ff6fc9a1000 	C:\Program Files\Android\Android Studio\jre\bin\java.exe
0x00007ff87e3e0000 - 0x00007ff87e5c1000 	C:\WINDOWS\SYSTEM32\ntdll.dll
0x00007ff87da30000 - 0x00007ff87dae2000 	C:\WINDOWS\System32\KERNEL32.DLL
0x00007ff87a8c0000 - 0x00007ff87ab33000 	C:\WINDOWS\System32\KERNELBASE.dll
0x00007ff87be70000 - 0x00007ff87bf11000 	C:\WINDOWS\System32\ADVAPI32.dll
0x00007ff87db60000 - 0x00007ff87dbfe000 	C:\WINDOWS\System32\msvcrt.dll
0x00007ff87d690000 - 0x00007ff87d6eb000 	C:\WINDOWS\System32\sechost.dll
0x00007ff87d390000 - 0x00007ff87d4b4000 	C:\WINDOWS\System32\RPCRT4.dll
0x00007ff87d6f0000 - 0x00007ff87d880000 	C:\WINDOWS\System32\USER32.dll
0x00007ff87adb0000 - 0x00007ff87add0000 	C:\WINDOWS\System32\win32u.dll
0x00007ff87ba10000 - 0x00007ff87ba38000 	C:\WINDOWS\System32\GDI32.dll
0x00007ff87b6d0000 - 0x00007ff87b862000 	C:\WINDOWS\System32\gdi32full.dll
0x00007ff87ad10000 - 0x00007ff87adaf000 	C:\WINDOWS\System32\msvcp_win.dll
0x00007ff87ac10000 - 0x00007ff87ad0a000 	C:\WINDOWS\System32\ucrtbase.dll
0x00007ff863560000 - 0x00007ff8637c9000 	C:\WINDOWS\WinSxS\amd64_microsoft.windows.common-controls_6595b64144ccf1df_6.0.17134.407_none_fb449d63306391e9\COMCTL32.dll
0x00007ff87bb30000 - 0x00007ff87be52000 	C:\WINDOWS\System32\combase.dll
0x00007ff87ab90000 - 0x00007ff87ac0a000 	C:\WINDOWS\System32\bcryptPrimitives.dll
0x00007ff87e380000 - 0x00007ff87e3ad000 	C:\WINDOWS\System32\IMM32.DLL
0x0000000055100000 - 0x00000000551d2000 	C:\Program Files\Android\Android Studio\jre\jre\bin\msvcr100.dll
0x00000000543a0000 - 0x0000000054bdf000 	C:\Program Files\Android\Android Studio\jre\jre\bin\server\jvm.dll
0x00007ff87d4c0000 - 0x00007ff87d4c8000 	C:\WINDOWS\System32\PSAPI.DLL
0x00007ff8772a0000 - 0x00007ff8772c3000 	C:\WINDOWS\SYSTEM32\WINMM.dll
0x00007ff8634f0000 - 0x00007ff8634f9000 	C:\WINDOWS\SYSTEM32\WSOCK32.dll
0x00007ff86cfe0000 - 0x00007ff86cfea000 	C:\WINDOWS\SYSTEM32\VERSION.dll
0x00007ff87daf0000 - 0x00007ff87db5c000 	C:\WINDOWS\System32\WS2_32.dll
0x00007ff877270000 - 0x00007ff87729a000 	C:\WINDOWS\SYSTEM32\winmmbase.dll
0x00007ff87ab40000 - 0x00007ff87ab89000 	C:\WINDOWS\System32\cfgmgr32.dll
0x00007ff8770f0000 - 0x00007ff8770ff000 	C:\Program Files\Android\Android Studio\jre\jre\bin\verify.dll
0x00007ff877030000 - 0x00007ff877059000 	C:\Program Files\Android\Android Studio\jre\jre\bin\java.dll
0x00007ff8756d0000 - 0x00007ff8756e6000 	C:\Program Files\Android\Android Studio\jre\jre\bin\zip.dll
0x00007ff87bf50000 - 0x00007ff87d38f000 	C:\WINDOWS\System32\SHELL32.dll
0x00007ff87d980000 - 0x00007ff87da29000 	C:\WINDOWS\System32\shcore.dll
0x00007ff87afc0000 - 0x00007ff87b6cd000 	C:\WINDOWS\System32\windows.storage.dll
0x00007ff87ded0000 - 0x00007ff87df21000 	C:\WINDOWS\System32\shlwapi.dll
0x00007ff87a790000 - 0x00007ff87a7a1000 	C:\WINDOWS\System32\kernel.appcore.dll
0x00007ff87a700000 - 0x00007ff87a71f000 	C:\WINDOWS\System32\profapi.dll
0x00007ff87a720000 - 0x00007ff87a76c000 	C:\WINDOWS\System32\powrprof.dll
0x00007ff87a6f0000 - 0x00007ff87a6fa000 	C:\WINDOWS\System32\FLTLIB.DLL
0x00007ff86f450000 - 0x00007ff86f46a000 	C:\Program Files\Android\Android Studio\jre\jre\bin\net.dll
0x00007ff879f10000 - 0x00007ff879f76000 	C:\WINDOWS\system32\mswsock.dll
0x00007ff86f410000 - 0x00007ff86f421000 	C:\Program Files\Android\Android Studio\jre\jre\bin\nio.dll
0x00007ff8770c0000 - 0x00007ff8770de000 	C:\Users\kjina\.gradle\native\25\windows-amd64\native-platform.dll
0x00007ff877080000 - 0x00007ff87708d000 	C:\Program Files\Android\Android Studio\jre\jre\bin\management.dll
0x00007ff87a0c0000 - 0x00007ff87a0d7000 	C:\WINDOWS\SYSTEM32\CRYPTSP.dll
0x00007ff879af0000 - 0x00007ff879b23000 	C:\WINDOWS\system32\rsaenh.dll
0x00007ff87a1f0000 - 0x00007ff87a215000 	C:\WINDOWS\SYSTEM32\bcrypt.dll
0x00007ff87a620000 - 0x00007ff87a648000 	C:\WINDOWS\SYSTEM32\USERENV.dll
0x00007ff87a0e0000 - 0x00007ff87a0eb000 	C:\WINDOWS\SYSTEM32\CRYPTBASE.dll
0x00007ff879c90000 - 0x00007ff879cc8000 	C:\WINDOWS\SYSTEM32\IPHLPAPI.DLL
0x00007ff87be60000 - 0x00007ff87be68000 	C:\WINDOWS\System32\NSI.dll
0x00007ff870c90000 - 0x00007ff870ca6000 	C:\WINDOWS\SYSTEM32\dhcpcsvc6.DLL
0x00007ff8711b0000 - 0x00007ff8711ca000 	C:\WINDOWS\SYSTEM32\dhcpcsvc.DLL

VM Arguments:
jvm_args: -Xmx1536m -Dfile.encoding=x-windows-949 -Duser.country=KR -Duser.language=ko -Duser.variant 
java_command: org.gradle.launcher.daemon.bootstrap.GradleDaemon 4.4
java_class_path (initial): C:\Users\kjina\.gradle\wrapper\dists\gradle-4.4-all\9br9xq1tocpiv8o6njlyu5op1\gradle-4.4\lib\gradle-launcher-4.4.jar
Launcher Type: SUN_STANDARD

Environment Variables:
PATH=C:\ProgramData\Oracle\Java\javapath;C:\Python27\;C:\Python27\Scripts;C:\Program Files (x86)\Intel\iCLS Client\;C:\Program Files\Intel\iCLS Client\;C:\WINDOWS\system32;C:\WINDOWS;C:\WINDOWS\System32\Wbem;C:\WINDOWS\System32\WindowsPowerShell\v1.0\;C:\Program Files (x86)\Intel\Intel(R) Management Engine Components\DAL;C:\Program Files\Intel\Intel(R) Management Engine Components\DAL;C:\Program Files (x86)\Intel\Intel(R) Management Engine Components\IPT;C:\Program Files\Intel\Intel(R) Management Engine Components\IPT;C:\WINDOWS\system32\config\systemprofile\.dnx\bin;C:\Program Files\Microsoft DNX\Dnvm\;C:\Program Files (x86)\Windows Kits\8.1\Windows Performance Toolkit\;C:\Program Files (x86)\GtkSharp\2.12\bin;C:\ Python27\Lib\site-packages;C:\Program Files\Intel\WiFi\bin\;C:\Program Files\Common Files\Intel\WirelessCommon\;C:\WINDOWS\System32\OpenSSH\;C:\Program Files\MySQL\MySQL Server 8.0\bin;C:\Program Files\nodejs\;C:\Program Files (x86)\PuTTY\;C:\Program Files\Git\cmd;C:\Users\kjina\Anaconda2;C:\Users\kjina\Anaconda2\Scripts;C:\Users\kjina\Anaconda2\Library\bin;C:\Modeltech_pe_edu_10.4a\win32pe_edu;C:\Users\kjina\AppData\Local\Microsoft\WindowsApps;C:\Users\kjina\AppData\Local\GitHubDesktop\bin;C:\Users\kjina\AppData\Roaming\npm
USERNAME=kjina
OS=Windows_NT
PROCESSOR_IDENTIFIER=Intel64 Family 6 Model 78 Stepping 3, GenuineIntel



---------------  S Y S T E M  ---------------

OS: Windows 10.0 , 64 bit Build 17134 (10.0.17134.1)

CPU:total 4 (initial active 4) (2 cores per cpu, 2 threads per core) family 6 model 78 stepping 3, cmov, cx8, fxsr, mmx, sse, sse2, sse3, ssse3, sse4.1, sse4.2, popcnt, avx, avx2, aes, clmul, erms, 3dnowpref, lzcnt, ht, tsc, tscinvbit, bmi1, bmi2, adx

Memory: 4k page, physical 8248932k(839956k free), swap 8248932k(4704k free)

vm_info: OpenJDK 64-Bit Server VM (25.152-b02) for windows-amd64 JRE (1.8.0_152-release-1024-b02), built by "builder" with MS VC++ 10.0 (VS2010)

time: Mon Dec 10 23:13:17 2018
elapsed time: 269 seconds (0d 0h 4m 29s)

