#
# There is insufficient memory for the Java Runtime Environment to continue.
# Native memory allocation (malloc) failed to allocate 1236656 bytes for Chunk::new
# Possible reasons:
#   The system is out of physical RAM or swap space
#   In 32 bit mode, the process size limit was hit
# Possible solutions:
#   Reduce memory load on the system
#   Increase physical memory or swap space
#   Check if swap backing store is full
#   Use 64 bit Java on a 64 bit OS
#   Decrease Java heap size (-Xmx/-Xms)
#   Decrease number of Java threads
#   Decrease Java thread stack sizes (-Xss)
#   Set larger code cache with -XX:ReservedCodeCacheSize=
# This output file may be truncated or incomplete.
#
#  Out of Memory Error (allocation.cpp:390), pid=4060, tid=0x0000000000001be8
#
# JRE version: OpenJDK Runtime Environment (8.0_152-b02) (build 1.8.0_152-release-1024-b02)
# Java VM: OpenJDK 64-Bit Server VM (25.152-b02 mixed mode windows-amd64 compressed oops)
# Failed to write core dump. Minidumps are not enabled by default on client versions of Windows
#

---------------  T H R E A D  ---------------

Current thread (0x00000000162b9800):  JavaThread "C2 CompilerThread0" daemon [_thread_in_native, id=7144, stack(0x0000000017c50000,0x0000000017d50000)]

Stack: [0x0000000017c50000,0x0000000017d50000]
[error occurred during error reporting (printing stack bounds), id 0xc0000005]

Native frames: (J=compiled Java code, j=interpreted, Vv=VM code, C=native code)


Current CompileTask:
C2:7737838 17682       4       com.android.tools.r8.ir.regalloc.LinearScanRegisterAllocator::allocateSingleInterval (807 bytes)


---------------  P R O C E S S  ---------------

Java Threads: ( => current thread )
  0x000000001ceb7000 JavaThread "ForkJoinPool.commonPool-worker-9" daemon [_thread_in_native, id=13944, stack(0x000000002fac0000,0x000000002fbc0000)]
  0x000000001ceb1800 JavaThread "ForkJoinPool.commonPool-worker-4" daemon [_thread_blocked, id=17824, stack(0x000000002f9c0000,0x000000002fac0000)]
  0x000000001ceb4000 JavaThread "ForkJoinPool.commonPool-worker-7" daemon [_thread_blocked, id=19544, stack(0x000000002f8c0000,0x000000002f9c0000)]
  0x000000001ceb3000 JavaThread "ForkJoinPool.commonPool-worker-5" daemon [_thread_in_native, id=18628, stack(0x000000002f7c0000,0x000000002f8c0000)]
  0x000000001ceb2800 JavaThread "ForkJoinPool.commonPool-worker-6" daemon [_thread_in_native, id=20916, stack(0x000000002f6c0000,0x000000002f7c0000)]
  0x000000001ae25800 JavaThread "ForkJoinPool.commonPool-worker-3" daemon [_thread_blocked, id=5200, stack(0x000000002f5c0000,0x000000002f6c0000)]
  0x000000001ae2a000 JavaThread "ForkJoinPool.commonPool-worker-2" daemon [_thread_in_native, id=19792, stack(0x000000002f4c0000,0x000000002f5c0000)]
  0x000000001ae29800 JavaThread "ForkJoinPool.commonPool-worker-1" daemon [_thread_in_native, id=11032, stack(0x000000002f3c0000,0x000000002f4c0000)]
  0x000000001ae28800 JavaThread "ForkJoinPool.commonPool-worker-0" daemon [_thread_blocked, id=19416, stack(0x000000002f2c0000,0x000000002f3c0000)]
  0x000000001ae27000 JavaThread "Cache worker for Java compile cache (C:\MyCloset\.gradle\4.4\javaCompile)" [_thread_blocked, id=1440, stack(0x000000002f1c0000,0x000000002f2c0000)]
  0x000000001ae21000 JavaThread "RMI TCP Connection(4)-127.0.0.1" daemon [_thread_in_native, id=13456, stack(0x000000002f0c0000,0x000000002f1c0000)]
  0x000000001ae24000 JavaThread "Task worker for ':' Thread 3" [_thread_blocked, id=13148, stack(0x000000002edc0000,0x000000002eec0000)]
  0x000000001ae26800 JavaThread "Task worker for ':' Thread 2" [_thread_blocked, id=13144, stack(0x000000002ecc0000,0x000000002edc0000)]
  0x000000001ae25000 JavaThread "Task worker for ':'" [_thread_blocked, id=13140, stack(0x000000002ebc0000,0x000000002ecc0000)]
  0x000000001ae1e000 JavaThread "Cache worker for Build Output Cleanup Cache (C:\MyCloset\.gradle\buildOutputCleanup)" [_thread_blocked, id=13136, stack(0x000000002eac0000,0x000000002ebc0000)]
  0x000000001c610000 JavaThread "Cache worker for task history cache (C:\MyCloset\.gradle\4.4\taskHistory)" [_thread_blocked, id=13132, stack(0x000000002e9c0000,0x000000002eac0000)]
  0x000000001c60f000 JavaThread "Cache worker for file content cache (C:\MyCloset\.gradle\4.4\fileContent)" [_thread_blocked, id=13128, stack(0x000000002e8c0000,0x000000002e9c0000)]
  0x000000001c60d800 JavaThread "build operations Thread 4" [_thread_blocked, id=13120, stack(0x000000002e7c0000,0x000000002e8c0000)]
  0x000000001c60a800 JavaThread "build operations Thread 3" [_thread_blocked, id=13116, stack(0x000000002e6c0000,0x000000002e7c0000)]
  0x000000001c60d000 JavaThread "build operations Thread 2" [_thread_blocked, id=13112, stack(0x000000002e5c0000,0x000000002e6c0000)]
  0x000000001c603000 JavaThread "build operations" [_thread_blocked, id=13108, stack(0x000000002e4c0000,0x000000002e5c0000)]
  0x000000001c60a000 JavaThread "Cache worker for Artifact transforms cache (C:\Users\kjina\.gradle\caches\transforms-1)" [_thread_blocked, id=13104, stack(0x000000002e3c0000,0x000000002e4c0000)]
  0x000000001c606000 JavaThread "Cache worker for file hash cache (C:\MyCloset\.gradle\4.4\fileHashes)" [_thread_blocked, id=13100, stack(0x000000002e2c0000,0x000000002e3c0000)]
  0x000000001c609000 JavaThread "Stdin handler" [_thread_blocked, id=13096, stack(0x000000002e1c0000,0x000000002e2c0000)]
  0x000000001c602800 JavaThread "Asynchronous log dispatcher for DefaultDaemonConnection: socket connection from /127.0.0.1:59605 to /127.0.0.1:60095" [_thread_blocked, id=13092, stack(0x000000002e0c0000,0x000000002e1c0000)]
  0x000000001c604800 JavaThread "Cancel handler" [_thread_blocked, id=13080, stack(0x000000002dfc0000,0x000000002e0c0000)]
  0x000000001c608800 JavaThread "Handler for socket connection from /127.0.0.1:59605 to /127.0.0.1:60095" [_thread_in_native, id=13076, stack(0x000000002dec0000,0x000000002dfc0000)]
  0x000000001c611800 JavaThread "RMI RenewClean-[localhost:17150,org.jetbrains.kotlin.daemon.common.LoopbackNetworkInterface$ClientLoopbackSocketFactory@6cbdd4cc]" daemon [_thread_blocked, id=2620, stack(0x000000002dbc0000,0x000000002dcc0000)]
  0x000000001c60b800 JavaThread "RMI RenewClean-[localhost:17628,org.jetbrains.kotlin.daemon.common.LoopbackNetworkInterface$ClientLoopbackSocketFactory@19ee85c9]" daemon [_thread_blocked, id=14760, stack(0x000000002d7c0000,0x000000002d8c0000)]
  0x0000000018830000 JavaThread "RMI Reaper" [_thread_blocked, id=6376, stack(0x000000002d5c0000,0x000000002d6c0000)]
  0x000000001882f000 JavaThread "RMI TCP Accept-0" daemon [_thread_in_native, id=16756, stack(0x000000002d4c0000,0x000000002d5c0000)]
  0x000000001882c000 JavaThread "GC Daemon" daemon [_thread_blocked, id=15932, stack(0x000000002d3c0000,0x000000002d4c0000)]
  0x0000000018830800 JavaThread "RMI RenewClean-[localhost:17628,org.jetbrains.kotlin.daemon.common.LoopbackNetworkInterface$ClientLoopbackSocketFactory@6dd0657f]" daemon [_thread_blocked, id=15100, stack(0x000000002d2c0000,0x000000002d3c0000)]
  0x000000001882d800 JavaThread "RMI Scheduler(0)" daemon [_thread_blocked, id=2532, stack(0x000000002d1c0000,0x000000002d2c0000)]
  0x000000001ae23800 JavaThread "Daemon worker Thread 3" [_thread_blocked, id=8168, stack(0x000000002a7c0000,0x000000002a8c0000)]
  0x000000001ae22800 JavaThread "Daemon Thread 3" [_thread_blocked, id=18356, stack(0x000000002a4c0000,0x000000002a5c0000)]
  0x000000001ae22000 JavaThread "Memory manager" [_thread_blocked, id=18924, stack(0x00000000204c0000,0x00000000205c0000)]
  0x000000001aef6000 JavaThread "File lock request listener" [_thread_in_native, id=2700, stack(0x000000001b8d0000,0x000000001b9d0000)]
  0x0000000018f45800 JavaThread "Cache worker for file hash cache (C:\Users\kjina\.gradle\caches\4.4\fileHashes)" [_thread_blocked, id=13928, stack(0x000000001b7d0000,0x000000001b8d0000)]
  0x0000000018da2000 JavaThread "Daemon periodic checks" [_thread_blocked, id=13548, stack(0x0000000019d00000,0x0000000019e00000)]
  0x0000000019026800 JavaThread "Incoming local TCP Connector on port 59605" [_thread_in_native, id=12904, stack(0x0000000019b20000,0x0000000019c20000)]
  0x000000001766a800 JavaThread "Service Thread" daemon [_thread_blocked, id=828, stack(0x0000000017f50000,0x0000000018050000)]
  0x0000000017662800 JavaThread "C1 CompilerThread2" daemon [_thread_blocked, id=12920, stack(0x0000000017e50000,0x0000000017f50000)]
  0x00000000162bd800 JavaThread "C2 CompilerThread1" daemon [_thread_in_native, id=18580, stack(0x0000000017d50000,0x0000000017e50000)]
=>0x00000000162b9800 JavaThread "C2 CompilerThread0" daemon [_thread_in_native, id=7144, stack(0x0000000017c50000,0x0000000017d50000)]
  0x000000001626d800 JavaThread "Attach Listener" daemon [_thread_blocked, id=19752, stack(0x0000000017b50000,0x0000000017c50000)]
  0x0000000017658800 JavaThread "Signal Dispatcher" daemon [_thread_blocked, id=884, stack(0x0000000017a50000,0x0000000017b50000)]
  0x000000001624e000 JavaThread "Finalizer" daemon [_thread_blocked, id=6356, stack(0x00000000174c0000,0x00000000175c0000)]
  0x00000000028e2800 JavaThread "Reference Handler" daemon [_thread_blocked, id=9080, stack(0x00000000173c0000,0x00000000174c0000)]
  0x00000000027ee800 JavaThread "main" [_thread_blocked, id=20964, stack(0x00000000026c0000,0x00000000027c0000)]

Other Threads:
  0x0000000016224800 VMThread [stack: 0x00000000172c0000,0x00000000173c0000] [id=12856]
  0x000000001766b000 WatcherThread [stack: 0x0000000018050000,0x0000000018150000] [id=4844]

VM state:not at safepoint (normal execution)

VM Mutex/Monitor currently owned by a thread: None

Heap:
 PSYoungGen      total 270336K, used 220124K [0x00000000e0000000, 0x00000000f2a00000, 0x0000000100000000)
  eden space 263168K, 80% used [0x00000000e0000000,0x00000000ecffeb58,0x00000000f0100000)
  from space 7168K, 99% used [0x00000000f0100000,0x00000000f07f8530,0x00000000f0800000)
  to   space 20992K, 0% used [0x00000000f1580000,0x00000000f1580000,0x00000000f2a00000)
 ParOldGen       total 144896K, used 58041K [0x00000000a0000000, 0x00000000a8d80000, 0x00000000e0000000)
  object space 144896K, 40% used [0x00000000a0000000,0x00000000a38ae650,0x00000000a8d80000)
 Metaspace       used 89079K, capacity 92761K, committed 93184K, reserved 1130496K
  class space    used 11409K, capacity 12134K, committed 12288K, reserved 1048576K

Card table byte_map: [0x0000000011cb0000,0x0000000011fc0000] byte_map_base: 0x00000000117b0000

Marking Bits: (ParMarkBitMap*) 0x0000000054b64970
 Begin Bits: [0x00000000125c0000, 0x0000000013dc0000)
 End Bits:   [0x0000000013dc0000, 0x00000000155c0000)

Polling page: 0x00000000001f0000

CodeCache: size=245760Kb used=48338Kb max_used=48338Kb free=197421Kb
 bounds [0x00000000028f0000, 0x0000000005860000, 0x00000000118f0000]
 total_blobs=15509 nmethods=14640 adapters=781
 compilation: enabled

Compilation events (10 events):
Event: 7735.339 Thread 0x0000000017662800 17875       1       com.android.tools.r8.graph.DexApplication::getProguardMap (5 bytes)
Event: 7735.340 Thread 0x0000000017662800 nmethod 17875 0x0000000005859e10 code [0x0000000005859f60, 0x000000000585a070]
Event: 7735.340 Thread 0x0000000017662800 17876       2       sun.security.provider.SHA::implDigest (96 bytes)
Event: 7735.340 Thread 0x0000000017662800 nmethod 17876 0x000000000585a0d0 code [0x000000000585a260, 0x000000000585a508]
Event: 7735.340 Thread 0x0000000017662800 17877       2       com.android.tools.r8.dex.DexOutputBuffer::moveTo (23 bytes)
Event: 7735.341 Thread 0x0000000017662800 nmethod 17877 0x000000000585a650 code [0x000000000585a7c0, 0x000000000585a978]
Event: 7735.349 Thread 0x0000000017662800 17878       1       com.android.tools.r8.code.ReturnVoid::getOpcode (3 bytes)
Event: 7735.349 Thread 0x0000000017662800 nmethod 17878 0x000000000585aa90 code [0x000000000585abe0, 0x000000000585acf0]
Event: 7735.350 Thread 0x0000000017662800 17879       2       com.android.tools.r8.dex.FileWriter::sizeOfCodeItem (256 bytes)
Event: 7735.351 Thread 0x0000000017662800 nmethod 17879 0x000000000585ad50 code [0x000000000585af40, 0x000000000585b5e8]

GC Heap History (10 events):
Event: 7559.749 GC heap before
{Heap before GC invocations=21 (full 3):
 PSYoungGen      total 246784K, used 230000K [0x00000000e0000000, 0x00000000f3300000, 0x0000000100000000)
  eden space 224256K, 100% used [0x00000000e0000000,0x00000000edb00000,0x00000000edb00000)
  from space 22528K, 25% used [0x00000000edb00000,0x00000000ee09c138,0x00000000ef100000)
  to   space 22528K, 0% used [0x00000000f1d00000,0x00000000f1d00000,0x00000000f3300000)
 ParOldGen       total 144896K, used 55566K [0x00000000a0000000, 0x00000000a8d80000, 0x00000000e0000000)
  object space 144896K, 38% used [0x00000000a0000000,0x00000000a3643980,0x00000000a8d80000)
 Metaspace       used 71974K, capacity 75171K, committed 75264K, reserved 1114112K
  class space    used 9478K, capacity 10200K, committed 10240K, reserved 1048576K
Event: 7559.769 GC heap after
Heap after GC invocations=21 (full 3):
 PSYoungGen      total 277504K, used 8896K [0x00000000e0000000, 0x00000000f2b00000, 0x0000000100000000)
  eden space 263168K, 0% used [0x00000000e0000000,0x00000000e0000000,0x00000000f0100000)
  from space 14336K, 62% used [0x00000000f1d00000,0x00000000f25b02a0,0x00000000f2b00000)
  to   space 21504K, 0% used [0x00000000f0100000,0x00000000f0100000,0x00000000f1600000)
 ParOldGen       total 144896K, used 56100K [0x00000000a0000000, 0x00000000a8d80000, 0x00000000e0000000)
  object space 144896K, 38% used [0x00000000a0000000,0x00000000a36c91e0,0x00000000a8d80000)
 Metaspace       used 71974K, capacity 75171K, committed 75264K, reserved 1114112K
  class space    used 9478K, capacity 10200K, committed 10240K, reserved 1048576K
}
Event: 7571.526 GC heap before
{Heap before GC invocations=22 (full 3):
 PSYoungGen      total 277504K, used 98938K [0x00000000e0000000, 0x00000000f2b00000, 0x0000000100000000)
  eden space 263168K, 34% used [0x00000000e0000000,0x00000000e57ee6f0,0x00000000f0100000)
  from space 14336K, 62% used [0x00000000f1d00000,0x00000000f25b02a0,0x00000000f2b00000)
  to   space 21504K, 0% used [0x00000000f0100000,0x00000000f0100000,0x00000000f1600000)
 ParOldGen       total 144896K, used 56100K [0x00000000a0000000, 0x00000000a8d80000, 0x00000000e0000000)
  object space 144896K, 38% used [0x00000000a0000000,0x00000000a36c91e0,0x00000000a8d80000)
 Metaspace       used 73412K, capacity 76533K, committed 76800K, reserved 1116160K
  class space    used 9697K, capacity 10431K, committed 10496K, reserved 1048576K
Event: 7571.536 GC heap after
Heap after GC invocations=22 (full 3):
 PSYoungGen      total 270336K, used 6821K [0x00000000e0000000, 0x00000000f2a00000, 0x0000000100000000)
  eden space 263168K, 0% used [0x00000000e0000000,0x00000000e0000000,0x00000000f0100000)
  from space 7168K, 95% used [0x00000000f0100000,0x00000000f07a95b0,0x00000000f0800000)
  to   space 20992K, 0% used [0x00000000f1580000,0x00000000f1580000,0x00000000f2a00000)
 ParOldGen       total 144896K, used 56108K [0x00000000a0000000, 0x00000000a8d80000, 0x00000000e0000000)
  object space 144896K, 38% used [0x00000000a0000000,0x00000000a36cb1e0,0x00000000a8d80000)
 Metaspace       used 73412K, capacity 76533K, committed 76800K, reserved 1116160K
  class space    used 9697K, capacity 10431K, committed 10496K, reserved 1048576K
}
Event: 7571.536 GC heap before
{Heap before GC invocations=23 (full 4):
 PSYoungGen      total 270336K, used 6821K [0x00000000e0000000, 0x00000000f2a00000, 0x0000000100000000)
  eden space 263168K, 0% used [0x00000000e0000000,0x00000000e0000000,0x00000000f0100000)
  from space 7168K, 95% used [0x00000000f0100000,0x00000000f07a95b0,0x00000000f0800000)
  to   space 20992K, 0% used [0x00000000f1580000,0x00000000f1580000,0x00000000f2a00000)
 ParOldGen       total 144896K, used 56108K [0x00000000a0000000, 0x00000000a8d80000, 0x00000000e0000000)
  object space 144896K, 38% used [0x00000000a0000000,0x00000000a36cb1e0,0x00000000a8d80000)
 Metaspace       used 73412K, capacity 76533K, committed 76800K, reserved 1116160K
  class space    used 9697K, capacity 10431K, committed 10496K, reserved 1048576K
Event: 7571.915 GC heap after
Heap after GC invocations=23 (full 4):
 PSYoungGen      total 270336K, used 0K [0x00000000e0000000, 0x00000000f2a00000, 0x0000000100000000)
  eden space 263168K, 0% used [0x00000000e0000000,0x00000000e0000000,0x00000000f0100000)
  from space 7168K, 0% used [0x00000000f0100000,0x00000000f0100000,0x00000000f0800000)
  to   space 20992K, 0% used [0x00000000f1580000,0x00000000f1580000,0x00000000f2a00000)
 ParOldGen       total 144896K, used 37742K [0x00000000a0000000, 0x00000000a8d80000, 0x00000000e0000000)
  object space 144896K, 26% used [0x00000000a0000000,0x00000000a24dba20,0x00000000a8d80000)
 Metaspace       used 71607K, capacity 73963K, committed 76800K, reserved 1116160K
  class space    used 9331K, capacity 9882K, committed 10496K, reserved 1048576K
}
Event: 7727.016 GC heap before
{Heap before GC invocations=24 (full 4):
 PSYoungGen      total 270336K, used 262349K [0x00000000e0000000, 0x00000000f2a00000, 0x0000000100000000)
  eden space 263168K, 99% used [0x00000000e0000000,0x00000000f00335d0,0x00000000f0100000)
  from space 7168K, 0% used [0x00000000f0100000,0x00000000f0100000,0x00000000f0800000)
  to   space 20992K, 0% used [0x00000000f1580000,0x00000000f1580000,0x00000000f2a00000)
 ParOldGen       total 144896K, used 37742K [0x00000000a0000000, 0x00000000a8d80000, 0x00000000e0000000)
  object space 144896K, 26% used [0x00000000a0000000,0x00000000a24dba20,0x00000000a8d80000)
 Metaspace       used 79171K, capacity 82107K, committed 83072K, reserved 1122304K
  class space    used 10255K, capacity 10893K, committed 11136K, reserved 1048576K
Event: 7727.065 GC heap after
Heap after GC invocations=24 (full 4):
 PSYoungGen      total 284160K, used 20983K [0x00000000e0000000, 0x00000000f2a00000, 0x0000000100000000)
  eden space 263168K, 0% used [0x00000000e0000000,0x00000000e0000000,0x00000000f0100000)
  from space 20992K, 99% used [0x00000000f1580000,0x00000000f29fdd50,0x00000000f2a00000)
  to   space 7168K, 0% used [0x00000000f0100000,0x00000000f0100000,0x00000000f0800000)
 ParOldGen       total 144896K, used 42632K [0x00000000a0000000, 0x00000000a8d80000, 0x00000000e0000000)
  object space 144896K, 29% used [0x00000000a0000000,0x00000000a29a2198,0x00000000a8d80000)
 Metaspace       used 79171K, capacity 82107K, committed 83072K, reserved 1122304K
  class space    used 10255K, capacity 10893K, committed 11136K, reserved 1048576K
}
Event: 7729.301 GC heap before
{Heap before GC invocations=25 (full 4):
 PSYoungGen      total 284160K, used 284151K [0x00000000e0000000, 0x00000000f2a00000, 0x0000000100000000)
  eden space 263168K, 100% used [0x00000000e0000000,0x00000000f0100000,0x00000000f0100000)
  from space 20992K, 99% used [0x00000000f1580000,0x00000000f29fdd50,0x00000000f2a00000)
  to   space 7168K, 0% used [0x00000000f0100000,0x00000000f0100000,0x00000000f0800000)
 ParOldGen       total 144896K, used 42632K [0x00000000a0000000, 0x00000000a8d80000, 0x00000000e0000000)
  object space 144896K, 29% used [0x00000000a0000000,0x00000000a29a2198,0x00000000a8d80000)
 Metaspace       used 80769K, capacity 83789K, committed 84736K, reserved 1122304K
  class space    used 10435K, capacity 11092K, committed 11264K, reserved 1048576K
Event: 7729.338 GC heap after
Heap after GC invocations=25 (full 4):
 PSYoungGen      total 270336K, used 7137K [0x00000000e0000000, 0x00000000f2a00000, 0x0000000100000000)
  eden space 263168K, 0% used [0x00000000e0000000,0x00000000e0000000,0x00000000f0100000)
  from space 7168K, 99% used [0x00000000f0100000,0x00000000f07f8530,0x00000000f0800000)
  to   space 20992K, 0% used [0x00000000f1580000,0x00000000f1580000,0x00000000f2a00000)
 ParOldGen       total 144896K, used 58041K [0x00000000a0000000, 0x00000000a8d80000, 0x00000000e0000000)
  object space 144896K, 40% used [0x00000000a0000000,0x00000000a38ae650,0x00000000a8d80000)
 Metaspace       used 80769K, capacity 83789K, committed 84736K, reserved 1122304K
  class space    used 10435K, capacity 11092K, committed 11264K, reserved 1048576K
}

Deoptimization events (10 events):
Event: 7734.242 Thread 0x000000001ceb3000 Uncommon trap: reason=class_check action=maybe_recompile pc=0x0000000003c89a44 method=com.android.tools.r8.ir.code.CatchHandlers.size()I @ 39
Event: 7734.242 Thread 0x000000001ceb3000 Uncommon trap: reason=class_check action=maybe_recompile pc=0x0000000003c89a44 method=com.android.tools.r8.ir.code.CatchHandlers.size()I @ 39
Event: 7734.243 Thread 0x000000001ceb3000 Uncommon trap: reason=class_check action=maybe_recompile pc=0x0000000003c89a44 method=com.android.tools.r8.ir.code.CatchHandlers.size()I @ 39
Event: 7734.243 Thread 0x000000001ceb3000 Uncommon trap: reason=class_check action=maybe_recompile pc=0x0000000003c89a44 method=com.android.tools.r8.ir.code.CatchHandlers.size()I @ 39
Event: 7734.244 Thread 0x000000001ceb3000 Uncommon trap: reason=unstable_if action=reinterpret pc=0x00000000053565f4 method=com.android.tools.r8.ir.conversion.JarSourceCode.getDebugPositionAtOffset(I)Lcom/android/tools/r8/ir/code/Position; @ 65
Event: 7734.250 Thread 0x000000001ceb3000 Uncommon trap: reason=unstable_if action=reinterpret pc=0x0000000005464ba8 method=com.android.tools.r8.ir.code.BasicBlock.readOnThrowValue(ILcom/android/tools/r8/ir/code/BasicBlock$EdgeType;)Lcom/android/tools/r8/ir/code/Value; @ 4
Event: 7734.250 Thread 0x000000001ceb3000 Uncommon trap: reason=unstable_if action=reinterpret pc=0x00000000055b9a58 method=com.android.tools.r8.ir.code.BasicBlock.readOnThrowValue(ILcom/android/tools/r8/ir/code/BasicBlock$EdgeType;)Lcom/android/tools/r8/ir/code/Value; @ 4
Event: 7734.253 Thread 0x000000001ceb3000 Uncommon trap: reason=unstable_if action=reinterpret pc=0x00000000034c8c58 method=java.util.ArrayList.remove(Ljava/lang/Object;)Z @ 46
Event: 7734.264 Thread 0x000000001ceb3000 Uncommon trap: reason=unstable_if action=reinterpret pc=0x0000000005764f54 method=com.android.tools.r8.ir.regalloc.LinearScanRegisterAllocator.allocateSingleInterval(Lcom/android/tools/r8/ir/regalloc/LiveIntervals;Lcom/android/tools/r8/ir/regalloc/LinearS
Event: 7734.265 Thread 0x000000001ceb3000 Uncommon trap: reason=class_check action=maybe_recompile pc=0x00000000054ee5f4 method=com.android.tools.r8.ir.regalloc.LiveIntervals.getType()Lcom/android/tools/r8/ir/code/ValueType; @ 4

Classes redefined (0 events):
No events

Internal exceptions (10 events):
Event: 7735.283 Thread 0x000000001ceb3000 Exception <a 'sun/nio/fs/WindowsException'> (0x00000000eca04350) thrown at [D:\src\AOSP-openjdk-cygwin\jdk8u\hotspot\src\share\vm\prims\jni.cpp, line 709]
Event: 7735.291 Thread 0x000000001ceb2800 Exception <a 'sun/nio/fs/WindowsException'> (0x00000000ecc92da0) thrown at [D:\src\AOSP-openjdk-cygwin\jdk8u\hotspot\src\share\vm\prims\jni.cpp, line 709]
Event: 7735.296 Thread 0x000000001ceb7000 Exception <a 'sun/nio/fs/WindowsException'> (0x00000000eca43a60) thrown at [D:\src\AOSP-openjdk-cygwin\jdk8u\hotspot\src\share\vm\prims\jni.cpp, line 709]
Event: 7735.310 Thread 0x000000001ceb2800 Exception <a 'sun/nio/fs/WindowsException'> (0x00000000ecc9b278) thrown at [D:\src\AOSP-openjdk-cygwin\jdk8u\hotspot\src\share\vm\prims\jni.cpp, line 709]
Event: 7735.315 Thread 0x000000001ceb3000 Exception <a 'sun/nio/fs/WindowsException'> (0x00000000ece15f78) thrown at [D:\src\AOSP-openjdk-cygwin\jdk8u\hotspot\src\share\vm\prims\jni.cpp, line 709]
Event: 7735.317 Thread 0x000000001ae29800 Exception <a 'sun/nio/fs/WindowsException'> (0x00000000e8f00b58) thrown at [D:\src\AOSP-openjdk-cygwin\jdk8u\hotspot\src\share\vm\prims\jni.cpp, line 709]
Event: 7735.341 Thread 0x000000001ceb2800 Exception <a 'sun/nio/fs/WindowsException'> (0x00000000ecca0478) thrown at [D:\src\AOSP-openjdk-cygwin\jdk8u\hotspot\src\share\vm\prims\jni.cpp, line 709]
Event: 7735.350 Thread 0x000000001ceb3000 Exception <a 'sun/nio/fs/WindowsException'> (0x00000000ece1c8f8) thrown at [D:\src\AOSP-openjdk-cygwin\jdk8u\hotspot\src\share\vm\prims\jni.cpp, line 709]
Event: 7735.350 Thread 0x000000001ae2a000 Exception <a 'sun/nio/fs/WindowsException'> (0x00000000e826ab28) thrown at [D:\src\AOSP-openjdk-cygwin\jdk8u\hotspot\src\share\vm\prims\jni.cpp, line 709]
Event: 7735.353 Thread 0x000000001ceb7000 Exception <a 'sun/nio/fs/WindowsException'> (0x00000000ecf82f28) thrown at [D:\src\AOSP-openjdk-cygwin\jdk8u\hotspot\src\share\vm\prims\jni.cpp, line 709]

Events (10 events):
Event: 7735.101 Executing VM operation: RevokeBias
Event: 7735.102 Executing VM operation: RevokeBias done
Event: 7735.102 Executing VM operation: RevokeBias
Event: 7735.103 Executing VM operation: RevokeBias done
Event: 7735.103 Executing VM operation: RevokeBias
Event: 7735.103 Executing VM operation: RevokeBias done
Event: 7735.105 Executing VM operation: RevokeBias
Event: 7735.105 Executing VM operation: RevokeBias done
Event: 7735.227 Thread 0x000000001ceb3000 DEOPT PACKING pc=0x000000000574cb3a sp=0x000000002f8bef40
Event: 7735.227 Thread 0x000000001ceb3000 DEOPT UNPACKING pc=0x00000000029375d0 sp=0x000000002f8bec80 mode 0


Dynamic libraries:
0x00007ff6fc970000 - 0x00007ff6fc9a1000 	C:\Program Files\Android\Android Studio\jre\bin\java.exe
0x00007ff87e3e0000 - 0x00007ff87e5c1000 	C:\WINDOWS\SYSTEM32\ntdll.dll
0x00007ff87da30000 - 0x00007ff87dae2000 	C:\WINDOWS\System32\KERNEL32.DLL
0x00007ff87a8c0000 - 0x00007ff87ab33000 	C:\WINDOWS\System32\KERNELBASE.dll
0x00007ff87be70000 - 0x00007ff87bf11000 	C:\WINDOWS\System32\ADVAPI32.dll
0x00007ff87db60000 - 0x00007ff87dbfe000 	C:\WINDOWS\System32\msvcrt.dll
0x00007ff87d690000 - 0x00007ff87d6eb000 	C:\WINDOWS\System32\sechost.dll
0x00007ff87d390000 - 0x00007ff87d4b4000 	C:\WINDOWS\System32\RPCRT4.dll
0x00007ff87d6f0000 - 0x00007ff87d880000 	C:\WINDOWS\System32\USER32.dll
0x00007ff87adb0000 - 0x00007ff87add0000 	C:\WINDOWS\System32\win32u.dll
0x00007ff87ba10000 - 0x00007ff87ba38000 	C:\WINDOWS\System32\GDI32.dll
0x00007ff87b6d0000 - 0x00007ff87b862000 	C:\WINDOWS\System32\gdi32full.dll
0x00007ff87ad10000 - 0x00007ff87adaf000 	C:\WINDOWS\System32\msvcp_win.dll
0x00007ff87ac10000 - 0x00007ff87ad0a000 	C:\WINDOWS\System32\ucrtbase.dll
0x00007ff863560000 - 0x00007ff8637c9000 	C:\WINDOWS\WinSxS\amd64_microsoft.windows.common-controls_6595b64144ccf1df_6.0.17134.407_none_fb449d63306391e9\COMCTL32.dll
0x00007ff87bb30000 - 0x00007ff87be52000 	C:\WINDOWS\System32\combase.dll
0x00007ff87ab90000 - 0x00007ff87ac0a000 	C:\WINDOWS\System32\bcryptPrimitives.dll
0x00007ff87e380000 - 0x00007ff87e3ad000 	C:\WINDOWS\System32\IMM32.DLL
0x0000000055100000 - 0x00000000551d2000 	C:\Program Files\Android\Android Studio\jre\jre\bin\msvcr100.dll
0x00000000543a0000 - 0x0000000054bdf000 	C:\Program Files\Android\Android Studio\jre\jre\bin\server\jvm.dll
0x00007ff87d4c0000 - 0x00007ff87d4c8000 	C:\WINDOWS\System32\PSAPI.DLL
0x00007ff86cfe0000 - 0x00007ff86cfea000 	C:\WINDOWS\SYSTEM32\VERSION.dll
0x00007ff8772a0000 - 0x00007ff8772c3000 	C:\WINDOWS\SYSTEM32\WINMM.dll
0x00007ff877270000 - 0x00007ff87729a000 	C:\WINDOWS\SYSTEM32\WINMMBASE.dll
0x00007ff87ab40000 - 0x00007ff87ab89000 	C:\WINDOWS\System32\cfgmgr32.dll
0x00007ff8634f0000 - 0x00007ff8634f9000 	C:\WINDOWS\SYSTEM32\WSOCK32.dll
0x00007ff87daf0000 - 0x00007ff87db5c000 	C:\WINDOWS\System32\WS2_32.dll
0x00007ff8770f0000 - 0x00007ff8770ff000 	C:\Program Files\Android\Android Studio\jre\jre\bin\verify.dll
0x00007ff877030000 - 0x00007ff877059000 	C:\Program Files\Android\Android Studio\jre\jre\bin\java.dll
0x00007ff8756d0000 - 0x00007ff8756e6000 	C:\Program Files\Android\Android Studio\jre\jre\bin\zip.dll
0x00007ff87bf50000 - 0x00007ff87d38f000 	C:\WINDOWS\System32\SHELL32.dll
0x00007ff87d980000 - 0x00007ff87da29000 	C:\WINDOWS\System32\shcore.dll
0x00007ff87afc0000 - 0x00007ff87b6cd000 	C:\WINDOWS\System32\windows.storage.dll
0x00007ff87ded0000 - 0x00007ff87df21000 	C:\WINDOWS\System32\shlwapi.dll
0x00007ff87a790000 - 0x00007ff87a7a1000 	C:\WINDOWS\System32\kernel.appcore.dll
0x00007ff87a700000 - 0x00007ff87a71f000 	C:\WINDOWS\System32\profapi.dll
0x00007ff87a720000 - 0x00007ff87a76c000 	C:\WINDOWS\System32\powrprof.dll
0x00007ff87a6f0000 - 0x00007ff87a6fa000 	C:\WINDOWS\System32\FLTLIB.DLL
0x00007ff86f450000 - 0x00007ff86f46a000 	C:\Program Files\Android\Android Studio\jre\jre\bin\net.dll
0x00007ff879f10000 - 0x00007ff879f76000 	C:\WINDOWS\system32\mswsock.dll
0x00007ff86f410000 - 0x00007ff86f421000 	C:\Program Files\Android\Android Studio\jre\jre\bin\nio.dll
0x00007ff8770c0000 - 0x00007ff8770de000 	C:\Users\kjina\.gradle\native\25\windows-amd64\native-platform.dll
0x00007ff877080000 - 0x00007ff87708d000 	C:\Program Files\Android\Android Studio\jre\jre\bin\management.dll
0x00007ff87a0c0000 - 0x00007ff87a0d7000 	C:\WINDOWS\SYSTEM32\CRYPTSP.dll
0x00007ff879af0000 - 0x00007ff879b23000 	C:\WINDOWS\system32\rsaenh.dll
0x00007ff87a1f0000 - 0x00007ff87a215000 	C:\WINDOWS\SYSTEM32\bcrypt.dll
0x00007ff87a620000 - 0x00007ff87a648000 	C:\WINDOWS\SYSTEM32\USERENV.dll
0x00007ff87a0e0000 - 0x00007ff87a0eb000 	C:\WINDOWS\SYSTEM32\CRYPTBASE.dll
0x00007ff879c90000 - 0x00007ff879cc8000 	C:\WINDOWS\SYSTEM32\IPHLPAPI.DLL
0x00007ff87be60000 - 0x00007ff87be68000 	C:\WINDOWS\System32\NSI.dll
0x00007ff870c90000 - 0x00007ff870ca6000 	C:\WINDOWS\SYSTEM32\dhcpcsvc6.DLL
0x00007ff8711b0000 - 0x00007ff8711ca000 	C:\WINDOWS\SYSTEM32\dhcpcsvc.DLL
0x00007ff86f3f0000 - 0x00007ff86f40e000 	C:\Users\kjina\AppData\Local\Temp\native-platform6483318219374636334dir\native-platform.dll

VM Arguments:
jvm_args: -Xmx1536m -Dfile.encoding=x-windows-949 -Duser.country=KR -Duser.language=ko -Duser.variant 
java_command: org.gradle.launcher.daemon.bootstrap.GradleDaemon 4.4
java_class_path (initial): C:\Users\kjina\.gradle\wrapper\dists\gradle-4.4-all\9br9xq1tocpiv8o6njlyu5op1\gradle-4.4\lib\gradle-launcher-4.4.jar
Launcher Type: SUN_STANDARD

Environment Variables:
PATH=C:\ProgramData\Oracle\Java\javapath;C:\Python27\;C:\Python27\Scripts;C:\Program Files (x86)\Intel\iCLS Client\;C:\Program Files\Intel\iCLS Client\;C:\WINDOWS\system32;C:\WINDOWS;C:\WINDOWS\System32\Wbem;C:\WINDOWS\System32\WindowsPowerShell\v1.0\;C:\Program Files (x86)\Intel\Intel(R) Management Engine Components\DAL;C:\Program Files\Intel\Intel(R) Management Engine Components\DAL;C:\Program Files (x86)\Intel\Intel(R) Management Engine Components\IPT;C:\Program Files\Intel\Intel(R) Management Engine Components\IPT;C:\WINDOWS\system32\config\systemprofile\.dnx\bin;C:\Program Files\Microsoft DNX\Dnvm\;C:\Program Files (x86)\Windows Kits\8.1\Windows Performance Toolkit\;C:\Program Files (x86)\GtkSharp\2.12\bin;C:\ Python27\Lib\site-packages;C:\Program Files\Intel\WiFi\bin\;C:\Program Files\Common Files\Intel\WirelessCommon\;C:\WINDOWS\System32\OpenSSH\;C:\Program Files\MySQL\MySQL Server 8.0\bin;C:\Program Files\nodejs\;C:\Program Files (x86)\PuTTY\;C:\Program Files\Git\cmd;C:\Users\kjina\Anaconda2;C:\Users\kjina\Anaconda2\Scripts;C:\Users\kjina\Anaconda2\Library\bin;C:\Modeltech_pe_edu_10.4a\win32pe_edu;C:\Users\kjina\AppData\Local\Microsoft\WindowsApps;C:\Users\kjina\AppData\Local\GitHubDesktop\bin;C:\Users\kjina\AppData\Roaming\npm
USERNAME=kjina
OS=Windows_NT
PROCESSOR_IDENTIFIER=Intel64 Family 6 Model 78 Stepping 3, GenuineIntel



---------------  S Y S T E M  ---------------

OS: Windows 10.0 , 64 bit Build 17134 (10.0.17134.1)

CPU:total 4 (initial active 4) (2 cores per cpu, 2 threads per core) family 6 model 78 stepping 3, cmov, cx8, fxsr, mmx, sse, sse2, sse3, ssse3, sse4.1, sse4.2, popcnt, avx, avx2, aes, clmul, erms, 3dnowpref, lzcnt, ht, tsc, tscinvbit, bmi1, bmi2, adx

Memory: 4k page, physical 8248932k(901708k free), swap 8248932k(6036k free)

vm_info: OpenJDK 64-Bit Server VM (25.152-b02) for windows-amd64 JRE (1.8.0_152-release-1024-b02), built by "builder" with MS VC++ 10.0 (VS2010)

time: Mon Dec 10 23:00:58 2018
elapsed time: 7735 seconds (0d 2h 8m 55s)

