#
# There is insufficient memory for the Java Runtime Environment to continue.
# Native memory allocation (malloc) failed to allocate 516816 bytes for Chunk::new
# Possible reasons:
#   The system is out of physical RAM or swap space
#   In 32 bit mode, the process size limit was hit
# Possible solutions:
#   Reduce memory load on the system
#   Increase physical memory or swap space
#   Check if swap backing store is full
#   Use 64 bit Java on a 64 bit OS
#   Decrease Java heap size (-Xmx/-Xms)
#   Decrease number of Java threads
#   Decrease Java thread stack sizes (-Xss)
#   Set larger code cache with -XX:ReservedCodeCacheSize=
# This output file may be truncated or incomplete.
#
#  Out of Memory Error (allocation.cpp:390), pid=19040, tid=0x00000000000044a8
#
# JRE version: OpenJDK Runtime Environment (8.0_152-b02) (build 1.8.0_152-release-1024-b02)
# Java VM: OpenJDK 64-Bit Server VM (25.152-b02 mixed mode windows-amd64 compressed oops)
# Failed to write core dump. Minidumps are not enabled by default on client versions of Windows
#

---------------  T H R E A D  ---------------

Current thread (0x0000000017a3a000):  JavaThread "C2 CompilerThread1" daemon [_thread_in_native, id=17576, stack(0x0000000018130000,0x0000000018230000)]

Stack: [0x0000000018130000,0x0000000018230000]
[error occurred during error reporting (printing stack bounds), id 0xc0000005]

Native frames: (J=compiled Java code, j=interpreted, Vv=VM code, C=native code)


Current CompileTask:
C2: 261784 11360       4       org.jetbrains.kotlin.load.kotlin.TypeSignatureMappingKt::mapBuiltInType (349 bytes)


---------------  P R O C E S S  ---------------

Java Threads: ( => current thread )
  0x000000001b70b800 JavaThread "RMI RenewClean-[localhost:60698,org.jetbrains.kotlin.daemon.common.LoopbackNetworkInterface$ClientLoopbackSocketFactory@5d63601a]" daemon [_thread_blocked, id=12772, stack(0x00000000213e0000,0x00000000214e0000)]
  0x000000001b70b000 JavaThread "RMI TCP Connection(10)-127.0.0.1" daemon [_thread_in_native, id=884, stack(0x00000000212e0000,0x00000000213e0000)]
  0x000000001b704000 JavaThread "RMI TCP Connection(9)-127.0.0.1" daemon [_thread_in_native, id=17660, stack(0x00000000211e0000,0x00000000212e0000)]
  0x000000001b708000 JavaThread "RMI RenewClean-[localhost:60698,org.jetbrains.kotlin.daemon.common.LoopbackNetworkInterface$ClientLoopbackSocketFactory@4f8cb890]" daemon [_thread_blocked, id=11224, stack(0x00000000210e0000,0x00000000211e0000)]
  0x000000001a2dc000 JavaThread "RMI RenewClean-[localhost:60698,org.jetbrains.kotlin.daemon.common.LoopbackNetworkInterface$ClientLoopbackSocketFactory@2c2bfe67]" daemon [_thread_blocked, id=21240, stack(0x00000000204e0000,0x00000000205e0000)]
  0x00000000187a9800 JavaThread "RMI Scheduler(0)" daemon [_thread_blocked, id=9080, stack(0x0000000019630000,0x0000000019730000)]
  0x0000000002c52800 JavaThread "DestroyJavaVM" [_thread_blocked, id=3992, stack(0x00000000027e0000,0x00000000028e0000)]
  0x000000001872c000 JavaThread "GC Daemon" daemon [_thread_blocked, id=17784, stack(0x0000000019150000,0x0000000019250000)]
  0x000000001872b000 JavaThread "RMI Reaper" [_thread_blocked, id=19704, stack(0x0000000019050000,0x0000000019150000)]
  0x000000001868e800 JavaThread "Timer-0" daemon [_thread_blocked, id=14420, stack(0x0000000018e50000,0x0000000018f50000)]
  0x000000001868b800 JavaThread "RMI TCP Accept-17163" daemon [_thread_in_native, id=18720, stack(0x0000000018d50000,0x0000000018e50000)]
  0x0000000017abc000 JavaThread "Service Thread" daemon [_thread_blocked, id=18992, stack(0x0000000018330000,0x0000000018430000)]
  0x0000000017a41000 JavaThread "C1 CompilerThread2" daemon [_thread_blocked, id=18848, stack(0x0000000018230000,0x0000000018330000)]
=>0x0000000017a3a000 JavaThread "C2 CompilerThread1" daemon [_thread_in_native, id=17576, stack(0x0000000018130000,0x0000000018230000)]
  0x000000001671b800 JavaThread "C2 CompilerThread0" daemon [_thread_blocked, id=15836, stack(0x0000000018030000,0x0000000018130000)]
  0x00000000166ce800 JavaThread "Attach Listener" daemon [_thread_blocked, id=4824, stack(0x0000000017f30000,0x0000000018030000)]
  0x0000000017a38800 JavaThread "Signal Dispatcher" daemon [_thread_blocked, id=15140, stack(0x0000000017e30000,0x0000000017f30000)]
  0x0000000002d4d800 JavaThread "Finalizer" daemon [_thread_blocked, id=15532, stack(0x0000000017930000,0x0000000017a30000)]
  0x0000000002d42800 JavaThread "Reference Handler" daemon [_thread_blocked, id=16952, stack(0x0000000017830000,0x0000000017930000)]

Other Threads:
  0x0000000016685800 VMThread [stack: 0x0000000017730000,0x0000000017830000] [id=2560]
  0x0000000017abd000 WatcherThread [stack: 0x0000000018430000,0x0000000018530000] [id=16048]

VM state:not at safepoint (normal execution)

VM Mutex/Monitor currently owned by a thread: None

Heap:
 PSYoungGen      total 139776K, used 29083K [0x00000000e0000000, 0x00000000ead00000, 0x0000000100000000)
  eden space 102400K, 16% used [0x00000000e0000000,0x00000000e10f1020,0x00000000e6400000)
  from space 37376K, 31% used [0x00000000e6400000,0x00000000e6f75eb0,0x00000000e8880000)
  to   space 33792K, 0% used [0x00000000e8c00000,0x00000000e8c00000,0x00000000ead00000)
 ParOldGen       total 152064K, used 68544K [0x00000000a0000000, 0x00000000a9480000, 0x00000000e0000000)
  object space 152064K, 45% used [0x00000000a0000000,0x00000000a42f03e0,0x00000000a9480000)
 Metaspace       used 63848K, capacity 65135K, committed 65304K, reserved 1107968K
  class space    used 7364K, capacity 7716K, committed 7720K, reserved 1048576K

Card table byte_map: [0x0000000012110000,0x0000000012420000] byte_map_base: 0x0000000011c10000

Marking Bits: (ParMarkBitMap*) 0x0000000054b64970
 Begin Bits: [0x0000000012a20000, 0x0000000014220000)
 End Bits:   [0x0000000014220000, 0x0000000015a20000)

Polling page: 0x0000000000980000

CodeCache: size=245760Kb used=32486Kb max_used=32486Kb free=213273Kb
 bounds [0x0000000002d50000, 0x0000000004d30000, 0x0000000011d50000]
 total_blobs=10550 nmethods=9965 adapters=493
 compilation: enabled

Compilation events (10 events):
Event: 261.637 Thread 0x0000000017a41000 11422       3       org.jetbrains.kotlin.com.intellij.util.io.ResizeableMappedFile::isDirty (8 bytes)
Event: 261.638 Thread 0x0000000017a41000 nmethod 11422 0x0000000004d287d0 code [0x0000000004d28920, 0x0000000004d28ab0]
Event: 261.659 Thread 0x0000000017a41000 11423       3       java.util.Arrays::fill (28 bytes)
Event: 261.659 Thread 0x0000000017a41000 nmethod 11423 0x0000000004d1f510 code [0x0000000004d1f6a0, 0x0000000004d1fa28]
Event: 261.668 Thread 0x0000000017a41000 11424       3       java.io.ObjectOutputStream::writeClassDesc (60 bytes)
Event: 261.669 Thread 0x0000000017a41000 nmethod 11424 0x0000000004d2bd50 code [0x0000000004d2bf60, 0x0000000004d2c648]
Event: 261.669 Thread 0x0000000017a41000 11425       3       java.io.ObjectOutputStream$BlockDataOutputStream::writeInt (46 bytes)
Event: 261.669 Thread 0x0000000017a41000 nmethod 11425 0x0000000004d1efd0 code [0x0000000004d1f140, 0x0000000004d1f418]
Event: 261.695 Thread 0x0000000017a41000 11426   !   3       java.io.FileOutputStream::close (62 bytes)
Event: 261.695 Thread 0x0000000017a41000 nmethod 11426 0x0000000004d2ca90 code [0x0000000004d2cc20, 0x0000000004d2d298]

GC Heap History (10 events):
Event: 154.273 GC heap before
{Heap before GC invocations=15 (full 3):
 PSYoungGen      total 97792K, used 87705K [0x00000000e0000000, 0x00000000e9500000, 0x0000000100000000)
  eden space 70144K, 85% used [0x00000000e0000000,0x00000000e3aa6c90,0x00000000e4480000)
  from space 27648K, 99% used [0x00000000e4480000,0x00000000e5f7fb68,0x00000000e5f80000)
  to   space 35328K, 0% used [0x00000000e7280000,0x00000000e7280000,0x00000000e9500000)
 ParOldGen       total 108032K, used 37508K [0x00000000a0000000, 0x00000000a6980000, 0x00000000e0000000)
  object space 108032K, 34% used [0x00000000a0000000,0x00000000a24a1380,0x00000000a6980000)
 Metaspace       used 57861K, capacity 58939K, committed 59160K, reserved 1101824K
  class space    used 6864K, capacity 7149K, committed 7208K, reserved 1048576K
Event: 154.336 GC heap after
Heap after GC invocations=15 (full 3):
 PSYoungGen      total 112128K, used 34723K [0x00000000e0000000, 0x00000000eaa00000, 0x0000000100000000)
  eden space 76800K, 0% used [0x00000000e0000000,0x00000000e0000000,0x00000000e4b00000)
  from space 35328K, 98% used [0x00000000e7280000,0x00000000e9468eb0,0x00000000e9500000)
  to   space 40448K, 0% used [0x00000000e4b00000,0x00000000e4b00000,0x00000000e7280000)
 ParOldGen       total 108032K, used 44782K [0x00000000a0000000, 0x00000000a6980000, 0x00000000e0000000)
  object space 108032K, 41% used [0x00000000a0000000,0x00000000a2bbb9b8,0x00000000a6980000)
 Metaspace       used 57861K, capacity 58939K, committed 59160K, reserved 1101824K
  class space    used 6864K, capacity 7149K, committed 7208K, reserved 1048576K
}
Event: 154.336 GC heap before
{Heap before GC invocations=16 (full 4):
 PSYoungGen      total 112128K, used 34723K [0x00000000e0000000, 0x00000000eaa00000, 0x0000000100000000)
  eden space 76800K, 0% used [0x00000000e0000000,0x00000000e0000000,0x00000000e4b00000)
  from space 35328K, 98% used [0x00000000e7280000,0x00000000e9468eb0,0x00000000e9500000)
  to   space 40448K, 0% used [0x00000000e4b00000,0x00000000e4b00000,0x00000000e7280000)
 ParOldGen       total 108032K, used 44782K [0x00000000a0000000, 0x00000000a6980000, 0x00000000e0000000)
  object space 108032K, 41% used [0x00000000a0000000,0x00000000a2bbb9b8,0x00000000a6980000)
 Metaspace       used 57861K, capacity 58939K, committed 59160K, reserved 1101824K
  class space    used 6864K, capacity 7149K, committed 7208K, reserved 1048576K
Event: 154.542 GC heap after
Heap after GC invocations=16 (full 4):
 PSYoungGen      total 112128K, used 0K [0x00000000e0000000, 0x00000000eaa00000, 0x0000000100000000)
  eden space 76800K, 0% used [0x00000000e0000000,0x00000000e0000000,0x00000000e4b00000)
  from space 35328K, 0% used [0x00000000e7280000,0x00000000e7280000,0x00000000e9500000)
  to   space 40448K, 0% used [0x00000000e4b00000,0x00000000e4b00000,0x00000000e7280000)
 ParOldGen       total 152064K, used 40476K [0x00000000a0000000, 0x00000000a9480000, 0x00000000e0000000)
  object space 152064K, 26% used [0x00000000a0000000,0x00000000a27872e8,0x00000000a9480000)
 Metaspace       used 57847K, capacity 58921K, committed 59160K, reserved 1101824K
  class space    used 6863K, capacity 7147K, committed 7208K, reserved 1048576K
}
Event: 155.993 GC heap before
{Heap before GC invocations=17 (full 4):
 PSYoungGen      total 112128K, used 76800K [0x00000000e0000000, 0x00000000eaa00000, 0x0000000100000000)
  eden space 76800K, 100% used [0x00000000e0000000,0x00000000e4b00000,0x00000000e4b00000)
  from space 35328K, 0% used [0x00000000e7280000,0x00000000e7280000,0x00000000e9500000)
  to   space 40448K, 0% used [0x00000000e4b00000,0x00000000e4b00000,0x00000000e7280000)
 ParOldGen       total 152064K, used 40476K [0x00000000a0000000, 0x00000000a9480000, 0x00000000e0000000)
  object space 152064K, 26% used [0x00000000a0000000,0x00000000a27872e8,0x00000000a9480000)
 Metaspace       used 61364K, capacity 62479K, committed 62872K, reserved 1103872K
  class space    used 7227K, capacity 7519K, committed 7592K, reserved 1048576K
Event: 156.013 GC heap after
Heap after GC invocations=17 (full 4):
 PSYoungGen      total 117248K, used 19504K [0x00000000e0000000, 0x00000000eb280000, 0x0000000100000000)
  eden space 76800K, 0% used [0x00000000e0000000,0x00000000e0000000,0x00000000e4b00000)
  from space 40448K, 48% used [0x00000000e4b00000,0x00000000e5e0c158,0x00000000e7280000)
  to   space 39424K, 0% used [0x00000000e8c00000,0x00000000e8c00000,0x00000000eb280000)
 ParOldGen       total 152064K, used 40484K [0x00000000a0000000, 0x00000000a9480000, 0x00000000e0000000)
  object space 152064K, 26% used [0x00000000a0000000,0x00000000a27892e8,0x00000000a9480000)
 Metaspace       used 61364K, capacity 62479K, committed 62872K, reserved 1103872K
  class space    used 7227K, capacity 7519K, committed 7592K, reserved 1048576K
}
Event: 160.356 GC heap before
{Heap before GC invocations=18 (full 4):
 PSYoungGen      total 117248K, used 96304K [0x00000000e0000000, 0x00000000eb280000, 0x0000000100000000)
  eden space 76800K, 100% used [0x00000000e0000000,0x00000000e4b00000,0x00000000e4b00000)
  from space 40448K, 48% used [0x00000000e4b00000,0x00000000e5e0c158,0x00000000e7280000)
  to   space 39424K, 0% used [0x00000000e8c00000,0x00000000e8c00000,0x00000000eb280000)
 ParOldGen       total 152064K, used 40484K [0x00000000a0000000, 0x00000000a9480000, 0x00000000e0000000)
  object space 152064K, 26% used [0x00000000a0000000,0x00000000a27892e8,0x00000000a9480000)
 Metaspace       used 62018K, capacity 63191K, committed 63384K, reserved 1105920K
  class space    used 7273K, capacity 7573K, committed 7592K, reserved 1048576K
Event: 160.398 GC heap after
Heap after GC invocations=18 (full 4):
 PSYoungGen      total 136192K, used 18216K [0x00000000e0000000, 0x00000000ead00000, 0x0000000100000000)
  eden space 102400K, 0% used [0x00000000e0000000,0x00000000e0000000,0x00000000e6400000)
  from space 33792K, 53% used [0x00000000e8c00000,0x00000000e9dca278,0x00000000ead00000)
  to   space 37376K, 0% used [0x00000000e6400000,0x00000000e6400000,0x00000000e8880000)
 ParOldGen       total 152064K, used 58823K [0x00000000a0000000, 0x00000000a9480000, 0x00000000e0000000)
  object space 152064K, 38% used [0x00000000a0000000,0x00000000a3971fb8,0x00000000a9480000)
 Metaspace       used 62018K, capacity 63191K, committed 63384K, reserved 1105920K
  class space    used 7273K, capacity 7573K, committed 7592K, reserved 1048576K
}
Event: 261.266 GC heap before
{Heap before GC invocations=19 (full 4):
 PSYoungGen      total 136192K, used 120616K [0x00000000e0000000, 0x00000000ead00000, 0x0000000100000000)
  eden space 102400K, 100% used [0x00000000e0000000,0x00000000e6400000,0x00000000e6400000)
  from space 33792K, 53% used [0x00000000e8c00000,0x00000000e9dca278,0x00000000ead00000)
  to   space 37376K, 0% used [0x00000000e6400000,0x00000000e6400000,0x00000000e8880000)
 ParOldGen       total 152064K, used 58823K [0x00000000a0000000, 0x00000000a9480000, 0x00000000e0000000)
  object space 152064K, 38% used [0x00000000a0000000,0x00000000a3971fb8,0x00000000a9480000)
 Metaspace       used 63311K, capacity 64527K, committed 64792K, reserved 1105920K
  class space    used 7321K, capacity 7649K, committed 7720K, reserved 1048576K
Event: 261.287 GC heap after
Heap after GC invocations=19 (full 4):
 PSYoungGen      total 139776K, used 11735K [0x00000000e0000000, 0x00000000ead00000, 0x0000000100000000)
  eden space 102400K, 0% used [0x00000000e0000000,0x00000000e0000000,0x00000000e6400000)
  from space 37376K, 31% used [0x00000000e6400000,0x00000000e6f75eb0,0x00000000e8880000)
  to   space 33792K, 0% used [0x00000000e8c00000,0x00000000e8c00000,0x00000000ead00000)
 ParOldGen       total 152064K, used 68544K [0x00000000a0000000, 0x00000000a9480000, 0x00000000e0000000)
  object space 152064K, 45% used [0x00000000a0000000,0x00000000a42f03e0,0x00000000a9480000)
 Metaspace       used 63311K, capacity 64527K, committed 64792K, reserved 1105920K
  class space    used 7321K, capacity 7649K, committed 7720K, reserved 1048576K
}

Deoptimization events (10 events):
Event: 260.718 Thread 0x000000001b70b000 Uncommon trap: reason=bimorphic action=maybe_recompile pc=0x00000000039bba54 method=java.io.DataInputStream.readChar()C @ 4
Event: 261.185 Thread 0x000000001b70b000 Uncommon trap: reason=class_check action=maybe_recompile pc=0x00000000034679d8 method=org.jetbrains.kotlin.com.intellij.lang.impl.PsiBuilderImpl.skipWhitespace()V @ 72
Event: 261.186 Thread 0x000000001b70b000 Uncommon trap: reason=unstable_if action=reinterpret pc=0x00000000033c434c method=org.jetbrains.kotlin.com.intellij.lang.impl.PsiBuilderImpl.eof()Z @ 24
Event: 261.325 Thread 0x000000001b70b000 Uncommon trap: reason=unstable_if action=reinterpret pc=0x0000000004c81814 method=org.jetbrains.org.objectweb.asm.ClassReader.<init>([BII)V @ 19
Event: 261.435 Thread 0x000000001b70b000 Uncommon trap: reason=class_check action=maybe_recompile pc=0x0000000004bde070 method=org.jetbrains.kotlin.load.kotlin.TypeSignatureMappingKt.mapBuiltInType(Lorg/jetbrains/kotlin/types/KotlinType;Lorg/jetbrains/kotlin/load/kotlin/JvmTypeFactory;Lorg/jetbr
Event: 261.438 Thread 0x000000001b70b000 Uncommon trap: reason=class_check action=maybe_recompile pc=0x0000000004bde070 method=org.jetbrains.kotlin.load.kotlin.TypeSignatureMappingKt.mapBuiltInType(Lorg/jetbrains/kotlin/types/KotlinType;Lorg/jetbrains/kotlin/load/kotlin/JvmTypeFactory;Lorg/jetbr
Event: 261.438 Thread 0x000000001b70b000 Uncommon trap: reason=class_check action=maybe_recompile pc=0x0000000004bde070 method=org.jetbrains.kotlin.load.kotlin.TypeSignatureMappingKt.mapBuiltInType(Lorg/jetbrains/kotlin/types/KotlinType;Lorg/jetbrains/kotlin/load/kotlin/JvmTypeFactory;Lorg/jetbr
Event: 261.439 Thread 0x000000001b70b000 Uncommon trap: reason=class_check action=maybe_recompile pc=0x0000000004bde070 method=org.jetbrains.kotlin.load.kotlin.TypeSignatureMappingKt.mapBuiltInType(Lorg/jetbrains/kotlin/types/KotlinType;Lorg/jetbrains/kotlin/load/kotlin/JvmTypeFactory;Lorg/jetbr
Event: 261.573 Thread 0x000000001b70b000 Uncommon trap: reason=class_check action=maybe_recompile pc=0x000000000328d468 method=org.jetbrains.kotlin.gnu.trove.TObjectHash.insertionIndex(Ljava/lang/Object;)I @ 213
Event: 261.573 Thread 0x000000001b70b000 Uncommon trap: reason=class_check action=maybe_recompile pc=0x000000000328d468 method=org.jetbrains.kotlin.gnu.trove.TObjectHash.insertionIndex(Ljava/lang/Object;)I @ 213

Classes redefined (0 events):
No events

Internal exceptions (10 events):
Event: 10.773 Thread 0x00000000187ad000 Exception <a 'java/lang/NoSuchMethodError': java.lang.Object.lambda$static$1(Ljava/lang/String;)Z> (0x00000000e2eb05c0) thrown at [D:\src\AOSP-openjdk-cygwin\jdk8u\hotspot\src\share\vm\interpreter\linkResolver.cpp, line 584]
Event: 10.910 Thread 0x00000000187ad000 Exception <a 'java/lang/NoSuchMethodError': java.lang.Object.lambda$static$0(Lorg/jetbrains/kotlin/descriptors/ValueParameterDescriptor;Lorg/jetbrains/kotlin/codegen/ExpressionCodegen;)Lorg/jetbrains/kotlin/codegen/StackValue;> (0x00000000e34b86e0) thrown
Event: 11.516 Thread 0x00000000187ad000 Exception <a 'java/lang/NoSuchMethodError': <clinit>> (0x00000000e0c6d938) thrown at [D:\src\AOSP-openjdk-cygwin\jdk8u\hotspot\src\share\vm\prims\jni.cpp, line 1613]
Event: 147.815 Thread 0x000000001a2d9800 Exception <a 'java/lang/InterruptedException'> (0x00000000e0f61f40) thrown at [D:\src\AOSP-openjdk-cygwin\jdk8u\hotspot\src\share\vm\runtime\objectMonitor.cpp, line 1684]
Event: 152.819 Thread 0x000000001a2dc000 Exception <a 'java/lang/InterruptedException'> (0x00000000e20753d8) thrown at [D:\src\AOSP-openjdk-cygwin\jdk8u\hotspot\src\share\vm\runtime\objectMonitor.cpp, line 1684]
Event: 154.878 Thread 0x000000001a2db000 Implicit null exception at 0x0000000003323c58 to 0x0000000003323d9d
Event: 159.795 Thread 0x000000001b708000 Exception <a 'java/lang/InterruptedException'> (0x00000000e2b92778) thrown at [D:\src\AOSP-openjdk-cygwin\jdk8u\hotspot\src\share\vm\runtime\objectMonitor.cpp, line 1684]
Event: 159.835 Thread 0x000000001b704000 Exception <a 'sun/nio/fs/WindowsException'> (0x00000000e2c3ef40) thrown at [D:\src\AOSP-openjdk-cygwin\jdk8u\hotspot\src\share\vm\prims\jni.cpp, line 709]
Event: 260.728 Thread 0x000000001b70b800 Exception <a 'java/lang/InterruptedException'> (0x00000000e3c170f0) thrown at [D:\src\AOSP-openjdk-cygwin\jdk8u\hotspot\src\share\vm\runtime\objectMonitor.cpp, line 1684]
Event: 260.752 Thread 0x000000001b70b000 Exception <a 'sun/nio/fs/WindowsException'> (0x00000000e3cc8d28) thrown at [D:\src\AOSP-openjdk-cygwin\jdk8u\hotspot\src\share\vm\prims\jni.cpp, line 709]

Events (10 events):
Event: 261.570 loading class org/jetbrains/kotlin/resolve/BindingContext
Event: 261.570 loading class org/jetbrains/kotlin/resolve/BindingContext done
Event: 261.570 loading class org/jetbrains/kotlin/analyzer/AnalysisResult$Companion
Event: 261.570 loading class org/jetbrains/kotlin/analyzer/AnalysisResult$Companion done
Event: 261.573 Thread 0x000000001b70b000 Uncommon trap: trap_request=0xffffffde fr.pc=0x000000000328d468
Event: 261.573 Thread 0x000000001b70b000 DEOPT PACKING pc=0x000000000328d468 sp=0x00000000213db6d0
Event: 261.573 Thread 0x000000001b70b000 DEOPT UNPACKING pc=0x0000000002d9557b sp=0x00000000213db600 mode 2
Event: 261.573 Thread 0x000000001b70b000 Uncommon trap: trap_request=0xffffffde fr.pc=0x000000000328d468
Event: 261.573 Thread 0x000000001b70b000 DEOPT PACKING pc=0x000000000328d468 sp=0x00000000213dbad0
Event: 261.573 Thread 0x000000001b70b000 DEOPT UNPACKING pc=0x0000000002d9557b sp=0x00000000213dba00 mode 2


Dynamic libraries:
0x00007ff664240000 - 0x00007ff664271000 	C:\Program Files\Android\Android Studio\jre\jre\bin\java.exe
0x00007ff87e3e0000 - 0x00007ff87e5c1000 	C:\WINDOWS\SYSTEM32\ntdll.dll
0x00007ff87da30000 - 0x00007ff87dae2000 	C:\WINDOWS\System32\KERNEL32.DLL
0x00007ff87a8c0000 - 0x00007ff87ab33000 	C:\WINDOWS\System32\KERNELBASE.dll
0x00007ff87be70000 - 0x00007ff87bf11000 	C:\WINDOWS\System32\ADVAPI32.dll
0x00007ff87db60000 - 0x00007ff87dbfe000 	C:\WINDOWS\System32\msvcrt.dll
0x00007ff87d690000 - 0x00007ff87d6eb000 	C:\WINDOWS\System32\sechost.dll
0x00007ff87d390000 - 0x00007ff87d4b4000 	C:\WINDOWS\System32\RPCRT4.dll
0x00007ff87d6f0000 - 0x00007ff87d880000 	C:\WINDOWS\System32\USER32.dll
0x00007ff87adb0000 - 0x00007ff87add0000 	C:\WINDOWS\System32\win32u.dll
0x00007ff87ba10000 - 0x00007ff87ba38000 	C:\WINDOWS\System32\GDI32.dll
0x00007ff87b6d0000 - 0x00007ff87b862000 	C:\WINDOWS\System32\gdi32full.dll
0x00007ff87ad10000 - 0x00007ff87adaf000 	C:\WINDOWS\System32\msvcp_win.dll
0x00007ff87ac10000 - 0x00007ff87ad0a000 	C:\WINDOWS\System32\ucrtbase.dll
0x00007ff863560000 - 0x00007ff8637c9000 	C:\WINDOWS\WinSxS\amd64_microsoft.windows.common-controls_6595b64144ccf1df_6.0.17134.407_none_fb449d63306391e9\COMCTL32.dll
0x00007ff87bb30000 - 0x00007ff87be52000 	C:\WINDOWS\System32\combase.dll
0x00007ff87ab90000 - 0x00007ff87ac0a000 	C:\WINDOWS\System32\bcryptPrimitives.dll
0x00007ff87e380000 - 0x00007ff87e3ad000 	C:\WINDOWS\System32\IMM32.DLL
0x0000000055100000 - 0x00000000551d2000 	C:\Program Files\Android\Android Studio\jre\jre\bin\msvcr100.dll
0x00000000543a0000 - 0x0000000054bdf000 	C:\Program Files\Android\Android Studio\jre\jre\bin\server\jvm.dll
0x00007ff87d4c0000 - 0x00007ff87d4c8000 	C:\WINDOWS\System32\PSAPI.DLL
0x00007ff8772a0000 - 0x00007ff8772c3000 	C:\WINDOWS\SYSTEM32\WINMM.dll
0x00007ff86cfe0000 - 0x00007ff86cfea000 	C:\WINDOWS\SYSTEM32\VERSION.dll
0x00007ff8634f0000 - 0x00007ff8634f9000 	C:\WINDOWS\SYSTEM32\WSOCK32.dll
0x00007ff87daf0000 - 0x00007ff87db5c000 	C:\WINDOWS\System32\WS2_32.dll
0x00007ff877270000 - 0x00007ff87729a000 	C:\WINDOWS\SYSTEM32\WINMMBASE.dll
0x00007ff87ab40000 - 0x00007ff87ab89000 	C:\WINDOWS\System32\cfgmgr32.dll
0x00007ff877080000 - 0x00007ff87708f000 	C:\Program Files\Android\Android Studio\jre\jre\bin\verify.dll
0x00007ff8669f0000 - 0x00007ff866a19000 	C:\Program Files\Android\Android Studio\jre\jre\bin\java.dll
0x00007ff85e7d0000 - 0x00007ff85e7e6000 	C:\Program Files\Android\Android Studio\jre\jre\bin\zip.dll
0x00007ff87bf50000 - 0x00007ff87d38f000 	C:\WINDOWS\System32\SHELL32.dll
0x00007ff87d980000 - 0x00007ff87da29000 	C:\WINDOWS\System32\shcore.dll
0x00007ff87afc0000 - 0x00007ff87b6cd000 	C:\WINDOWS\System32\windows.storage.dll
0x00007ff87ded0000 - 0x00007ff87df21000 	C:\WINDOWS\System32\shlwapi.dll
0x00007ff87a790000 - 0x00007ff87a7a1000 	C:\WINDOWS\System32\kernel.appcore.dll
0x00007ff87a700000 - 0x00007ff87a71f000 	C:\WINDOWS\System32\profapi.dll
0x00007ff87a720000 - 0x00007ff87a76c000 	C:\WINDOWS\System32\powrprof.dll
0x00007ff87a6f0000 - 0x00007ff87a6fa000 	C:\WINDOWS\System32\FLTLIB.DLL
0x00007ff876550000 - 0x00007ff87655d000 	C:\Program Files\Android\Android Studio\jre\jre\bin\management.dll
0x00007ff85d980000 - 0x00007ff85d99a000 	C:\Program Files\Android\Android Studio\jre\jre\bin\net.dll
0x00007ff879f10000 - 0x00007ff879f76000 	C:\WINDOWS\system32\mswsock.dll
0x00007ff85d960000 - 0x00007ff85d971000 	C:\Program Files\Android\Android Studio\jre\jre\bin\nio.dll
0x00007ff87a0c0000 - 0x00007ff87a0d7000 	C:\WINDOWS\SYSTEM32\CRYPTSP.dll
0x00007ff879af0000 - 0x00007ff879b23000 	C:\WINDOWS\system32\rsaenh.dll
0x00007ff87a1f0000 - 0x00007ff87a215000 	C:\WINDOWS\SYSTEM32\bcrypt.dll
0x00007ff87a620000 - 0x00007ff87a648000 	C:\WINDOWS\SYSTEM32\USERENV.dll
0x00007ff87a0e0000 - 0x00007ff87a0eb000 	C:\WINDOWS\SYSTEM32\CRYPTBASE.dll
0x00007ff879c90000 - 0x00007ff879cc8000 	C:\WINDOWS\SYSTEM32\IPHLPAPI.DLL
0x00007ff87be60000 - 0x00007ff87be68000 	C:\WINDOWS\System32\NSI.dll
0x00007ff870c90000 - 0x00007ff870ca6000 	C:\WINDOWS\SYSTEM32\dhcpcsvc6.DLL
0x00007ff8711b0000 - 0x00007ff8711ca000 	C:\WINDOWS\SYSTEM32\dhcpcsvc.DLL
0x00007ff85d930000 - 0x00007ff85d954000 	C:\Program Files\Android\Android Studio\jre\jre\bin\sunec.dll
0x00007ff876160000 - 0x00007ff87616b000 	C:\Program Files\Android\Android Studio\jre\jre\bin\sunmscapi.dll
0x00007ff87add0000 - 0x00007ff87afb2000 	C:\WINDOWS\System32\CRYPT32.dll
0x00007ff87a770000 - 0x00007ff87a782000 	C:\WINDOWS\System32\MSASN1.dll
0x00007ff879cd0000 - 0x00007ff879d8e000 	C:\WINDOWS\SYSTEM32\DNSAPI.dll
0x00007ff86e410000 - 0x00007ff86e41a000 	C:\Windows\System32\rasadhlp.dll
0x00007ff86e570000 - 0x00007ff86e5e2000 	C:\WINDOWS\System32\fwpuclnt.dll

VM Arguments:
jvm_args: -Djava.awt.headless=true -Djava.rmi.server.hostname=localhost -Xmx1536m -Dkotlin.environment.keepalive 
java_command: org.jetbrains.kotlin.daemon.KotlinCompileDaemon --daemon-runFilesPath C:\Users\kjina\AppData\Local\kotlin\daemon --daemon-autoshutdownIdleSeconds=7200 --daemon-compilerClasspath C:\Users\kjina\.gradle\caches\modules-2\files-2.1\org.jetbrains.kotlin\kotlin-compiler-embeddable\1.2.31\29128887c407ed331d6dceef1a943ef0e51d6cfd\kotlin-compiler-embeddable-1.2.31.jar;C:\Users\kjina\.gradle\caches\modules-2\files-2.1\org.jetbrains.kotlin\kotlin-stdlib\1.2.40\d39920020ab3e74f406a8e142fb94b360f3f80f8\kotlin-stdlib-1.2.40.jar;C:\Users\kjina\.gradle\caches\modules-2\files-2.1\org.jetbrains.kotlin\kotlin-script-runtime\1.2.31\7904e817466f39297419e7ba3f296a2b86bb48be\kotlin-script-runtime-1.2.31.jar;C:\Users\kjina\.gradle\caches\modules-2\files-2.1\org.jetbrains.kotlin\kotlin-reflect\1.2.31\17c564968cae80b954b294f8564c492da56bd7b5\kotlin-reflect-1.2.31.jar;C:\Program Files\Android\Android Studio\jre\lib\tools.jar
java_class_path (initial): C:\Users\kjina\.gradle\caches\modules-2\files-2.1\org.jetbrains.kotlin\kotlin-compiler-embeddable\1.2.31\29128887c407ed331d6dceef1a943ef0e51d6cfd\kotlin-compiler-embeddable-1.2.31.jar;C:\Users\kjina\.gradle\caches\modules-2\files-2.1\org.jetbrains.kotlin\kotlin-stdlib\1.2.40\d39920020ab3e74f406a8e142fb94b360f3f80f8\kotlin-stdlib-1.2.40.jar;C:\Users\kjina\.gradle\caches\modules-2\files-2.1\org.jetbrains.kotlin\kotlin-script-runtime\1.2.31\7904e817466f39297419e7ba3f296a2b86bb48be\kotlin-script-runtime-1.2.31.jar;C:\Users\kjina\.gradle\caches\modules-2\files-2.1\org.jetbrains.kotlin\kotlin-reflect\1.2.31\17c564968cae80b954b294f8564c492da56bd7b5\kotlin-reflect-1.2.31.jar;C:\Program Files\Android\Android Studio\jre\lib\tools.jar
Launcher Type: SUN_STANDARD

Environment Variables:
PATH=C:\ProgramData\Oracle\Java\javapath;C:\Python27\;C:\Python27\Scripts;C:\Program Files (x86)\Intel\iCLS Client\;C:\Program Files\Intel\iCLS Client\;C:\WINDOWS\system32;C:\WINDOWS;C:\WINDOWS\System32\Wbem;C:\WINDOWS\System32\WindowsPowerShell\v1.0\;C:\Program Files (x86)\Intel\Intel(R) Management Engine Components\DAL;C:\Program Files\Intel\Intel(R) Management Engine Components\DAL;C:\Program Files (x86)\Intel\Intel(R) Management Engine Components\IPT;C:\Program Files\Intel\Intel(R) Management Engine Components\IPT;C:\WINDOWS\system32\config\systemprofile\.dnx\bin;C:\Program Files\Microsoft DNX\Dnvm\;C:\Program Files (x86)\Windows Kits\8.1\Windows Performance Toolkit\;C:\Program Files (x86)\GtkSharp\2.12\bin;C:\ Python27\Lib\site-packages;C:\Program Files\Intel\WiFi\bin\;C:\Program Files\Common Files\Intel\WirelessCommon\;C:\WINDOWS\System32\OpenSSH\;C:\Program Files\MySQL\MySQL Server 8.0\bin;C:\Program Files\nodejs\;C:\Program Files (x86)\PuTTY\;C:\Program Files\Git\cmd;C:\Users\kjina\Anaconda2;C:\Users\kjina\Anaconda2\Scripts;C:\Users\kjina\Anaconda2\Library\bin;C:\Modeltech_pe_edu_10.4a\win32pe_edu;C:\Users\kjina\AppData\Local\Microsoft\WindowsApps;C:\Users\kjina\AppData\Local\GitHubDesktop\bin;C:\Users\kjina\AppData\Roaming\npm
USERNAME=kjina
OS=Windows_NT
PROCESSOR_IDENTIFIER=Intel64 Family 6 Model 78 Stepping 3, GenuineIntel



---------------  S Y S T E M  ---------------

OS: Windows 10.0 , 64 bit Build 17134 (10.0.17134.1)

CPU:total 4 (initial active 4) (2 cores per cpu, 2 threads per core) family 6 model 78 stepping 3, cmov, cx8, fxsr, mmx, sse, sse2, sse3, ssse3, sse4.1, sse4.2, popcnt, avx, avx2, aes, clmul, erms, 3dnowpref, lzcnt, ht, tsc, tscinvbit, bmi1, bmi2, adx

Memory: 4k page, physical 8248932k(692268k free), swap 8248932k(492k free)

vm_info: OpenJDK 64-Bit Server VM (25.152-b02) for windows-amd64 JRE (1.8.0_152-release-1024-b02), built by "builder" with MS VC++ 10.0 (VS2010)

time: Mon Dec 10 23:57:43 2018
elapsed time: 261 seconds (0d 0h 4m 21s)

