#
# There is insufficient memory for the Java Runtime Environment to continue.
# Native memory allocation (malloc) failed to allocate 1051536 bytes for Chunk::new
# Possible reasons:
#   The system is out of physical RAM or swap space
#   In 32 bit mode, the process size limit was hit
# Possible solutions:
#   Reduce memory load on the system
#   Increase physical memory or swap space
#   Check if swap backing store is full
#   Use 64 bit Java on a 64 bit OS
#   Decrease Java heap size (-Xmx/-Xms)
#   Decrease number of Java threads
#   Decrease Java thread stack sizes (-Xss)
#   Set larger code cache with -XX:ReservedCodeCacheSize=
# This output file may be truncated or incomplete.
#
#  Out of Memory Error (allocation.cpp:390), pid=5812, tid=0x0000000000002604
#
# JRE version: OpenJDK Runtime Environment (8.0_152-b02) (build 1.8.0_152-release-1024-b02)
# Java VM: OpenJDK 64-Bit Server VM (25.152-b02 mixed mode windows-amd64 compressed oops)
# Failed to write core dump. Minidumps are not enabled by default on client versions of Windows
#

---------------  T H R E A D  ---------------

Current thread (0x0000000016c19000):  JavaThread "C2 CompilerThread0" daemon [_thread_in_native, id=9732, stack(0x00000000185c0000,0x00000000186c0000)]

Stack: [0x00000000185c0000,0x00000000186c0000]
[error occurred during error reporting (printing stack bounds), id 0xc0000005]

Native frames: (J=compiled Java code, j=interpreted, Vv=VM code, C=native code)


Current CompileTask:
C2:  16311 7258       4       com.sun.tools.javac.util.Convert::quote (131 bytes)


---------------  P R O C E S S  ---------------

Java Threads: ( => current thread )
  0x0000000018dca800 JavaThread "Thread-3" daemon [_thread_in_native, id=6408, stack(0x000000001f910000,0x000000001fa10000)]
  0x000000001ac47800 JavaThread "RMI RenewClean-[localhost:60059,org.jetbrains.kotlin.daemon.common.LoopbackNetworkInterface$ClientLoopbackSocketFactory@412d6613]" daemon [_thread_blocked, id=8568, stack(0x000000001ee10000,0x000000001ef10000)]
  0x000000001c923000 JavaThread "RMI TCP Connection(3)-127.0.0.1" daemon [_thread_blocked, id=20816, stack(0x000000001deb0000,0x000000001dfb0000)]
  0x0000000018d3d000 JavaThread "RMI RenewClean-[localhost:60059,org.jetbrains.kotlin.daemon.common.LoopbackNetworkInterface$ClientLoopbackSocketFactory@6ef98739]" daemon [_thread_blocked, id=11116, stack(0x0000000019dc0000,0x0000000019ec0000)]
  0x0000000018d0c000 JavaThread "RMI TCP Connection(2)-127.0.0.1" daemon [_thread_in_native, id=17032, stack(0x0000000019cc0000,0x0000000019dc0000)]
  0x0000000018d0a800 JavaThread "RMI Scheduler(0)" daemon [_thread_blocked, id=19704, stack(0x0000000019bc0000,0x0000000019cc0000)]
  0x0000000018d1c000 JavaThread "RMI TCP Connection(1)-127.0.0.1" daemon [_thread_in_native, id=11940, stack(0x0000000019ac0000,0x0000000019bc0000)]
  0x0000000003122800 JavaThread "DestroyJavaVM" [_thread_blocked, id=12076, stack(0x0000000003020000,0x0000000003120000)]
  0x0000000018d28800 JavaThread "GC Daemon" daemon [_thread_blocked, id=3132, stack(0x00000000196e0000,0x00000000197e0000)]
  0x0000000018d0f000 JavaThread "RMI Reaper" [_thread_blocked, id=13756, stack(0x00000000195e0000,0x00000000196e0000)]
  0x0000000018cb9000 JavaThread "Timer-0" daemon [_thread_blocked, id=19328, stack(0x00000000193e0000,0x00000000194e0000)]
  0x0000000018cb0800 JavaThread "RMI TCP Accept-17628" daemon [_thread_in_native, id=16188, stack(0x00000000192e0000,0x00000000193e0000)]
  0x0000000018056800 JavaThread "Service Thread" daemon [_thread_blocked, id=2308, stack(0x00000000188c0000,0x00000000189c0000)]
  0x0000000017fcb000 JavaThread "C1 CompilerThread2" daemon [_thread_blocked, id=1992, stack(0x00000000187c0000,0x00000000188c0000)]
  0x0000000016c1e000 JavaThread "C2 CompilerThread1" daemon [_thread_in_native, id=8840, stack(0x00000000186c0000,0x00000000187c0000)]
=>0x0000000016c19000 JavaThread "C2 CompilerThread0" daemon [_thread_in_native, id=9732, stack(0x00000000185c0000,0x00000000186c0000)]
  0x0000000016bce800 JavaThread "Attach Listener" daemon [_thread_blocked, id=20808, stack(0x00000000184c0000,0x00000000185c0000)]
  0x0000000017fc8800 JavaThread "Signal Dispatcher" daemon [_thread_blocked, id=14772, stack(0x00000000183c0000,0x00000000184c0000)]
  0x000000000321d800 JavaThread "Finalizer" daemon [_thread_blocked, id=21144, stack(0x0000000017e20000,0x0000000017f20000)]
  0x0000000003212800 JavaThread "Reference Handler" daemon [_thread_blocked, id=15868, stack(0x0000000017d20000,0x0000000017e20000)]

Other Threads:
  0x0000000016b86000 VMThread [stack: 0x0000000017c20000,0x0000000017d20000] [id=18172]
  0x0000000018057800 WatcherThread [stack: 0x00000000189c0000,0x0000000018ac0000] [id=5604]

VM state:not at safepoint (normal execution)

VM Mutex/Monitor currently owned by a thread: None

Heap:
 PSYoungGen      total 102400K, used 47181K [0x00000000e0000000, 0x00000000e8800000, 0x0000000100000000)
  eden space 76800K, 28% used [0x00000000e0000000,0x00000000e15151d0,0x00000000e4b00000)
  from space 25600K, 99% used [0x00000000e6700000,0x00000000e7ffe2d0,0x00000000e8000000)
  to   space 28672K, 0% used [0x00000000e4b00000,0x00000000e4b00000,0x00000000e6700000)
 ParOldGen       total 125440K, used 50187K [0x00000000a0000000, 0x00000000a7a80000, 0x00000000e0000000)
  object space 125440K, 40% used [0x00000000a0000000,0x00000000a3102c08,0x00000000a7a80000)
 Metaspace       used 56934K, capacity 58005K, committed 58288K, reserved 1099776K
  class space    used 6806K, capacity 7077K, committed 7088K, reserved 1048576K

Card table byte_map: [0x00000000125f0000,0x0000000012900000] byte_map_base: 0x00000000120f0000

Marking Bits: (ParMarkBitMap*) 0x0000000054b64970
 Begin Bits: [0x0000000012f00000, 0x0000000014700000)
 End Bits:   [0x0000000014700000, 0x0000000015f00000)

Polling page: 0x0000000002ca0000

CodeCache: size=245760Kb used=21597Kb max_used=21608Kb free=224162Kb
 bounds [0x0000000003230000, 0x0000000004770000, 0x0000000012230000]
 total_blobs=7136 nmethods=6582 adapters=466
 compilation: enabled

Compilation events (10 events):
Event: 16.292 Thread 0x0000000017fcb000 7482       3       sun.security.x509.AVA::isDerString (140 bytes)
Event: 16.292 Thread 0x0000000017fcb000 nmethod 7482 0x0000000004758310 code [0x0000000004758480, 0x0000000004758690]
Event: 16.292 Thread 0x0000000017fcb000 7484       3       sun.security.x509.X509CertInfo::get (289 bytes)
Event: 16.294 Thread 0x0000000017fcb000 nmethod 7484 0x000000000475bf90 code [0x000000000475c360, 0x000000000475e1a8]
Event: 16.294 Thread 0x0000000017fcb000 7485       3       sun.security.x509.X509CertInfo::attributeMap (24 bytes)
Event: 16.295 Thread 0x0000000016c1e000 nmethod 7466 0x000000000475f090 code [0x000000000475f280, 0x000000000475fe60]
Event: 16.295 Thread 0x0000000016c1e000 7472       4       java.lang.CharacterDataLatin1::isWhitespace (23 bytes)
Event: 16.295 Thread 0x0000000017fcb000 nmethod 7485 0x000000000475b590 code [0x000000000475b740, 0x000000000475bd78]
Event: 16.296 Thread 0x0000000016c1e000 nmethod 7472 0x0000000004760c50 code [0x0000000004760d80, 0x0000000004760e18]
Event: 16.296 Thread 0x0000000016c1e000 7467   !   4       java.lang.StringCoding::decode (120 bytes)

GC Heap History (10 events):
Event: 7.612 GC heap before
{Heap before GC invocations=9 (full 3):
 PSYoungGen      total 60928K, used 5108K [0x00000000e0000000, 0x00000000e9200000, 0x0000000100000000)
  eden space 55808K, 0% used [0x00000000e0000000,0x00000000e0000000,0x00000000e3680000)
  from space 5120K, 99% used [0x00000000e4f80000,0x00000000e547d370,0x00000000e5480000)
  to   space 25600K, 0% used [0x00000000e3680000,0x00000000e3680000,0x00000000e4f80000)
 ParOldGen       total 67584K, used 45887K [0x00000000a0000000, 0x00000000a4200000, 0x00000000e0000000)
  object space 67584K, 67% used [0x00000000a0000000,0x00000000a2ccfce0,0x00000000a4200000)
 Metaspace       used 34625K, capacity 35121K, committed 35496K, reserved 1081344K
  class space    used 4392K, capacity 4564K, committed 4656K, reserved 1048576K
Event: 7.727 GC heap after
Heap after GC invocations=9 (full 3):
 PSYoungGen      total 60928K, used 0K [0x00000000e0000000, 0x00000000e9200000, 0x0000000100000000)
  eden space 55808K, 0% used [0x00000000e0000000,0x00000000e0000000,0x00000000e3680000)
  from space 5120K, 0% used [0x00000000e4f80000,0x00000000e4f80000,0x00000000e5480000)
  to   space 25600K, 0% used [0x00000000e3680000,0x00000000e3680000,0x00000000e4f80000)
 ParOldGen       total 125440K, used 25354K [0x00000000a0000000, 0x00000000a7a80000, 0x00000000e0000000)
  object space 125440K, 20% used [0x00000000a0000000,0x00000000a18c2bf0,0x00000000a7a80000)
 Metaspace       used 34625K, capacity 35121K, committed 35496K, reserved 1081344K
  class space    used 4392K, capacity 4564K, committed 4656K, reserved 1048576K
}
Event: 9.113 GC heap before
{Heap before GC invocations=10 (full 3):
 PSYoungGen      total 60928K, used 55808K [0x00000000e0000000, 0x00000000e9200000, 0x0000000100000000)
  eden space 55808K, 100% used [0x00000000e0000000,0x00000000e3680000,0x00000000e3680000)
  from space 5120K, 0% used [0x00000000e4f80000,0x00000000e4f80000,0x00000000e5480000)
  to   space 25600K, 0% used [0x00000000e3680000,0x00000000e3680000,0x00000000e4f80000)
 ParOldGen       total 125440K, used 25354K [0x00000000a0000000, 0x00000000a7a80000, 0x00000000e0000000)
  object space 125440K, 20% used [0x00000000a0000000,0x00000000a18c2bf0,0x00000000a7a80000)
 Metaspace       used 41109K, capacity 41771K, committed 42288K, reserved 1085440K
  class space    used 5175K, capacity 5347K, committed 5424K, reserved 1048576K
Event: 9.132 GC heap after
Heap after GC invocations=10 (full 3):
 PSYoungGen      total 81408K, used 15999K [0x00000000e0000000, 0x00000000e8000000, 0x0000000100000000)
  eden space 55808K, 0% used [0x00000000e0000000,0x00000000e0000000,0x00000000e3680000)
  from space 25600K, 62% used [0x00000000e3680000,0x00000000e461ff50,0x00000000e4f80000)
  to   space 25600K, 0% used [0x00000000e6700000,0x00000000e6700000,0x00000000e8000000)
 ParOldGen       total 125440K, used 25362K [0x00000000a0000000, 0x00000000a7a80000, 0x00000000e0000000)
  object space 125440K, 20% used [0x00000000a0000000,0x00000000a18c4bf0,0x00000000a7a80000)
 Metaspace       used 41109K, capacity 41771K, committed 42288K, reserved 1085440K
  class space    used 5175K, capacity 5347K, committed 5424K, reserved 1048576K
}
Event: 10.101 GC heap before
{Heap before GC invocations=11 (full 3):
 PSYoungGen      total 81408K, used 71807K [0x00000000e0000000, 0x00000000e8000000, 0x0000000100000000)
  eden space 55808K, 100% used [0x00000000e0000000,0x00000000e3680000,0x00000000e3680000)
  from space 25600K, 62% used [0x00000000e3680000,0x00000000e461ff50,0x00000000e4f80000)
  to   space 25600K, 0% used [0x00000000e6700000,0x00000000e6700000,0x00000000e8000000)
 ParOldGen       total 125440K, used 25362K [0x00000000a0000000, 0x00000000a7a80000, 0x00000000e0000000)
  object space 125440K, 20% used [0x00000000a0000000,0x00000000a18c4bf0,0x00000000a7a80000)
 Metaspace       used 43314K, capacity 44021K, committed 44464K, reserved 1087488K
  class space    used 5354K, capacity 5520K, committed 5552K, reserved 1048576K
Event: 10.127 GC heap after
Heap after GC invocations=11 (full 3):
 PSYoungGen      total 102400K, used 22634K [0x00000000e0000000, 0x00000000e8800000, 0x0000000100000000)
  eden space 76800K, 0% used [0x00000000e0000000,0x00000000e0000000,0x00000000e4b00000)
  from space 25600K, 88% used [0x00000000e6700000,0x00000000e7d1aa58,0x00000000e8000000)
  to   space 28672K, 0% used [0x00000000e4b00000,0x00000000e4b00000,0x00000000e6700000)
 ParOldGen       total 125440K, used 25370K [0x00000000a0000000, 0x00000000a7a80000, 0x00000000e0000000)
  object space 125440K, 20% used [0x00000000a0000000,0x00000000a18c6bf0,0x00000000a7a80000)
 Metaspace       used 43314K, capacity 44021K, committed 44464K, reserved 1087488K
  class space    used 5354K, capacity 5520K, committed 5552K, reserved 1048576K
}
Event: 13.562 GC heap before
{Heap before GC invocations=12 (full 3):
 PSYoungGen      total 102400K, used 99434K [0x00000000e0000000, 0x00000000e8800000, 0x0000000100000000)
  eden space 76800K, 100% used [0x00000000e0000000,0x00000000e4b00000,0x00000000e4b00000)
  from space 25600K, 88% used [0x00000000e6700000,0x00000000e7d1aa58,0x00000000e8000000)
  to   space 28672K, 0% used [0x00000000e4b00000,0x00000000e4b00000,0x00000000e6700000)
 ParOldGen       total 125440K, used 25370K [0x00000000a0000000, 0x00000000a7a80000, 0x00000000e0000000)
  object space 125440K, 20% used [0x00000000a0000000,0x00000000a18c6bf0,0x00000000a7a80000)
 Metaspace       used 52715K, capacity 53703K, committed 54064K, reserved 1097728K
  class space    used 6434K, capacity 6676K, committed 6704K, reserved 1048576K
Event: 13.600 GC heap after
Heap after GC invocations=12 (full 3):
 PSYoungGen      total 105472K, used 28658K [0x00000000e0000000, 0x00000000e8800000, 0x0000000100000000)
  eden space 76800K, 0% used [0x00000000e0000000,0x00000000e0000000,0x00000000e4b00000)
  from space 28672K, 99% used [0x00000000e4b00000,0x00000000e66fc958,0x00000000e6700000)
  to   space 25600K, 0% used [0x00000000e6700000,0x00000000e6700000,0x00000000e8000000)
 ParOldGen       total 125440K, used 28182K [0x00000000a0000000, 0x00000000a7a80000, 0x00000000e0000000)
  object space 125440K, 22% used [0x00000000a0000000,0x00000000a1b85868,0x00000000a7a80000)
 Metaspace       used 52715K, capacity 53703K, committed 54064K, reserved 1097728K
  class space    used 6434K, capacity 6676K, committed 6704K, reserved 1048576K
}
Event: 15.613 GC heap before
{Heap before GC invocations=13 (full 3):
 PSYoungGen      total 105472K, used 105458K [0x00000000e0000000, 0x00000000e8800000, 0x0000000100000000)
  eden space 76800K, 100% used [0x00000000e0000000,0x00000000e4b00000,0x00000000e4b00000)
  from space 28672K, 99% used [0x00000000e4b00000,0x00000000e66fc958,0x00000000e6700000)
  to   space 25600K, 0% used [0x00000000e6700000,0x00000000e6700000,0x00000000e8000000)
 ParOldGen       total 125440K, used 28182K [0x00000000a0000000, 0x00000000a7a80000, 0x00000000e0000000)
  object space 125440K, 22% used [0x00000000a0000000,0x00000000a1b85868,0x00000000a7a80000)
 Metaspace       used 54207K, capacity 55161K, committed 55472K, reserved 1097728K
  class space    used 6534K, capacity 6774K, committed 6832K, reserved 1048576K
Event: 15.668 GC heap after
Heap after GC invocations=13 (full 3):
 PSYoungGen      total 102400K, used 25592K [0x00000000e0000000, 0x00000000e8800000, 0x0000000100000000)
  eden space 76800K, 0% used [0x00000000e0000000,0x00000000e0000000,0x00000000e4b00000)
  from space 25600K, 99% used [0x00000000e6700000,0x00000000e7ffe2d0,0x00000000e8000000)
  to   space 28672K, 0% used [0x00000000e4b00000,0x00000000e4b00000,0x00000000e6700000)
 ParOldGen       total 125440K, used 50187K [0x00000000a0000000, 0x00000000a7a80000, 0x00000000e0000000)
  object space 125440K, 40% used [0x00000000a0000000,0x00000000a3102c08,0x00000000a7a80000)
 Metaspace       used 54207K, capacity 55161K, committed 55472K, reserved 1097728K
  class space    used 6534K, capacity 6774K, committed 6832K, reserved 1048576K
}

Deoptimization events (10 events):
Event: 16.057 Thread 0x0000000018dca800 Uncommon trap: reason=unstable_if action=reinterpret pc=0x0000000004353754 method=java.util.HashMap.putVal(ILjava/lang/Object;Ljava/lang/Object;ZZ)Ljava/lang/Object; @ 236
Event: 16.076 Thread 0x0000000018dca800 Uncommon trap: reason=class_check action=maybe_recompile pc=0x00000000044e3784 method=java.lang.StringCoding$StringDecoder.decode([BII)[C @ 30
Event: 16.079 Thread 0x0000000018dca800 Uncommon trap: reason=class_check action=maybe_recompile pc=0x00000000044e3784 method=java.lang.StringCoding$StringDecoder.decode([BII)[C @ 30
Event: 16.085 Thread 0x0000000018dca800 Uncommon trap: reason=class_check action=maybe_recompile pc=0x00000000044e3784 method=java.lang.StringCoding$StringDecoder.decode([BII)[C @ 30
Event: 16.101 Thread 0x0000000018dca800 Uncommon trap: reason=class_check action=maybe_recompile pc=0x00000000044e3784 method=java.lang.StringCoding$StringDecoder.decode([BII)[C @ 30
Event: 16.102 Thread 0x0000000018dca800 Uncommon trap: reason=class_check action=maybe_recompile pc=0x00000000044de228 method=java.lang.StringCoding$StringDecoder.decode([BII)[C @ 30
Event: 16.102 Thread 0x0000000018dca800 Uncommon trap: reason=class_check action=maybe_recompile pc=0x00000000044e4fec method=java.lang.StringCoding$StringDecoder.decode([BII)[C @ 30
Event: 16.171 Thread 0x0000000018dca800 Uncommon trap: reason=bimorphic action=maybe_recompile pc=0x00000000041638ec method=java.security.SecureClassLoader.getProtectionDomain(Ljava/security/CodeSource;)Ljava/security/ProtectionDomain; @ 33
Event: 16.183 Thread 0x0000000018dca800 Uncommon trap: reason=bimorphic action=maybe_recompile pc=0x00000000041638ec method=java.security.SecureClassLoader.getProtectionDomain(Ljava/security/CodeSource;)Ljava/security/ProtectionDomain; @ 33
Event: 16.280 Thread 0x0000000018dca800 Uncommon trap: reason=unstable_if action=reinterpret pc=0x00000000036d2b78 method=java.lang.String.indexOf([CII[CIII)I @ 27

Classes redefined (0 events):
No events

Internal exceptions (10 events):
Event: 8.356 Thread 0x0000000018d0c000 Implicit null exception at 0x0000000003b73c50 to 0x0000000003b73d4d
Event: 8.462 Thread 0x0000000018d0c000 Exception <a 'java/lang/NoSuchMethodError': java.lang.Object.lambda$static$0(I)[Lorg/jetbrains/kotlin/com/intellij/psi/PsiTypeParameter;> (0x00000000e18d0078) thrown at [D:\src\AOSP-openjdk-cygwin\jdk8u\hotspot\src\share\vm\interpreter\linkResolver.cpp, l
Event: 8.553 Thread 0x0000000018d0c000 Exception <a 'java/lang/NoSuchMethodError': java.lang.Object.lambda$static$0(I)[Lorg/jetbrains/kotlin/com/intellij/psi/PsiMethod;> (0x00000000e1e2d118) thrown at [D:\src\AOSP-openjdk-cygwin\jdk8u\hotspot\src\share\vm\interpreter\linkResolver.cpp, line 584
Event: 8.588 Thread 0x0000000018d0c000 Exception <a 'java/lang/NoSuchMethodError': java.lang.Object.lambda$static$0(I)[Lorg/jetbrains/kotlin/com/intellij/psi/PsiJavaCodeReferenceElement;> (0x00000000e1f285b8) thrown at [D:\src\AOSP-openjdk-cygwin\jdk8u\hotspot\src\share\vm\interpreter\linkReso
Event: 9.045 Thread 0x0000000018d0c000 Exception <a 'java/lang/NoSuchMethodError': java.lang.Object.lambda$static$0(I)[Lorg/jetbrains/kotlin/psi/KtTypeElement;> (0x00000000e32a1228) thrown at [D:\src\AOSP-openjdk-cygwin\jdk8u\hotspot\src\share\vm\interpreter\linkResolver.cpp, line 584]
Event: 9.428 Thread 0x0000000018d0c000 Exception <a 'java/lang/NoSuchMethodError': java.lang.Object.lambda$static$0(I)[Lorg/jetbrains/kotlin/psi/KtDeclaration;> (0x00000000e18f6af0) thrown at [D:\src\AOSP-openjdk-cygwin\jdk8u\hotspot\src\share\vm\interpreter\linkResolver.cpp, line 584]
Event: 10.538 Thread 0x0000000018d0c000 Implicit null exception at 0x000000000374c8cc to 0x000000000374c981
Event: 10.996 Thread 0x0000000018d0c000 Exception <a 'java/lang/NoSuchMethodError': java.lang.Object.lambda$static$0(Ljava/lang/Throwable;Ljava/lang/String;)V> (0x00000000e1d2aa58) thrown at [D:\src\AOSP-openjdk-cygwin\jdk8u\hotspot\src\share\vm\interpreter\linkResolver.cpp, line 584]
Event: 11.136 Thread 0x0000000018d0c000 Exception <a 'java/lang/NoSuchMethodError': java.lang.Object.lambda$static$0(Lorg/jetbrains/kotlin/descriptors/ValueParameterDescriptor;Lorg/jetbrains/kotlin/codegen/ExpressionCodegen;)Lorg/jetbrains/kotlin/codegen/StackValue;> (0x00000000e22e40d0) thrown
Event: 12.445 Thread 0x0000000018d0c000 Exception <a 'java/lang/NoSuchMethodError': <clinit>> (0x00000000e42d0698) thrown at [D:\src\AOSP-openjdk-cygwin\jdk8u\hotspot\src\share\vm\prims\jni.cpp, line 1613]

Events (10 events):
Event: 16.290 loading class sun/security/provider/certpath/CertPathHelper done
Event: 16.290 loading class java/security/cert/CertPathHelperImpl done
Event: 16.290 loading class java/security/cert/CertificateParsingException
Event: 16.290 loading class java/security/cert/CertificateParsingException done
Event: 16.291 loading class sun/security/provider/certpath/UntrustedChecker
Event: 16.291 loading class sun/security/provider/certpath/UntrustedChecker done
Event: 16.291 loading class sun/security/util/UntrustedCertificates
Event: 16.292 loading class sun/security/util/UntrustedCertificates done
Event: 16.292 loading class sun/security/util/UntrustedCertificates$1
Event: 16.292 loading class sun/security/util/UntrustedCertificates$1 done


Dynamic libraries:
0x00007ff7da890000 - 0x00007ff7da8c1000 	C:\Program Files\Android\Android Studio\jre\jre\bin\java.exe
0x00007ff87e3e0000 - 0x00007ff87e5c1000 	C:\WINDOWS\SYSTEM32\ntdll.dll
0x00007ff87da30000 - 0x00007ff87dae2000 	C:\WINDOWS\System32\KERNEL32.DLL
0x00007ff87a8c0000 - 0x00007ff87ab33000 	C:\WINDOWS\System32\KERNELBASE.dll
0x00007ff87be70000 - 0x00007ff87bf11000 	C:\WINDOWS\System32\ADVAPI32.dll
0x00007ff87db60000 - 0x00007ff87dbfe000 	C:\WINDOWS\System32\msvcrt.dll
0x00007ff87d690000 - 0x00007ff87d6eb000 	C:\WINDOWS\System32\sechost.dll
0x00007ff87d390000 - 0x00007ff87d4b4000 	C:\WINDOWS\System32\RPCRT4.dll
0x00007ff87d6f0000 - 0x00007ff87d880000 	C:\WINDOWS\System32\USER32.dll
0x00007ff87adb0000 - 0x00007ff87add0000 	C:\WINDOWS\System32\win32u.dll
0x00007ff87ba10000 - 0x00007ff87ba38000 	C:\WINDOWS\System32\GDI32.dll
0x00007ff87b6d0000 - 0x00007ff87b862000 	C:\WINDOWS\System32\gdi32full.dll
0x00007ff87ad10000 - 0x00007ff87adaf000 	C:\WINDOWS\System32\msvcp_win.dll
0x00007ff87ac10000 - 0x00007ff87ad0a000 	C:\WINDOWS\System32\ucrtbase.dll
0x00007ff863560000 - 0x00007ff8637c9000 	C:\WINDOWS\WinSxS\amd64_microsoft.windows.common-controls_6595b64144ccf1df_6.0.17134.407_none_fb449d63306391e9\COMCTL32.dll
0x00007ff87bb30000 - 0x00007ff87be52000 	C:\WINDOWS\System32\combase.dll
0x00007ff87ab90000 - 0x00007ff87ac0a000 	C:\WINDOWS\System32\bcryptPrimitives.dll
0x00007ff87e380000 - 0x00007ff87e3ad000 	C:\WINDOWS\System32\IMM32.DLL
0x0000000055100000 - 0x00000000551d2000 	C:\Program Files\Android\Android Studio\jre\jre\bin\msvcr100.dll
0x00000000543a0000 - 0x0000000054bdf000 	C:\Program Files\Android\Android Studio\jre\jre\bin\server\jvm.dll
0x00007ff87d4c0000 - 0x00007ff87d4c8000 	C:\WINDOWS\System32\PSAPI.DLL
0x00007ff8772a0000 - 0x00007ff8772c3000 	C:\WINDOWS\SYSTEM32\WINMM.dll
0x00007ff8634f0000 - 0x00007ff8634f9000 	C:\WINDOWS\SYSTEM32\WSOCK32.dll
0x00007ff86cfe0000 - 0x00007ff86cfea000 	C:\WINDOWS\SYSTEM32\VERSION.dll
0x00007ff877270000 - 0x00007ff87729a000 	C:\WINDOWS\SYSTEM32\WINMMBASE.dll
0x00007ff87daf0000 - 0x00007ff87db5c000 	C:\WINDOWS\System32\WS2_32.dll
0x00007ff87ab40000 - 0x00007ff87ab89000 	C:\WINDOWS\System32\cfgmgr32.dll
0x00007ff8770f0000 - 0x00007ff8770ff000 	C:\Program Files\Android\Android Studio\jre\jre\bin\verify.dll
0x00007ff877030000 - 0x00007ff877059000 	C:\Program Files\Android\Android Studio\jre\jre\bin\java.dll
0x00007ff8756d0000 - 0x00007ff8756e6000 	C:\Program Files\Android\Android Studio\jre\jre\bin\zip.dll
0x00007ff87bf50000 - 0x00007ff87d38f000 	C:\WINDOWS\System32\SHELL32.dll
0x00007ff87d980000 - 0x00007ff87da29000 	C:\WINDOWS\System32\shcore.dll
0x00007ff87afc0000 - 0x00007ff87b6cd000 	C:\WINDOWS\System32\windows.storage.dll
0x00007ff87ded0000 - 0x00007ff87df21000 	C:\WINDOWS\System32\shlwapi.dll
0x00007ff87a790000 - 0x00007ff87a7a1000 	C:\WINDOWS\System32\kernel.appcore.dll
0x00007ff87a700000 - 0x00007ff87a71f000 	C:\WINDOWS\System32\profapi.dll
0x00007ff87a720000 - 0x00007ff87a76c000 	C:\WINDOWS\System32\powrprof.dll
0x00007ff87a6f0000 - 0x00007ff87a6fa000 	C:\WINDOWS\System32\FLTLIB.DLL
0x00007ff877080000 - 0x00007ff87708d000 	C:\Program Files\Android\Android Studio\jre\jre\bin\management.dll
0x00007ff86f450000 - 0x00007ff86f46a000 	C:\Program Files\Android\Android Studio\jre\jre\bin\net.dll
0x00007ff879f10000 - 0x00007ff879f76000 	C:\WINDOWS\system32\mswsock.dll
0x00007ff86f410000 - 0x00007ff86f421000 	C:\Program Files\Android\Android Studio\jre\jre\bin\nio.dll
0x00007ff87a0c0000 - 0x00007ff87a0d7000 	C:\WINDOWS\SYSTEM32\CRYPTSP.dll
0x00007ff879af0000 - 0x00007ff879b23000 	C:\WINDOWS\system32\rsaenh.dll
0x00007ff87a1f0000 - 0x00007ff87a215000 	C:\WINDOWS\SYSTEM32\bcrypt.dll
0x00007ff87a620000 - 0x00007ff87a648000 	C:\WINDOWS\SYSTEM32\USERENV.dll
0x00007ff87a0e0000 - 0x00007ff87a0eb000 	C:\WINDOWS\SYSTEM32\CRYPTBASE.dll
0x00007ff879c90000 - 0x00007ff879cc8000 	C:\WINDOWS\SYSTEM32\IPHLPAPI.DLL
0x00007ff87be60000 - 0x00007ff87be68000 	C:\WINDOWS\System32\NSI.dll
0x00007ff870c90000 - 0x00007ff870ca6000 	C:\WINDOWS\SYSTEM32\dhcpcsvc6.DLL
0x00007ff8711b0000 - 0x00007ff8711ca000 	C:\WINDOWS\SYSTEM32\dhcpcsvc.DLL
0x00007ff8669f0000 - 0x00007ff866a14000 	C:\Program Files\Android\Android Studio\jre\jre\bin\sunec.dll
0x00007ff8762c0000 - 0x00007ff8762cb000 	C:\Program Files\Android\Android Studio\jre\jre\bin\sunmscapi.dll
0x00007ff87add0000 - 0x00007ff87afb2000 	C:\WINDOWS\System32\CRYPT32.dll
0x00007ff87a770000 - 0x00007ff87a782000 	C:\WINDOWS\System32\MSASN1.dll
0x00007ff879cd0000 - 0x00007ff879d8e000 	C:\WINDOWS\SYSTEM32\DNSAPI.dll
0x00007ff86e410000 - 0x00007ff86e41a000 	C:\Windows\System32\rasadhlp.dll
0x00007ff86e570000 - 0x00007ff86e5e2000 	C:\WINDOWS\System32\fwpuclnt.dll

VM Arguments:
jvm_args: -Djava.awt.headless=true -Djava.rmi.server.hostname=localhost -Xmx1536m -Dkotlin.environment.keepalive 
java_command: org.jetbrains.kotlin.daemon.KotlinCompileDaemon --daemon-runFilesPath C:\Users\kjina\AppData\Local\kotlin\daemon --daemon-autoshutdownIdleSeconds=7200 --daemon-compilerClasspath C:\Users\kjina\.gradle\caches\modules-2\files-2.1\org.jetbrains.kotlin\kotlin-compiler-embeddable\1.2.31\29128887c407ed331d6dceef1a943ef0e51d6cfd\kotlin-compiler-embeddable-1.2.31.jar;C:\Users\kjina\.gradle\caches\modules-2\files-2.1\org.jetbrains.kotlin\kotlin-stdlib\1.2.40\d39920020ab3e74f406a8e142fb94b360f3f80f8\kotlin-stdlib-1.2.40.jar;C:\Users\kjina\.gradle\caches\modules-2\files-2.1\org.jetbrains.kotlin\kotlin-script-runtime\1.2.31\7904e817466f39297419e7ba3f296a2b86bb48be\kotlin-script-runtime-1.2.31.jar;C:\Users\kjina\.gradle\caches\modules-2\files-2.1\org.jetbrains.kotlin\kotlin-reflect\1.2.31\17c564968cae80b954b294f8564c492da56bd7b5\kotlin-reflect-1.2.31.jar;C:\Program Files\Android\Android Studio\jre\lib\tools.jar
java_class_path (initial): C:\Users\kjina\.gradle\caches\modules-2\files-2.1\org.jetbrains.kotlin\kotlin-compiler-embeddable\1.2.31\29128887c407ed331d6dceef1a943ef0e51d6cfd\kotlin-compiler-embeddable-1.2.31.jar;C:\Users\kjina\.gradle\caches\modules-2\files-2.1\org.jetbrains.kotlin\kotlin-stdlib\1.2.40\d39920020ab3e74f406a8e142fb94b360f3f80f8\kotlin-stdlib-1.2.40.jar;C:\Users\kjina\.gradle\caches\modules-2\files-2.1\org.jetbrains.kotlin\kotlin-script-runtime\1.2.31\7904e817466f39297419e7ba3f296a2b86bb48be\kotlin-script-runtime-1.2.31.jar;C:\Users\kjina\.gradle\caches\modules-2\files-2.1\org.jetbrains.kotlin\kotlin-reflect\1.2.31\17c564968cae80b954b294f8564c492da56bd7b5\kotlin-reflect-1.2.31.jar;C:\Program Files\Android\Android Studio\jre\lib\tools.jar
Launcher Type: SUN_STANDARD

Environment Variables:
PATH=C:\ProgramData\Oracle\Java\javapath;C:\Python27\;C:\Python27\Scripts;C:\Program Files (x86)\Intel\iCLS Client\;C:\Program Files\Intel\iCLS Client\;C:\WINDOWS\system32;C:\WINDOWS;C:\WINDOWS\System32\Wbem;C:\WINDOWS\System32\WindowsPowerShell\v1.0\;C:\Program Files (x86)\Intel\Intel(R) Management Engine Components\DAL;C:\Program Files\Intel\Intel(R) Management Engine Components\DAL;C:\Program Files (x86)\Intel\Intel(R) Management Engine Components\IPT;C:\Program Files\Intel\Intel(R) Management Engine Components\IPT;C:\WINDOWS\system32\config\systemprofile\.dnx\bin;C:\Program Files\Microsoft DNX\Dnvm\;C:\Program Files (x86)\Windows Kits\8.1\Windows Performance Toolkit\;C:\Program Files (x86)\GtkSharp\2.12\bin;C:\ Python27\Lib\site-packages;C:\Program Files\Intel\WiFi\bin\;C:\Program Files\Common Files\Intel\WirelessCommon\;C:\WINDOWS\System32\OpenSSH\;C:\Program Files\MySQL\MySQL Server 8.0\bin;C:\Program Files\nodejs\;C:\Program Files (x86)\PuTTY\;C:\Program Files\Git\cmd;C:\Users\kjina\Anaconda2;C:\Users\kjina\Anaconda2\Scripts;C:\Users\kjina\Anaconda2\Library\bin;C:\Modeltech_pe_edu_10.4a\win32pe_edu;C:\Users\kjina\AppData\Local\Microsoft\WindowsApps;C:\Users\kjina\AppData\Local\GitHubDesktop\bin;C:\Users\kjina\AppData\Roaming\npm
USERNAME=kjina
OS=Windows_NT
PROCESSOR_IDENTIFIER=Intel64 Family 6 Model 78 Stepping 3, GenuineIntel



---------------  S Y S T E M  ---------------

OS: Windows 10.0 , 64 bit Build 17134 (10.0.17134.1)

CPU:total 4 (initial active 4) (2 cores per cpu, 2 threads per core) family 6 model 78 stepping 3, cmov, cx8, fxsr, mmx, sse, sse2, sse3, ssse3, sse4.1, sse4.2, popcnt, avx, avx2, aes, clmul, erms, 3dnowpref, lzcnt, ht, tsc, tscinvbit, bmi1, bmi2, adx

Memory: 4k page, physical 8248932k(1018672k free), swap 8248932k(5808k free)

vm_info: OpenJDK 64-Bit Server VM (25.152-b02) for windows-amd64 JRE (1.8.0_152-release-1024-b02), built by "builder" with MS VC++ 10.0 (VS2010)

time: Mon Dec 10 22:58:29 2018
elapsed time: 16 seconds (0d 0h 0m 16s)

