#
# There is insufficient memory for the Java Runtime Environment to continue.
# Native memory allocation (malloc) failed to allocate 1673616 bytes for Chunk::new
# Possible reasons:
#   The system is out of physical RAM or swap space
#   In 32 bit mode, the process size limit was hit
# Possible solutions:
#   Reduce memory load on the system
#   Increase physical memory or swap space
#   Check if swap backing store is full
#   Use 64 bit Java on a 64 bit OS
#   Decrease Java heap size (-Xmx/-Xms)
#   Decrease number of Java threads
#   Decrease Java thread stack sizes (-Xss)
#   Set larger code cache with -XX:ReservedCodeCacheSize=
# This output file may be truncated or incomplete.
#
#  Out of Memory Error (allocation.cpp:390), pid=13016, tid=0x00000000000042f8
#
# JRE version: OpenJDK Runtime Environment (8.0_152-b02) (build 1.8.0_152-release-1024-b02)
# Java VM: OpenJDK 64-Bit Server VM (25.152-b02 mixed mode windows-amd64 compressed oops)
# Failed to write core dump. Minidumps are not enabled by default on client versions of Windows
#

---------------  T H R E A D  ---------------

Current thread (0x00000000180da000):  JavaThread "C2 CompilerThread1" daemon [_thread_in_native, id=17144, stack(0x00000000187d0000,0x00000000188d0000)]

Stack: [0x00000000187d0000,0x00000000188d0000]
[error occurred during error reporting (printing stack bounds), id 0xc0000005]

Native frames: (J=compiled Java code, j=interpreted, Vv=VM code, C=native code)


Current CompileTask:
C2: 420017 15186   !   4       org.jetbrains.kotlin.serialization.ProtoBuf$Class::<init> (1786 bytes)


---------------  P R O C E S S  ---------------

Java Threads: ( => current thread )
  0x000000001b146800 JavaThread "RMI RenewClean-[localhost:60698,org.jetbrains.kotlin.daemon.common.LoopbackNetworkInterface$ClientLoopbackSocketFactory@620e67ad]" daemon [_thread_blocked, id=18484, stack(0x0000000022b60000,0x0000000022c60000)]
  0x000000001b142000 JavaThread "RMI TCP Connection(10)-127.0.0.1" daemon [_thread_in_vm, id=10572, stack(0x0000000022a60000,0x0000000022b60000)]
  0x000000001b141000 JavaThread "RMI TCP Connection(9)-127.0.0.1" daemon [_thread_in_native, id=1020, stack(0x0000000022960000,0x0000000022a60000)]
  0x000000001b147000 JavaThread "RMI RenewClean-[localhost:60698,org.jetbrains.kotlin.daemon.common.LoopbackNetworkInterface$ClientLoopbackSocketFactory@29e8837c]" daemon [_thread_blocked, id=18728, stack(0x0000000022460000,0x0000000022560000)]
  0x000000001d469000 JavaThread "RMI RenewClean-[localhost:60698,org.jetbrains.kotlin.daemon.common.LoopbackNetworkInterface$ClientLoopbackSocketFactory@2b094ee7]" daemon [_thread_blocked, id=1856, stack(0x00000000218f0000,0x00000000219f0000)]
  0x0000000018e0d800 JavaThread "RMI Scheduler(0)" daemon [_thread_blocked, id=16240, stack(0x0000000019bd0000,0x0000000019cd0000)]
  0x0000000003312800 JavaThread "DestroyJavaVM" [_thread_blocked, id=18988, stack(0x0000000003210000,0x0000000003310000)]
  0x0000000018db6800 JavaThread "GC Daemon" daemon [_thread_blocked, id=4424, stack(0x00000000197d0000,0x00000000198d0000)]
  0x0000000018ddf800 JavaThread "RMI Reaper" [_thread_blocked, id=1036, stack(0x00000000196d0000,0x00000000197d0000)]
  0x0000000018da1000 JavaThread "Timer-0" daemon [_thread_blocked, id=300, stack(0x00000000194d0000,0x00000000195d0000)]
  0x0000000018d98800 JavaThread "RMI TCP Accept-17217" daemon [_thread_in_native, id=6896, stack(0x00000000193d0000,0x00000000194d0000)]
  0x000000001814c000 JavaThread "Service Thread" daemon [_thread_blocked, id=2412, stack(0x00000000189d0000,0x0000000018ad0000)]
  0x0000000018121000 JavaThread "C1 CompilerThread2" daemon [_thread_in_vm, id=12824, stack(0x00000000188d0000,0x00000000189d0000)]
=>0x00000000180da000 JavaThread "C2 CompilerThread1" daemon [_thread_in_native, id=17144, stack(0x00000000187d0000,0x00000000188d0000)]
  0x0000000016ddb000 JavaThread "C2 CompilerThread0" daemon [_thread_in_native, id=20568, stack(0x00000000186d0000,0x00000000187d0000)]
  0x0000000016dda000 JavaThread "Attach Listener" daemon [_thread_blocked, id=20788, stack(0x00000000185d0000,0x00000000186d0000)]
  0x0000000016d8f800 JavaThread "Signal Dispatcher" daemon [_thread_blocked, id=4524, stack(0x00000000184d0000,0x00000000185d0000)]
  0x000000000340d800 JavaThread "Finalizer" daemon [_thread_blocked, id=9776, stack(0x0000000017fd0000,0x00000000180d0000)]
  0x0000000003402800 JavaThread "Reference Handler" daemon [_thread_blocked, id=12724, stack(0x0000000017ed0000,0x0000000017fd0000)]

Other Threads:
  0x0000000016d45800 VMThread [stack: 0x0000000017dd0000,0x0000000017ed0000] [id=7596]
  0x000000001814d000 WatcherThread [stack: 0x0000000018ad0000,0x0000000018bd0000] [id=17700]

VM state:not at safepoint (normal execution)

VM Mutex/Monitor currently owned by a thread: None

Heap:
 PSYoungGen      total 183296K, used 134842K [0x00000000e0000000, 0x00000000ef700000, 0x0000000100000000)
  eden space 143872K, 89% used [0x00000000e0000000,0x00000000e7d31a78,0x00000000e8c80000)
  from space 39424K, 16% used [0x00000000e8c80000,0x00000000e92fcec0,0x00000000eb300000)
  to   space 39424K, 0% used [0x00000000ed080000,0x00000000ed080000,0x00000000ef700000)
 ParOldGen       total 165376K, used 108568K [0x00000000a0000000, 0x00000000aa180000, 0x00000000e0000000)
  object space 165376K, 65% used [0x00000000a0000000,0x00000000a6a06260,0x00000000aa180000)
 Metaspace       used 70396K, capacity 71875K, committed 72216K, reserved 1114112K
  class space    used 8039K, capacity 8379K, committed 8472K, reserved 1048576K

Card table byte_map: [0x00000000127d0000,0x0000000012ae0000] byte_map_base: 0x00000000122d0000

Marking Bits: (ParMarkBitMap*) 0x0000000054b64970
 Begin Bits: [0x00000000130e0000, 0x00000000148e0000)
 End Bits:   [0x00000000148e0000, 0x00000000160e0000)

Polling page: 0x0000000000bf0000

CodeCache: size=245760Kb used=47618Kb max_used=47618Kb free=198141Kb
 bounds [0x0000000003410000, 0x00000000062d0000, 0x0000000012410000]
 total_blobs=13366 nmethods=12775 adapters=502
 compilation: enabled

Compilation events (10 events):
Event: 419.855 Thread 0x0000000018121000 15340       3       org.jetbrains.kotlin.psi.KtNamedFunction::getReceiverTypeRefByTree (62 bytes)
Event: 419.856 Thread 0x0000000018121000 nmethod 15340 0x00000000062babd0 code [0x00000000062bade0, 0x00000000062bb9b8]
Event: 419.856 Thread 0x0000000018121000 15339       3       org.jetbrains.kotlin.psi.KtNamedFunction::getReceiverTypeReference (58 bytes)
Event: 419.858 Thread 0x0000000018121000 nmethod 15339 0x00000000062bbd90 code [0x00000000062bc000, 0x00000000062bd198]
Event: 419.860 Thread 0x0000000018121000 15341       3       org.jetbrains.kotlin.resolve.lazy.ResolveSession::getPackageFragment (39 bytes)
Event: 419.861 Thread 0x0000000018121000 nmethod 15341 0x00000000062bd990 code [0x00000000062bdb60, 0x00000000062be2f8]
Event: 419.870 Thread 0x0000000018121000 15342       3       org.jetbrains.kotlin.resolve.scopes.receivers.ImplicitClassReceiver::getDeclarationDescriptor (8 bytes)
Event: 419.870 Thread 0x0000000018121000 nmethod 15342 0x00000000062be750 code [0x00000000062be8a0, 0x00000000062bea90]
Event: 419.875 Thread 0x0000000018121000 15345       3       org.jetbrains.kotlin.descriptors.impl.PropertyDescriptorImpl::getOriginal (5 bytes)
Event: 419.876 Thread 0x0000000018121000 nmethod 15345 0x00000000062beb10 code [0x00000000062bec80, 0x00000000062befc8]

GC Heap History (10 events):
Event: 40.143 GC heap before
{Heap before GC invocations=19 (full 4):
 PSYoungGen      total 123392K, used 97280K [0x00000000e0000000, 0x00000000e9a80000, 0x0000000100000000)
  eden space 97280K, 100% used [0x00000000e0000000,0x00000000e5f00000,0x00000000e5f00000)
  from space 26112K, 0% used [0x00000000e7b80000,0x00000000e7b80000,0x00000000e9500000)
  to   space 29184K, 0% used [0x00000000e5f00000,0x00000000e5f00000,0x00000000e7b80000)
 ParOldGen       total 165376K, used 37372K [0x00000000a0000000, 0x00000000aa180000, 0x00000000e0000000)
  object space 165376K, 22% used [0x00000000a0000000,0x00000000a247f1f0,0x00000000aa180000)
 Metaspace       used 60709K, capacity 61789K, committed 62232K, reserved 1103872K
  class space    used 7100K, capacity 7334K, committed 7448K, reserved 1048576K
Event: 40.181 GC heap after
Heap after GC invocations=19 (full 4):
 PSYoungGen      total 126464K, used 26463K [0x00000000e0000000, 0x00000000ebb00000, 0x0000000100000000)
  eden space 97280K, 0% used [0x00000000e0000000,0x00000000e0000000,0x00000000e5f00000)
  from space 29184K, 90% used [0x00000000e5f00000,0x00000000e78d7e10,0x00000000e7b80000)
  to   space 32256K, 0% used [0x00000000e9b80000,0x00000000e9b80000,0x00000000ebb00000)
 ParOldGen       total 165376K, used 37380K [0x00000000a0000000, 0x00000000aa180000, 0x00000000e0000000)
  object space 165376K, 22% used [0x00000000a0000000,0x00000000a24811f0,0x00000000aa180000)
 Metaspace       used 60709K, capacity 61789K, committed 62232K, reserved 1103872K
  class space    used 7100K, capacity 7334K, committed 7448K, reserved 1048576K
}
Event: 42.799 GC heap before
{Heap before GC invocations=20 (full 4):
 PSYoungGen      total 126464K, used 123743K [0x00000000e0000000, 0x00000000ebb00000, 0x0000000100000000)
  eden space 97280K, 100% used [0x00000000e0000000,0x00000000e5f00000,0x00000000e5f00000)
  from space 29184K, 90% used [0x00000000e5f00000,0x00000000e78d7e10,0x00000000e7b80000)
  to   space 32256K, 0% used [0x00000000e9b80000,0x00000000e9b80000,0x00000000ebb00000)
 ParOldGen       total 165376K, used 37380K [0x00000000a0000000, 0x00000000aa180000, 0x00000000e0000000)
  object space 165376K, 22% used [0x00000000a0000000,0x00000000a24811f0,0x00000000aa180000)
 Metaspace       used 61510K, capacity 62675K, committed 63000K, reserved 1105920K
  class space    used 7159K, capacity 7447K, committed 7448K, reserved 1048576K
Event: 42.888 GC heap after
Heap after GC invocations=20 (full 4):
 PSYoungGen      total 148992K, used 32237K [0x00000000e0000000, 0x00000000ed180000, 0x0000000100000000)
  eden space 116736K, 0% used [0x00000000e0000000,0x00000000e0000000,0x00000000e7200000)
  from space 32256K, 99% used [0x00000000e9b80000,0x00000000ebafb5c8,0x00000000ebb00000)
  to   space 42496K, 0% used [0x00000000e7200000,0x00000000e7200000,0x00000000e9b80000)
 ParOldGen       total 165376K, used 53392K [0x00000000a0000000, 0x00000000aa180000, 0x00000000e0000000)
  object space 165376K, 32% used [0x00000000a0000000,0x00000000a3424240,0x00000000aa180000)
 Metaspace       used 61510K, capacity 62675K, committed 63000K, reserved 1105920K
  class space    used 7159K, capacity 7447K, committed 7448K, reserved 1048576K
}
Event: 44.554 GC heap before
{Heap before GC invocations=21 (full 4):
 PSYoungGen      total 148992K, used 148973K [0x00000000e0000000, 0x00000000ed180000, 0x0000000100000000)
  eden space 116736K, 100% used [0x00000000e0000000,0x00000000e7200000,0x00000000e7200000)
  from space 32256K, 99% used [0x00000000e9b80000,0x00000000ebafb5c8,0x00000000ebb00000)
  to   space 42496K, 0% used [0x00000000e7200000,0x00000000e7200000,0x00000000e9b80000)
 ParOldGen       total 165376K, used 53392K [0x00000000a0000000, 0x00000000aa180000, 0x00000000e0000000)
  object space 165376K, 32% used [0x00000000a0000000,0x00000000a3424240,0x00000000aa180000)
 Metaspace       used 64315K, capacity 65507K, committed 65688K, reserved 1107968K
  class space    used 7544K, capacity 7807K, committed 7832K, reserved 1048576K
Event: 44.618 GC heap after
Heap after GC invocations=21 (full 4):
 PSYoungGen      total 159232K, used 18790K [0x00000000e0000000, 0x00000000ee980000, 0x0000000100000000)
  eden space 116736K, 0% used [0x00000000e0000000,0x00000000e0000000,0x00000000e7200000)
  from space 42496K, 44% used [0x00000000e7200000,0x00000000e8459920,0x00000000e9b80000)
  to   space 40448K, 0% used [0x00000000ec200000,0x00000000ec200000,0x00000000ee980000)
 ParOldGen       total 165376K, used 85430K [0x00000000a0000000, 0x00000000aa180000, 0x00000000e0000000)
  object space 165376K, 51% used [0x00000000a0000000,0x00000000a536dad8,0x00000000aa180000)
 Metaspace       used 64315K, capacity 65507K, committed 65688K, reserved 1107968K
  class space    used 7544K, capacity 7807K, committed 7832K, reserved 1048576K
}
Event: 47.856 GC heap before
{Heap before GC invocations=22 (full 4):
 PSYoungGen      total 159232K, used 135526K [0x00000000e0000000, 0x00000000ee980000, 0x0000000100000000)
  eden space 116736K, 100% used [0x00000000e0000000,0x00000000e7200000,0x00000000e7200000)
  from space 42496K, 44% used [0x00000000e7200000,0x00000000e8459920,0x00000000e9b80000)
  to   space 40448K, 0% used [0x00000000ec200000,0x00000000ec200000,0x00000000ee980000)
 ParOldGen       total 165376K, used 85430K [0x00000000a0000000, 0x00000000aa180000, 0x00000000e0000000)
  object space 165376K, 51% used [0x00000000a0000000,0x00000000a536dad8,0x00000000aa180000)
 Metaspace       used 66111K, capacity 67415K, committed 67736K, reserved 1110016K
  class space    used 7662K, capacity 7985K, committed 8088K, reserved 1048576K
Event: 47.920 GC heap after
Heap after GC invocations=22 (full 4):
 PSYoungGen      total 167936K, used 11368K [0x00000000e0000000, 0x00000000ed980000, 0x0000000100000000)
  eden space 143872K, 0% used [0x00000000e0000000,0x00000000e0000000,0x00000000e8c80000)
  from space 24064K, 47% used [0x00000000ec200000,0x00000000ecd1a018,0x00000000ed980000)
  to   space 39424K, 0% used [0x00000000e8c80000,0x00000000e8c80000,0x00000000eb300000)
 ParOldGen       total 165376K, used 99961K [0x00000000a0000000, 0x00000000aa180000, 0x00000000e0000000)
  object space 165376K, 60% used [0x00000000a0000000,0x00000000a619e4e8,0x00000000aa180000)
 Metaspace       used 66111K, capacity 67415K, committed 67736K, reserved 1110016K
  class space    used 7662K, capacity 7985K, committed 8088K, reserved 1048576K
}
Event: 56.732 GC heap before
{Heap before GC invocations=23 (full 4):
 PSYoungGen      total 167936K, used 155240K [0x00000000e0000000, 0x00000000ed980000, 0x0000000100000000)
  eden space 143872K, 100% used [0x00000000e0000000,0x00000000e8c80000,0x00000000e8c80000)
  from space 24064K, 47% used [0x00000000ec200000,0x00000000ecd1a018,0x00000000ed980000)
  to   space 39424K, 0% used [0x00000000e8c80000,0x00000000e8c80000,0x00000000eb300000)
 ParOldGen       total 165376K, used 99961K [0x00000000a0000000, 0x00000000aa180000, 0x00000000e0000000)
  object space 165376K, 60% used [0x00000000a0000000,0x00000000a619e4e8,0x00000000aa180000)
 Metaspace       used 69733K, capacity 71129K, committed 71320K, reserved 1112064K
  class space    used 7991K, capacity 8304K, committed 8344K, reserved 1048576K
Event: 56.758 GC heap after
Heap after GC invocations=23 (full 4):
 PSYoungGen      total 183296K, used 6643K [0x00000000e0000000, 0x00000000ef700000, 0x0000000100000000)
  eden space 143872K, 0% used [0x00000000e0000000,0x00000000e0000000,0x00000000e8c80000)
  from space 39424K, 16% used [0x00000000e8c80000,0x00000000e92fcec0,0x00000000eb300000)
  to   space 39424K, 0% used [0x00000000ed080000,0x00000000ed080000,0x00000000ef700000)
 ParOldGen       total 165376K, used 108568K [0x00000000a0000000, 0x00000000aa180000, 0x00000000e0000000)
  object space 165376K, 65% used [0x00000000a0000000,0x00000000a6a06260,0x00000000aa180000)
 Metaspace       used 69733K, capacity 71129K, committed 71320K, reserved 1112064K
  class space    used 7991K, capacity 8304K, committed 8344K, reserved 1048576K
}

Deoptimization events (10 events):
Event: 419.221 Thread 0x000000001b142000 Uncommon trap: reason=class_check action=maybe_recompile pc=0x0000000006217b20 method=org.jetbrains.kotlin.com.intellij.util.io.DataOutputStream.write([BII)V @ 7
Event: 419.265 Thread 0x000000001b142000 Uncommon trap: reason=class_check action=maybe_recompile pc=0x0000000006217b20 method=org.jetbrains.kotlin.com.intellij.util.io.DataOutputStream.write([BII)V @ 7
Event: 419.266 Thread 0x000000001b142000 Uncommon trap: reason=class_check action=maybe_recompile pc=0x0000000006217b20 method=org.jetbrains.kotlin.com.intellij.util.io.DataOutputStream.write([BII)V @ 7
Event: 419.266 Thread 0x000000001b142000 Uncommon trap: reason=class_check action=maybe_recompile pc=0x0000000006217b20 method=org.jetbrains.kotlin.com.intellij.util.io.DataOutputStream.write([BII)V @ 7
Event: 419.603 Thread 0x000000001b142000 Uncommon trap: reason=bimorphic action=maybe_recompile pc=0x0000000004612f00 method=org.jetbrains.kotlin.resolve.lazy.ForceResolveUtil.doForceResolveAllContents(Ljava/lang/Object;)V @ 13
Event: 419.627 Thread 0x000000001b142000 Uncommon trap: reason=bimorphic action=maybe_recompile pc=0x0000000004612f00 method=org.jetbrains.kotlin.resolve.lazy.ForceResolveUtil.doForceResolveAllContents(Ljava/lang/Object;)V @ 13
Event: 419.666 Thread 0x000000001b142000 Uncommon trap: reason=class_check action=maybe_recompile pc=0x0000000003c1c3cc method=org.jetbrains.kotlin.com.intellij.lang.impl.PsiBuilderImpl.skipWhitespace()V @ 72
Event: 419.730 Thread 0x000000001b142000 Uncommon trap: reason=class_check action=maybe_recompile pc=0x000000000597b5b8 method=org.jetbrains.kotlin.resolve.lazy.declarations.AbstractPsiBasedDeclarationProvider.getFunctionDeclarations(Lorg/jetbrains/kotlin/name/Name;)Ljava/util/Collection; @ 5
Event: 419.732 Thread 0x000000001b142000 Uncommon trap: reason=class_check action=maybe_recompile pc=0x000000000597b5b8 method=org.jetbrains.kotlin.resolve.lazy.declarations.AbstractPsiBasedDeclarationProvider.getFunctionDeclarations(Lorg/jetbrains/kotlin/name/Name;)Ljava/util/Collection; @ 5
Event: 419.768 Thread 0x000000001b142000 Uncommon trap: reason=class_check action=maybe_recompile pc=0x000000000597b5b8 method=org.jetbrains.kotlin.resolve.lazy.declarations.AbstractPsiBasedDeclarationProvider.getFunctionDeclarations(Lorg/jetbrains/kotlin/name/Name;)Ljava/util/Collection; @ 5

Classes redefined (0 events):
No events

Internal exceptions (10 events):
Event: 57.613 Thread 0x000000001b144000 Exception <a 'java/lang/reflect/InvocationTargetException'> (0x00000000e3e8ad50) thrown at [D:\src\AOSP-openjdk-cygwin\jdk8u\hotspot\src\share\vm\runtime\reflection.cpp, line 1092]
Event: 57.640 Thread 0x000000001b144000 Exception <a 'sun/nio/fs/WindowsException'> (0x00000000e3e9c220) thrown at [D:\src\AOSP-openjdk-cygwin\jdk8u\hotspot\src\share\vm\prims\jni.cpp, line 709]
Event: 57.640 Thread 0x000000001b144000 Exception <a 'java/lang/reflect/InvocationTargetException'> (0x00000000e3e9ce18) thrown at [D:\src\AOSP-openjdk-cygwin\jdk8u\hotspot\src\share\vm\runtime\reflection.cpp, line 1092]
Event: 57.678 Thread 0x000000001b144000 Exception <a 'sun/nio/fs/WindowsException'> (0x00000000e3eb7838) thrown at [D:\src\AOSP-openjdk-cygwin\jdk8u\hotspot\src\share\vm\prims\jni.cpp, line 709]
Event: 57.705 Thread 0x000000001b144000 Exception <a 'sun/nio/fs/WindowsException'> (0x00000000e3ec7288) thrown at [D:\src\AOSP-openjdk-cygwin\jdk8u\hotspot\src\share\vm\prims\jni.cpp, line 709]
Event: 57.742 Thread 0x000000001b144000 Exception <a 'sun/nio/fs/WindowsException'> (0x00000000e3edb398) thrown at [D:\src\AOSP-openjdk-cygwin\jdk8u\hotspot\src\share\vm\prims\jni.cpp, line 709]
Event: 57.779 Thread 0x000000001b144000 Exception <a 'sun/nio/fs/WindowsException'> (0x00000000e3ef0ff0) thrown at [D:\src\AOSP-openjdk-cygwin\jdk8u\hotspot\src\share\vm\prims\jni.cpp, line 709]
Event: 57.862 Thread 0x000000001b144000 Exception <a 'sun/nio/fs/WindowsException'> (0x00000000e424b630) thrown at [D:\src\AOSP-openjdk-cygwin\jdk8u\hotspot\src\share\vm\prims\jni.cpp, line 709]
Event: 419.204 Thread 0x000000001b146800 Exception <a 'java/lang/InterruptedException'> (0x00000000e4693fa0) thrown at [D:\src\AOSP-openjdk-cygwin\jdk8u\hotspot\src\share\vm\runtime\objectMonitor.cpp, line 1684]
Event: 419.231 Thread 0x000000001b142000 Exception <a 'sun/nio/fs/WindowsException'> (0x00000000e4780c80) thrown at [D:\src\AOSP-openjdk-cygwin\jdk8u\hotspot\src\share\vm\prims\jni.cpp, line 709]

Events (10 events):
Event: 419.799 loading class org/jetbrains/kotlin/descriptors/ClassConstructorDescriptor
Event: 419.799 loading class org/jetbrains/kotlin/descriptors/ClassConstructorDescriptor done
Event: 419.816 loading class org/jetbrains/kotlin/descriptors/ClassDescriptor
Event: 419.816 loading class org/jetbrains/kotlin/descriptors/ClassDescriptor done
Event: 419.823 loading class org/jetbrains/kotlin/descriptors/ClassKind
Event: 419.823 loading class org/jetbrains/kotlin/descriptors/ClassKind done
Event: 419.876 loading class org/jetbrains/kotlin/kapt3/AbstractKapt3Extension$analysisCompleted$1
Event: 419.876 loading class org/jetbrains/kotlin/kapt3/AbstractKapt3Extension$analysisCompleted$1 done
Event: 419.876 loading class org/jetbrains/kotlin/com/intellij/ide/ClassUtilCore
Event: 419.876 loading class org/jetbrains/kotlin/com/intellij/ide/ClassUtilCore done


Dynamic libraries:
0x00007ff664240000 - 0x00007ff664271000 	C:\Program Files\Android\Android Studio\jre\jre\bin\java.exe
0x00007ff87e3e0000 - 0x00007ff87e5c1000 	C:\WINDOWS\SYSTEM32\ntdll.dll
0x00007ff87da30000 - 0x00007ff87dae2000 	C:\WINDOWS\System32\KERNEL32.DLL
0x00007ff87a8c0000 - 0x00007ff87ab33000 	C:\WINDOWS\System32\KERNELBASE.dll
0x00007ff87be70000 - 0x00007ff87bf11000 	C:\WINDOWS\System32\ADVAPI32.dll
0x00007ff87db60000 - 0x00007ff87dbfe000 	C:\WINDOWS\System32\msvcrt.dll
0x00007ff87d690000 - 0x00007ff87d6eb000 	C:\WINDOWS\System32\sechost.dll
0x00007ff87d390000 - 0x00007ff87d4b4000 	C:\WINDOWS\System32\RPCRT4.dll
0x00007ff87d6f0000 - 0x00007ff87d880000 	C:\WINDOWS\System32\USER32.dll
0x00007ff87adb0000 - 0x00007ff87add0000 	C:\WINDOWS\System32\win32u.dll
0x00007ff87ba10000 - 0x00007ff87ba38000 	C:\WINDOWS\System32\GDI32.dll
0x00007ff87b6d0000 - 0x00007ff87b862000 	C:\WINDOWS\System32\gdi32full.dll
0x00007ff87ad10000 - 0x00007ff87adaf000 	C:\WINDOWS\System32\msvcp_win.dll
0x00007ff87ac10000 - 0x00007ff87ad0a000 	C:\WINDOWS\System32\ucrtbase.dll
0x00007ff863560000 - 0x00007ff8637c9000 	C:\WINDOWS\WinSxS\amd64_microsoft.windows.common-controls_6595b64144ccf1df_6.0.17134.407_none_fb449d63306391e9\COMCTL32.dll
0x00007ff87bb30000 - 0x00007ff87be52000 	C:\WINDOWS\System32\combase.dll
0x00007ff87ab90000 - 0x00007ff87ac0a000 	C:\WINDOWS\System32\bcryptPrimitives.dll
0x00007ff87e380000 - 0x00007ff87e3ad000 	C:\WINDOWS\System32\IMM32.DLL
0x0000000055100000 - 0x00000000551d2000 	C:\Program Files\Android\Android Studio\jre\jre\bin\msvcr100.dll
0x00000000543a0000 - 0x0000000054bdf000 	C:\Program Files\Android\Android Studio\jre\jre\bin\server\jvm.dll
0x00007ff87d4c0000 - 0x00007ff87d4c8000 	C:\WINDOWS\System32\PSAPI.DLL
0x00007ff8634f0000 - 0x00007ff8634f9000 	C:\WINDOWS\SYSTEM32\WSOCK32.dll
0x00007ff86cfe0000 - 0x00007ff86cfea000 	C:\WINDOWS\SYSTEM32\VERSION.dll
0x00007ff87daf0000 - 0x00007ff87db5c000 	C:\WINDOWS\System32\WS2_32.dll
0x00007ff8772a0000 - 0x00007ff8772c3000 	C:\WINDOWS\SYSTEM32\WINMM.dll
0x00007ff877270000 - 0x00007ff87729a000 	C:\WINDOWS\SYSTEM32\WINMMBASE.dll
0x00007ff87ab40000 - 0x00007ff87ab89000 	C:\WINDOWS\System32\cfgmgr32.dll
0x00007ff877080000 - 0x00007ff87708f000 	C:\Program Files\Android\Android Studio\jre\jre\bin\verify.dll
0x00007ff8669f0000 - 0x00007ff866a19000 	C:\WINDOWS\System32\msvcrt.dll
0x00007ff85e7d0000 - 0x00007ff85e7e6000 	C:\WINDOWS\System32\USER32.dll
0x00007ff87bf50000 - 0x00007ff87d38f000 	C:\WINDOWS\System32\gdi32full.dll
0x00007ff87d980000 - 0x00007ff87da29000 	C:\WINDOWS\WinSxS\amd64_microsoft.windows.common-controls_6595b64144ccf1df_6.0.17134.407_none_fb449d63306391e9\COMCTL32.dll
0x00007ff87afc0000 - 0x00007ff87b6cd000 	C:\WINDOWS\System32\windows.storage.dll
0x00007ff87ded0000 - 0x00007ff87df21000 	C:\WINDOWS\System32\IMM32.DLL
0x00007ff87a790000 - 0x00007ff87a7a1000 	C:\Program Files\Android\Android Studio\jre\jre\bin\server\jvm.dll
0x00007ff87a700000 - 0x00007ff87a71f000 	C:\WINDOWS\SYSTEM32\WSOCK32.dll
0x00007ff87a720000 - 0x00007ff87a76c000 	C:\WINDOWS\System32\WS2_32.dll
0x00007ff87a6f0000 - 0x00007ff87a6fa000 	C:\WINDOWS\System32\FLTLIB.DLL
0x00007ff876550000 - 0x00007ff87655d000 	C:\WINDOWS\System32\cfgmgr32.dll
0x00007ff85d980000 - 0x00007ff85d99a000 	C:\Program Files\Android\Android Studio\jre\jre\bin\java.dll
0x00007ff879f10000 - 0x00007ff879f76000 	C:\WINDOWS\system32\mswsock.dll
0x00007ff85d960000 - 0x00007ff85d971000 	C:\WINDOWS\System32\ADVAPI32.dll
0x00007ff87a0c0000 - 0x00007ff87a0d7000 	C:\WINDOWS\System32\RPCRT4.dll
0x00007ff879af0000 - 0x00007ff879b23000 	C:\WINDOWS\System32\GDI32.dll
0x00007ff87a1f0000 - 0x00007ff87a215000 	C:\WINDOWS\System32\ucrtbase.dll
0x00007ff87a620000 - 0x00007ff87a648000 	C:\WINDOWS\System32\combase.dll
0x00007ff87a0e0000 - 0x00007ff87a0eb000 	C:\WINDOWS\System32\IMM32.DLL
0x00007ff879c90000 - 0x00007ff879cc8000 	C:\Program Files\Android\Android Studio\jre\jre\bin\server\jvm.dll
0x00007ff87be60000 - 0x00007ff87be68000 	C:\WINDOWS\SYSTEM32\WSOCK32.dll
0x00007ff870c90000 - 0x00007ff870ca6000 	C:\WINDOWS\SYSTEM32\dhcpcsvc6.DLL
0x00007ff8711b0000 - 0x00007ff8711ca000 	C:\WINDOWS\SYSTEM32\WINMM.dll
0x00007ff85d930000 - 0x00007ff85d954000 	C:\WINDOWS\SYSTEM32\WINMMBASE.dll
0x00007ff876160000 - 0x00007ff87616b000 	C:\Program Files\Android\Android Studio\jre\jre\bin\verify.dll
0x00007ff87add0000 - 0x00007ff87afb2000 	C:\Program Files\Android\Android Studio\jre\jre\bin\zip.dll
0x00007ff87a770000 - 0x00007ff87a782000 	C:\WINDOWS\System32\MSASN1.dll
0x00007ff879cd0000 - 0x00007ff879d8e000 	C:\WINDOWS\System32\sechost.dll
0x00007ff86e410000 - 0x00007ff86e41a000 	C:\WINDOWS\System32\gdi32full
0x00007ff86e570000 - 0x00007ff86e5e2000 	C:\WINDOWS\System32\combase.dll

VM Arguments:
jvm_args: -Djava.awt.headless=true -Djava.rmi.server.hostname=localhost -Xmx1536m -Dkotlin.environment.keepalive 
java_command: org.jetbrains.kotlin.daemon.KotlinCompileDaemon --daemon-runFilesPath C:\Users\kjina\AppData\Local\kotlin\daemon --daemon-autoshutdownIdleSeconds=7200 --daemon-compilerClasspath C:\Users\kjina\.gradle\caches\modules-2\files-2.1\org.jetbrains.kotlin\kotlin-compiler-embeddable\1.2.31\29128887c407ed331d6dceef1a943ef0e51d6cfd\kotlin-compiler-embeddable-1.2.31.jar;C:\Users\kjina\.gradle\caches\modules-2\files-2.1\org.jetbrains.kotlin\kotlin-stdlib\1.2.40\d39920020ab3e74f406a8e142fb94b360f3f80f8\kotlin-stdlib-1.2.40.jar;C:\Users\kjina\.gradle\caches\modules-2\files-2.1\org.jetbrains.kotlin\kotlin-script-runtime\1.2.31\7904e817466f39297419e7ba3f296a2b86bb48be\kotlin-script-runtime-1.2.31.jar;C:\Users\kjina\.gradle\caches\modules-2\files-2.1\org.jetbrains.kotlin\kotlin-reflect\1.2.31\17c564968cae80b954b294f8564c492da56bd7b5\kotlin-reflect-1.2.31.jar;C:\Program Files\Android\Android Studio\jre\lib\tools.jar
java_class_path (initial): C:\Users\kjina\.gradle\caches\modules-2\files-2.1\org.jetbrains.kotlin\kotlin-compiler-embeddable\1.2.31\29128887c407ed331d6dceef1a943ef0e51d6cfd\kotlin-compiler-embeddable-1.2.31.jar;C:\Users\kjina\.gradle\caches\modules-2\files-2.1\org.jetbrains.kotlin\kotlin-stdlib\1.2.40\d39920020ab3e74f406a8e142fb94b360f3f80f8\kotlin-stdlib-1.2.40.jar;C:\Users\kjina\.gradle\caches\modules-2\files-2.1\org.jetbrains.kotlin\kotlin-script-runtime\1.2.31\7904e817466f39297419e7ba3f296a2b86bb48be\kotlin-script-runtime-1.2.31.jar;C:\Users\kjina\.gradle\caches\modules-2\files-2.1\org.jetbrains.kotlin\kotlin-reflect\1.2.31\17c564968cae80b954b294f8564c492da56bd7b5\kotlin-reflect-1.2.31.jar;C:\Program Files\Android\Android Studio\jre\lib\tools.jar
Launcher Type: SUN_STANDARD

Environment Variables:
PATH=C:\ProgramData\Oracle\Java\javapath;C:\Python27\;C:\Python27\Scripts;C:\Program Files (x86)\Intel\iCLS Client\;C:\Program Files\Intel\iCLS Client\;C:\WINDOWS\system32;C:\WINDOWS;C:\WINDOWS\System32\Wbem;C:\WINDOWS\System32\WindowsPowerShell\v1.0\;C:\Program Files (x86)\Intel\Intel(R) Management Engine Components\DAL;C:\Program Files\Intel\Intel(R) Management Engine Components\DAL;C:\Program Files (x86)\Intel\Intel(R) Management Engine Components\IPT;C:\Program Files\Intel\Intel(R) Management Engine Components\IPT;C:\WINDOWS\system32\config\systemprofile\.dnx\bin;C:\Program Files\Microsoft DNX\Dnvm\;C:\Program Files (x86)\Windows Kits\8.1\Windows Performance Toolkit\;C:\Program Files (x86)\GtkSharp\2.12\bin;C:\ Python27\Lib\site-packages;C:\Program Files\Intel\WiFi\bin\;C:\Program Files\Common Files\Intel\WirelessCommon\;C:\WINDOWS\System32\OpenSSH\;C:\Program Files\MySQL\MySQL Server 8.0\bin;C:\Program Files\nodejs\;C:\Program Files (x86)\PuTTY\;C:\Program Files\Git\cmd;C:\Users\kjina\Anaconda2;C:\Users\kjina\Anaconda2\Scripts;C:\Users\kjina\Anaconda2\Library\bin;C:\Modeltech_pe_edu_10.4a\win32pe_edu;C:\Users\kjina\AppData\Local\Microsoft\WindowsApps;C:\Users\kjina\AppData\Local\GitHubDesktop\bin;C:\Users\kjina\AppData\Roaming\npm
USERNAME=kjina
OS=Windows_NT
PROCESSOR_IDENTIFIER=Intel64 Family 6 Model 78 Stepping 3, GenuineIntel



---------------  S Y S T E M  ---------------

OS: Windows 10.0 , 64 bit Build 17134 (10.0.17134.1)

CPU:total 4 (initial active 4) (2 cores per cpu, 2 threads per core) family 6 model 78 stepping 3, cmov, cx8, fxsr, mmx, sse, sse2, sse3, ssse3, sse4.1, sse4.2, popcnt, avx, avx2, aes, clmul, erms, 3dnowpref, lzcnt, ht, tsc, tscinvbit, bmi1, bmi2, adx

Memory: 4k page, physical 8248932k(673684k free), swap 8248932k(5348k free)

vm_info: OpenJDK 64-Bit Server VM (25.152-b02) for windows-amd64 JRE (1.8.0_152-release-1024-b02), built by "builder" with MS VC++ 10.0 (VS2010)

time: Mon Dec 10 23:53:04 2018
elapsed time: 419 seconds (0d 0h 6m 59s)

