#
# There is insufficient memory for the Java Runtime Environment to continue.
# Native memory allocation (malloc) failed to allocate 708016 bytes for Chunk::new
# Possible reasons:
#   The system is out of physical RAM or swap space
#   In 32 bit mode, the process size limit was hit
# Possible solutions:
#   Reduce memory load on the system
#   Increase physical memory or swap space
#   Check if swap backing store is full
#   Use 64 bit Java on a 64 bit OS
#   Decrease Java heap size (-Xmx/-Xms)
#   Decrease number of Java threads
#   Decrease Java thread stack sizes (-Xss)
#   Set larger code cache with -XX:ReservedCodeCacheSize=
# This output file may be truncated or incomplete.
#
#  Out of Memory Error (allocation.cpp:390), pid=10644, tid=0x0000000000002d04
#
# JRE version: OpenJDK Runtime Environment (8.0_152-b02) (build 1.8.0_152-release-1024-b02)
# Java VM: OpenJDK 64-Bit Server VM (25.152-b02 mixed mode windows-amd64 compressed oops)
# Failed to write core dump. Minidumps are not enabled by default on client versions of Windows
#

---------------  T H R E A D  ---------------

Current thread (0x0000000017ebf800):  JavaThread "C2 CompilerThread0" daemon [_thread_in_native, id=11524, stack(0x0000000019810000,0x0000000019910000)]

Stack: [0x0000000019810000,0x0000000019910000]
[error occurred during error reporting (printing stack bounds), id 0xc0000005]

Native frames: (J=compiled Java code, j=interpreted, Vv=VM code, C=native code)


Current CompileTask:
C2:  13208 8420       4       org.jetbrains.kotlin.types.TypeSubstitutor::unsafeSubstitute (666 bytes)


---------------  P R O C E S S  ---------------

Java Threads: ( => current thread )
  0x0000000019299800 JavaThread "Service Thread" daemon [_thread_blocked, id=20076, stack(0x0000000019b10000,0x0000000019c10000)]
  0x000000001921f000 JavaThread "C1 CompilerThread2" daemon [_thread_in_native, id=15184, stack(0x0000000019a10000,0x0000000019b10000)]
  0x000000001921a000 JavaThread "C2 CompilerThread1" daemon [_thread_in_native, id=17628, stack(0x0000000019910000,0x0000000019a10000)]
=>0x0000000017ebf800 JavaThread "C2 CompilerThread0" daemon [_thread_in_native, id=11524, stack(0x0000000019810000,0x0000000019910000)]
  0x0000000017f0e800 JavaThread "Attach Listener" daemon [_thread_blocked, id=11188, stack(0x0000000019710000,0x0000000019810000)]
  0x0000000019218800 JavaThread "Signal Dispatcher" daemon [_thread_blocked, id=13600, stack(0x0000000019610000,0x0000000019710000)]
  0x00000000033de800 JavaThread "Finalizer" daemon [_thread_blocked, id=5308, stack(0x0000000019110000,0x0000000019210000)]
  0x00000000033d4800 JavaThread "Reference Handler" daemon [_thread_blocked, id=18048, stack(0x0000000019010000,0x0000000019110000)]
  0x00000000032e4800 JavaThread "main" [_thread_in_Java, id=10648, stack(0x0000000003110000,0x0000000003210000)]

Other Threads:
  0x0000000017e75000 VMThread [stack: 0x0000000018f10000,0x0000000019010000] [id=19760]
  0x000000001929a800 WatcherThread [stack: 0x0000000019c10000,0x0000000019d10000] [id=15944]

VM state:not at safepoint (normal execution)

VM Mutex/Monitor currently owned by a thread: None

Heap:
 PSYoungGen      total 136192K, used 7888K [0x00000000d6100000, 0x00000000e1800000, 0x0000000100000000)
  eden space 131072K, 6% used [0x00000000d6100000,0x00000000d68b4308,0x00000000de100000)
  from space 5120K, 0% used [0x00000000de100000,0x00000000de100000,0x00000000de600000)
  to   space 23040K, 0% used [0x00000000e0180000,0x00000000e0180000,0x00000000e1800000)
 ParOldGen       total 65536K, used 55149K [0x0000000082200000, 0x0000000086200000, 0x00000000d6100000)
  object space 65536K, 84% used [0x0000000082200000,0x00000000857db730,0x0000000086200000)
 Metaspace       used 47304K, capacity 48165K, committed 48472K, reserved 1091584K
  class space    used 5734K, capacity 5920K, committed 6016K, reserved 1048576K

Card table byte_map: [0x00000000127a0000,0x0000000012b90000] byte_map_base: 0x000000001238f000

Marking Bits: (ParMarkBitMap*) 0x0000000054b64970
 Begin Bits: [0x0000000013230000, 0x00000000151a8000)
 End Bits:   [0x00000000151a8000, 0x0000000017120000)

Polling page: 0x0000000001000000

CodeCache: size=245760Kb used=25233Kb max_used=25233Kb free=220526Kb
 bounds [0x00000000033e0000, 0x0000000004cb0000, 0x00000000123e0000]
 total_blobs=7950 nmethods=7497 adapters=365
 compilation: enabled

Compilation events (10 events):
Event: 13.188 Thread 0x000000001921f000 8524       3       org.jetbrains.kotlin.gnu.trove.TLongArrayList::add (28 bytes)
Event: 13.189 Thread 0x000000001921f000 nmethod 8524 0x0000000004c9f090 code [0x0000000004c9f200, 0x0000000004c9f3e8]
Event: 13.189 Thread 0x000000001921f000 8526       3       org.jetbrains.kotlin.com.intellij.util.containers.LockFreeCopyOnWriteArrayList::add (29 bytes)
Event: 13.190 Thread 0x000000001921f000 nmethod 8526 0x0000000004c9f510 code [0x0000000004c9f6c0, 0x0000000004c9fbf8]
Event: 13.190 Thread 0x000000001921f000 8525       3       org.jetbrains.kotlin.gnu.trove.TLongArrayList::ensureCapacity (64 bytes)
Event: 13.190 Thread 0x000000001921f000 nmethod 8525 0x0000000004c9fe90 code [0x0000000004ca0020, 0x0000000004ca0548]
Event: 13.191 Thread 0x000000001921f000 8527       3       org.jetbrains.kotlin.resolve.diagnostics.SimpleDiagnostics$elementsCache$1::invoke (12 bytes)
Event: 13.192 Thread 0x000000001921f000 nmethod 8527 0x0000000004ca06d0 code [0x0000000004ca0840, 0x0000000004ca0bf0]
Event: 13.192 Thread 0x000000001921f000 8528       3       org.jetbrains.kotlin.com.intellij.util.containers.ConcurrentMultiMap::createCollection (12 bytes)
Event: 13.192 Thread 0x000000001921f000 nmethod 8528 0x0000000004ca0cd0 code [0x0000000004ca0e60, 0x0000000004ca11d0]

GC Heap History (10 events):
Event: 4.750 GC heap before
{Heap before GC invocations=6 (full 1):
 PSYoungGen      total 101376K, used 68055K [0x00000000d6100000, 0x00000000deb00000, 0x0000000100000000)
  eden space 96256K, 65% used [0x00000000d6100000,0x00000000d9e7c5c8,0x00000000dbf00000)
  from space 5120K, 99% used [0x00000000de600000,0x00000000deaf9650,0x00000000deb00000)
  to   space 5120K, 0% used [0x00000000de100000,0x00000000de100000,0x00000000de600000)
 ParOldGen       total 62464K, used 19780K [0x0000000082200000, 0x0000000085f00000, 0x00000000d6100000)
  object space 62464K, 31% used [0x0000000082200000,0x00000000835513e8,0x0000000085f00000)
 Metaspace       used 34654K, capacity 35121K, committed 35416K, reserved 1081344K
  class space    used 4287K, capacity 4424K, committed 4480K, reserved 1048576K
Event: 4.774 GC heap after
Heap after GC invocations=6 (full 1):
 PSYoungGen      total 136192K, used 5109K [0x00000000d6100000, 0x00000000e1800000, 0x0000000100000000)
  eden space 131072K, 0% used [0x00000000d6100000,0x00000000d6100000,0x00000000de100000)
  from space 5120K, 99% used [0x00000000de100000,0x00000000de5fd660,0x00000000de600000)
  to   space 23040K, 0% used [0x00000000e0180000,0x00000000e0180000,0x00000000e1800000)
 ParOldGen       total 62464K, used 35353K [0x0000000082200000, 0x0000000085f00000, 0x00000000d6100000)
  object space 62464K, 56% used [0x0000000082200000,0x00000000844866e8,0x0000000085f00000)
 Metaspace       used 34654K, capacity 35121K, committed 35416K, reserved 1081344K
  class space    used 4287K, capacity 4424K, committed 4480K, reserved 1048576K
}
Event: 4.774 GC heap before
{Heap before GC invocations=7 (full 2):
 PSYoungGen      total 136192K, used 5109K [0x00000000d6100000, 0x00000000e1800000, 0x0000000100000000)
  eden space 131072K, 0% used [0x00000000d6100000,0x00000000d6100000,0x00000000de100000)
  from space 5120K, 99% used [0x00000000de100000,0x00000000de5fd660,0x00000000de600000)
  to   space 23040K, 0% used [0x00000000e0180000,0x00000000e0180000,0x00000000e1800000)
 ParOldGen       total 62464K, used 35353K [0x0000000082200000, 0x0000000085f00000, 0x00000000d6100000)
  object space 62464K, 56% used [0x0000000082200000,0x00000000844866e8,0x0000000085f00000)
 Metaspace       used 34654K, capacity 35121K, committed 35416K, reserved 1081344K
  class space    used 4287K, capacity 4424K, committed 4480K, reserved 1048576K
Event: 4.972 GC heap after
Heap after GC invocations=7 (full 2):
 PSYoungGen      total 136192K, used 0K [0x00000000d6100000, 0x00000000e1800000, 0x0000000100000000)
  eden space 131072K, 0% used [0x00000000d6100000,0x00000000d6100000,0x00000000de100000)
  from space 5120K, 0% used [0x00000000de100000,0x00000000de100000,0x00000000de600000)
  to   space 23040K, 0% used [0x00000000e0180000,0x00000000e0180000,0x00000000e1800000)
 ParOldGen       total 62464K, used 34405K [0x0000000082200000, 0x0000000085f00000, 0x00000000d6100000)
  object space 62464K, 55% used [0x0000000082200000,0x0000000084399760,0x0000000085f00000)
 Metaspace       used 34654K, capacity 35121K, committed 35416K, reserved 1081344K
  class space    used 4287K, capacity 4424K, committed 4480K, reserved 1048576K
}
Event: 7.945 GC heap before
{Heap before GC invocations=8 (full 2):
 PSYoungGen      total 136192K, used 131072K [0x00000000d6100000, 0x00000000e1800000, 0x0000000100000000)
  eden space 131072K, 100% used [0x00000000d6100000,0x00000000de100000,0x00000000de100000)
  from space 5120K, 0% used [0x00000000de100000,0x00000000de100000,0x00000000de600000)
  to   space 23040K, 0% used [0x00000000e0180000,0x00000000e0180000,0x00000000e1800000)
 ParOldGen       total 62464K, used 34405K [0x0000000082200000, 0x0000000085f00000, 0x00000000d6100000)
  object space 62464K, 55% used [0x0000000082200000,0x0000000084399760,0x0000000085f00000)
 Metaspace       used 41317K, capacity 42077K, committed 42456K, reserved 1087488K
  class space    used 5098K, capacity 5294K, committed 5376K, reserved 1048576K
Event: 7.991 GC heap after
Heap after GC invocations=8 (full 2):
 PSYoungGen      total 154112K, used 23039K [0x00000000d6100000, 0x00000000e1800000, 0x0000000100000000)
  eden space 131072K, 0% used [0x00000000d6100000,0x00000000d6100000,0x00000000de100000)
  from space 23040K, 99% used [0x00000000e0180000,0x00000000e17ffde8,0x00000000e1800000)
  to   space 5120K, 0% used [0x00000000de100000,0x00000000de100000,0x00000000de600000)
 ParOldGen       total 62464K, used 35718K [0x0000000082200000, 0x0000000085f00000, 0x00000000d6100000)
  object space 62464K, 57% used [0x0000000082200000,0x00000000844e1a68,0x0000000085f00000)
 Metaspace       used 41317K, capacity 42077K, committed 42456K, reserved 1087488K
  class space    used 5098K, capacity 5294K, committed 5376K, reserved 1048576K
}
Event: 12.496 GC heap before
{Heap before GC invocations=9 (full 2):
 PSYoungGen      total 154112K, used 154111K [0x00000000d6100000, 0x00000000e1800000, 0x0000000100000000)
  eden space 131072K, 100% used [0x00000000d6100000,0x00000000de100000,0x00000000de100000)
  from space 23040K, 99% used [0x00000000e0180000,0x00000000e17ffde8,0x00000000e1800000)
  to   space 5120K, 0% used [0x00000000de100000,0x00000000de100000,0x00000000de600000)
 ParOldGen       total 62464K, used 35718K [0x0000000082200000, 0x0000000085f00000, 0x00000000d6100000)
  object space 62464K, 57% used [0x0000000082200000,0x00000000844e1a68,0x0000000085f00000)
 Metaspace       used 47244K, capacity 48095K, committed 48472K, reserved 1091584K
  class space    used 5732K, capacity 5919K, committed 6016K, reserved 1048576K
Event: 12.543 GC heap after
Heap after GC invocations=9 (full 2):
 PSYoungGen      total 136192K, used 5120K [0x00000000d6100000, 0x00000000e1800000, 0x0000000100000000)
  eden space 131072K, 0% used [0x00000000d6100000,0x00000000d6100000,0x00000000de100000)
  from space 5120K, 100% used [0x00000000de100000,0x00000000de600000,0x00000000de600000)
  to   space 23040K, 0% used [0x00000000e0180000,0x00000000e0180000,0x00000000e1800000)
 ParOldGen       total 65536K, used 64332K [0x0000000082200000, 0x0000000086200000, 0x00000000d6100000)
  object space 65536K, 98% used [0x0000000082200000,0x00000000860d3370,0x0000000086200000)
 Metaspace       used 47244K, capacity 48095K, committed 48472K, reserved 1091584K
  class space    used 5732K, capacity 5919K, committed 6016K, reserved 1048576K
}
Event: 12.543 GC heap before
{Heap before GC invocations=10 (full 3):
 PSYoungGen      total 136192K, used 5120K [0x00000000d6100000, 0x00000000e1800000, 0x0000000100000000)
  eden space 131072K, 0% used [0x00000000d6100000,0x00000000d6100000,0x00000000de100000)
  from space 5120K, 100% used [0x00000000de100000,0x00000000de600000,0x00000000de600000)
  to   space 23040K, 0% used [0x00000000e0180000,0x00000000e0180000,0x00000000e1800000)
 ParOldGen       total 65536K, used 64332K [0x0000000082200000, 0x0000000086200000, 0x00000000d6100000)
  object space 65536K, 98% used [0x0000000082200000,0x00000000860d3370,0x0000000086200000)
 Metaspace       used 47244K, capacity 48095K, committed 48472K, reserved 1091584K
  class space    used 5732K, capacity 5919K, committed 6016K, reserved 1048576K
Event: 12.967 GC heap after
Heap after GC invocations=10 (full 3):
 PSYoungGen      total 136192K, used 0K [0x00000000d6100000, 0x00000000e1800000, 0x0000000100000000)
  eden space 131072K, 0% used [0x00000000d6100000,0x00000000d6100000,0x00000000de100000)
  from space 5120K, 0% used [0x00000000de100000,0x00000000de100000,0x00000000de600000)
  to   space 23040K, 0% used [0x00000000e0180000,0x00000000e0180000,0x00000000e1800000)
 ParOldGen       total 65536K, used 55149K [0x0000000082200000, 0x0000000086200000, 0x00000000d6100000)
  object space 65536K, 84% used [0x0000000082200000,0x00000000857db730,0x0000000086200000)
 Metaspace       used 47244K, capacity 48095K, committed 48472K, reserved 1091584K
  class space    used 5732K, capacity 5919K, committed 6016K, reserved 1048576K
}

Deoptimization events (10 events):
Event: 11.793 Thread 0x00000000032e4800 Uncommon trap: reason=bimorphic action=maybe_recompile pc=0x000000000443b728 method=org.jetbrains.kotlin.descriptors.impl.FunctionDescriptorImpl.getOriginal()Lorg/jetbrains/kotlin/descriptors/FunctionDescriptor; @ 16
Event: 11.793 Thread 0x00000000032e4800 Uncommon trap: reason=bimorphic action=maybe_recompile pc=0x000000000443b728 method=org.jetbrains.kotlin.descriptors.impl.FunctionDescriptorImpl.getOriginal()Lorg/jetbrains/kotlin/descriptors/FunctionDescriptor; @ 16
Event: 11.793 Thread 0x00000000032e4800 Uncommon trap: reason=bimorphic action=maybe_recompile pc=0x000000000443b728 method=org.jetbrains.kotlin.descriptors.impl.FunctionDescriptorImpl.getOriginal()Lorg/jetbrains/kotlin/descriptors/FunctionDescriptor; @ 16
Event: 11.793 Thread 0x00000000032e4800 Uncommon trap: reason=bimorphic action=maybe_recompile pc=0x000000000443b728 method=org.jetbrains.kotlin.descriptors.impl.FunctionDescriptorImpl.getOriginal()Lorg/jetbrains/kotlin/descriptors/FunctionDescriptor; @ 16
Event: 11.867 Thread 0x00000000032e4800 Uncommon trap: reason=class_check action=maybe_recompile pc=0x0000000003a3b168 method=org.jetbrains.kotlin.resolve.BindingContextUtils.lambda$addOwnDataTo$0(Lorg/jetbrains/kotlin/resolve/TraceEntryFilter;Lorg/jetbrains/kotlin/resolve/BindingTrace;Lorg/jet
Event: 11.984 Thread 0x00000000032e4800 Uncommon trap: reason=class_check action=maybe_recompile pc=0x00000000037b2738 method=org.jetbrains.kotlin.types.checker.StrictEqualityTypeChecker.strictEqualTypes(Lorg/jetbrains/kotlin/types/SimpleType;Lorg/jetbrains/kotlin/types/SimpleType;)Z @ 98
Event: 11.984 Thread 0x00000000032e4800 Uncommon trap: reason=class_check action=maybe_recompile pc=0x00000000037b2738 method=org.jetbrains.kotlin.types.checker.StrictEqualityTypeChecker.strictEqualTypes(Lorg/jetbrains/kotlin/types/SimpleType;Lorg/jetbrains/kotlin/types/SimpleType;)Z @ 98
Event: 12.113 Thread 0x00000000032e4800 Uncommon trap: reason=class_check action=maybe_recompile pc=0x00000000037b2738 method=org.jetbrains.kotlin.types.checker.StrictEqualityTypeChecker.strictEqualTypes(Lorg/jetbrains/kotlin/types/SimpleType;Lorg/jetbrains/kotlin/types/SimpleType;)Z @ 98
Event: 12.184 Thread 0x00000000032e4800 Uncommon trap: reason=unstable_if action=reinterpret pc=0x00000000048c7060 method=org.jetbrains.kotlin.types.KotlinType.hashCode()I @ 4
Event: 12.257 Thread 0x00000000032e4800 Uncommon trap: reason=class_check action=maybe_recompile pc=0x00000000037b2738 method=org.jetbrains.kotlin.types.checker.StrictEqualityTypeChecker.strictEqualTypes(Lorg/jetbrains/kotlin/types/SimpleType;Lorg/jetbrains/kotlin/types/SimpleType;)Z @ 98

Classes redefined (0 events):
No events

Internal exceptions (10 events):
Event: 5.637 Thread 0x00000000032e4800 Exception <a 'java/lang/NoSuchMethodError': java.lang.Object.lambda$static$0(I)[Lorg/jetbrains/kotlin/com/intellij/psi/PsiTypeParameter;> (0x00000000d76cae80) thrown at [D:\src\AOSP-openjdk-cygwin\jdk8u\hotspot\src\share\vm\interpreter\linkResolver.cpp, l
Event: 5.947 Thread 0x00000000032e4800 Implicit null exception at 0x0000000003a4814c to 0x0000000003a481f5
Event: 5.989 Thread 0x00000000032e4800 Implicit null exception at 0x0000000004069f90 to 0x000000000406a3cd
Event: 6.998 Thread 0x00000000032e4800 Implicit null exception at 0x00000000043bf8eb to 0x00000000043c0889
Event: 7.944 Thread 0x00000000032e4800 Exception <a 'java/lang/NoSuchMethodError': java.lang.Object.lambda$static$0(I)[Lorg/jetbrains/kotlin/com/intellij/psi/PsiMethod;> (0x00000000de0fb578) thrown at [D:\src\AOSP-openjdk-cygwin\jdk8u\hotspot\src\share\vm\interpreter\linkResolver.cpp, line 584
Event: 7.996 Thread 0x00000000032e4800 Exception <a 'java/lang/NoSuchMethodError': java.lang.Object.lambda$static$0(I)[Lorg/jetbrains/kotlin/com/intellij/psi/PsiField;> (0x00000000d61065d0) thrown at [D:\src\AOSP-openjdk-cygwin\jdk8u\hotspot\src\share\vm\interpreter\linkResolver.cpp, line 584]
Event: 8.047 Thread 0x00000000032e4800 Exception <a 'java/lang/NoSuchMethodError': java.lang.Object.lambda$static$0(I)[Lorg/jetbrains/kotlin/com/intellij/psi/PsiJavaCodeReferenceElement;> (0x00000000d6214bc8) thrown at [D:\src\AOSP-openjdk-cygwin\jdk8u\hotspot\src\share\vm\interpreter\linkReso
Event: 8.509 Thread 0x00000000032e4800 Implicit null exception at 0x0000000003693e96 to 0x0000000003694239
Event: 8.539 Thread 0x00000000032e4800 Implicit null exception at 0x00000000035a7396 to 0x00000000035a7731
Event: 11.536 Thread 0x00000000032e4800 Implicit null exception at 0x000000000383f6b0 to 0x000000000383f715

Events (10 events):
Event: 12.496 Executing VM operation: ParallelGCFailedAllocation
Event: 12.967 Executing VM operation: ParallelGCFailedAllocation done
Event: 13.009 loading class org/jetbrains/kotlin/load/java/sam/SamAdapterClassConstructorDescriptor
Event: 13.009 loading class org/jetbrains/kotlin/load/java/sam/SamAdapterClassConstructorDescriptor done
Event: 13.010 Executing VM operation: Deoptimize
Event: 13.011 Executing VM operation: Deoptimize done
Event: 13.012 loading class org/jetbrains/kotlin/load/java/sam/SingleAbstractMethodUtils$TypeParameters
Event: 13.012 loading class org/jetbrains/kotlin/load/java/sam/SingleAbstractMethodUtils$TypeParameters done
Event: 13.013 Thread 0x00000000032e4800 DEOPT PACKING pc=0x0000000004bb1814 sp=0x000000000320b640
Event: 13.013 Thread 0x00000000032e4800 DEOPT UNPACKING pc=0x00000000034275d0 sp=0x000000000320b358 mode 0


Dynamic libraries:
0x00007ff7da890000 - 0x00007ff7da8c1000 	C:\Program Files\Android\Android Studio\jre\jre\bin\java.exe
0x00007ff87e3e0000 - 0x00007ff87e5c1000 	C:\WINDOWS\SYSTEM32\ntdll.dll
0x00007ff87da30000 - 0x00007ff87dae2000 	C:\WINDOWS\System32\KERNEL32.DLL
0x00007ff87a8c0000 - 0x00007ff87ab33000 	C:\WINDOWS\System32\KERNELBASE.dll
0x00007ff87be70000 - 0x00007ff87bf11000 	C:\WINDOWS\System32\ADVAPI32.dll
0x00007ff87db60000 - 0x00007ff87dbfe000 	C:\WINDOWS\System32\msvcrt.dll
0x00007ff87d690000 - 0x00007ff87d6eb000 	C:\WINDOWS\System32\sechost.dll
0x00007ff87d390000 - 0x00007ff87d4b4000 	C:\WINDOWS\System32\RPCRT4.dll
0x00007ff87d6f0000 - 0x00007ff87d880000 	C:\WINDOWS\System32\USER32.dll
0x00007ff87adb0000 - 0x00007ff87add0000 	C:\WINDOWS\System32\win32u.dll
0x00007ff87ba10000 - 0x00007ff87ba38000 	C:\WINDOWS\System32\GDI32.dll
0x00007ff87b6d0000 - 0x00007ff87b862000 	C:\WINDOWS\System32\gdi32full.dll
0x00007ff87ad10000 - 0x00007ff87adaf000 	C:\WINDOWS\System32\msvcp_win.dll
0x00007ff87ac10000 - 0x00007ff87ad0a000 	C:\WINDOWS\System32\ucrtbase.dll
0x00007ff863560000 - 0x00007ff8637c9000 	C:\WINDOWS\WinSxS\amd64_microsoft.windows.common-controls_6595b64144ccf1df_6.0.17134.407_none_fb449d63306391e9\COMCTL32.dll
0x00007ff87bb30000 - 0x00007ff87be52000 	C:\WINDOWS\System32\combase.dll
0x00007ff87ab90000 - 0x00007ff87ac0a000 	C:\WINDOWS\System32\bcryptPrimitives.dll
0x00007ff87e380000 - 0x00007ff87e3ad000 	C:\WINDOWS\System32\IMM32.DLL
0x0000000055100000 - 0x00000000551d2000 	C:\Program Files\Android\Android Studio\jre\jre\bin\msvcr100.dll
0x00000000543a0000 - 0x0000000054bdf000 	C:\Program Files\Android\Android Studio\jre\jre\bin\server\jvm.dll
0x00007ff87d4c0000 - 0x00007ff87d4c8000 	C:\WINDOWS\System32\PSAPI.DLL
0x00007ff8634f0000 - 0x00007ff8634f9000 	C:\WINDOWS\SYSTEM32\WSOCK32.dll
0x00007ff8772a0000 - 0x00007ff8772c3000 	C:\WINDOWS\SYSTEM32\WINMM.dll
0x00007ff86cfe0000 - 0x00007ff86cfea000 	C:\WINDOWS\SYSTEM32\VERSION.dll
0x00007ff87daf0000 - 0x00007ff87db5c000 	C:\WINDOWS\System32\WS2_32.dll
0x00007ff877270000 - 0x00007ff87729a000 	C:\WINDOWS\SYSTEM32\winmmbase.dll
0x00007ff87ab40000 - 0x00007ff87ab89000 	C:\WINDOWS\System32\cfgmgr32.dll
0x00007ff8770f0000 - 0x00007ff8770ff000 	C:\Program Files\Android\Android Studio\jre\jre\bin\verify.dll
0x00007ff877030000 - 0x00007ff877059000 	C:\Program Files\Android\Android Studio\jre\jre\bin\java.dll
0x00007ff8756d0000 - 0x00007ff8756e6000 	C:\Program Files\Android\Android Studio\jre\jre\bin\zip.dll
0x00007ff87bf50000 - 0x00007ff87d38f000 	C:\WINDOWS\System32\SHELL32.dll
0x00007ff87d980000 - 0x00007ff87da29000 	C:\WINDOWS\System32\shcore.dll
0x00007ff87afc0000 - 0x00007ff87b6cd000 	C:\WINDOWS\System32\windows.storage.dll
0x00007ff87ded0000 - 0x00007ff87df21000 	C:\WINDOWS\System32\shlwapi.dll
0x00007ff87a790000 - 0x00007ff87a7a1000 	C:\WINDOWS\System32\kernel.appcore.dll
0x00007ff87a700000 - 0x00007ff87a71f000 	C:\WINDOWS\System32\profapi.dll
0x00007ff87a720000 - 0x00007ff87a76c000 	C:\WINDOWS\System32\powrprof.dll
0x00007ff87a6f0000 - 0x00007ff87a6fa000 	C:\WINDOWS\System32\FLTLIB.DLL
0x00007ff86f450000 - 0x00007ff86f46a000 	C:\Program Files\Android\Android Studio\jre\jre\bin\net.dll
0x00007ff879f10000 - 0x00007ff879f76000 	C:\WINDOWS\system32\mswsock.dll
0x00007ff86f410000 - 0x00007ff86f421000 	C:\Program Files\Android\Android Studio\jre\jre\bin\nio.dll

VM Arguments:
java_command: org.jetbrains.kotlin.cli.jvm.K2JVMCompiler -Xadd-compiler-builtins -Xbuild-file=C:\Users\kjina\AppData\Local\Temp\kjps2502122883078244748app_debug.script.xml -classpath C:\Users\kjina\.gradle\caches\transforms-1\files-1.1\realm-android-library-5.3.0.aar\c686772b0f326d652cac22c024a6573a\jars\classes.jar;C:\Users\kjina\.gradle\caches\transforms-1\files-1.1\realm-android-kotlin-extensions-5.3.0.aar\934114f61f438ff210f0cfe3b77f8b24\jars\classes.jar;C:\Users\kjina\.gradle\caches\modules-2\files-2.1\io.realm\realm-annotations\5.3.0\c7bf78f55cd7485f1188a4276bcb13091cbc87aa\realm-annotations-5.3.0.jar;C:\Users\kjina\.gradle\caches\modules-2\files-2.1\org.jetbrains.kotlin\kotlin-stdlib-jre7\1.2.31\98678431965f7487d6dc9b399e59b6c4b3921073\kotlin-stdlib-jre7-1.2.31.jar;C:\Users\kjina\.gradle\caches\transforms-1\files-1.1\design-27.1.1.aar\aaecb920f417d84a25c285db58420657\jars\classes.jar;C:\Users\kjina\.gradle\caches\transforms-1\files-1.1\appcompat-v7-27.1.1.aar\857f268a7d16c989ccf19ad843e519b6\jars\classes.jar;C:\Users\kjina\.gradle\caches\transforms-1\files-1.1\constraint-layout-1.1.3.aar\fa19fe2f51939b2d654b9f2382313d21\jars\classes.jar;C:\Users\kjina\.gradle\caches\transforms-1\files-1.1\support-v4-27.1.1.aar\2e7e96735ccf4714801071425d0f8197\jars\classes.jar;C:\Users\kjina\.gradle\caches\transforms-1\files-1.1\cardview-v7-27.1.1.aar\500a60c4b153738b6c7433e3af0693c4\jars\classes.jar;C:\Users\kjina\.gradle\caches\transforms-1\files-1.1\recyclerview-v7-27.1.1.aar\770091171766cb0a33e5d03e70422494\jars\classes.jar;C:\Users\kjina\.gradle\caches\modules-2\files-2.1\net.sourceforge.jexcelapi\jxl\2.6.12\7faf62e0697f7a88954622dfe8c8de33ed142ac7\jxl-2.6.12.jar;C:\Users\kjina\.gradle\caches\modules-2\files-2.1\com.squareup.retrofit2\converter-gson\2.1.0\aa557d71ead91cbf26e0c316a0f593d168303309\converter-gson-2.1.0.jar;C:\Users\kjina\.gradle\caches\modules-2\files-2.1\com.squareup.retrofit2\retrofit\2.1.0\2de7cd8b95b7021b1d597f049bcb422055119f2c\retrofit-2.1.0.jar;C:\U
java_class_path (initial): C:\Users\kjina\.gradle\caches\modules-2\files-2.1\org.jetbrains.kotlin\kotlin-compiler-embeddable\1.2.31\29128887c407ed331d6dceef1a943ef0e51d6cfd\kotlin-compiler-embeddable-1.2.31.jar;C:\Users\kjina\.gradle\caches\modules-2\files-2.1\org.jetbrains.kotlin\kotlin-stdlib\1.2.40\d39920020ab3e74f406a8e142fb94b360f3f80f8\kotlin-stdlib-1.2.40.jar;C:\Users\kjina\.gradle\caches\modules-2\files-2.1\org.jetbrains.kotlin\kotlin-script-runtime\1.2.31\7904e817466f39297419e7ba3f296a2b86bb48be\kotlin-script-runtime-1.2.31.jar;C:\Users\kjina\.gradle\caches\modules-2\files-2.1\org.jetbrains.kotlin\kotlin-reflect\1.2.31\17c564968cae80b954b294f8564c492da56bd7b5\kotlin-reflect-1.2.31.jar;C:\Program Files\Android\Android Studio\jre\lib\tools.jar
Launcher Type: SUN_STANDARD

Environment Variables:
PATH=C:\ProgramData\Oracle\Java\javapath;C:\Python27\;C:\Python27\Scripts;C:\Program Files (x86)\Intel\iCLS Client\;C:\Program Files\Intel\iCLS Client\;C:\WINDOWS\system32;C:\WINDOWS;C:\WINDOWS\System32\Wbem;C:\WINDOWS\System32\WindowsPowerShell\v1.0\;C:\Program Files (x86)\Intel\Intel(R) Management Engine Components\DAL;C:\Program Files\Intel\Intel(R) Management Engine Components\DAL;C:\Program Files (x86)\Intel\Intel(R) Management Engine Components\IPT;C:\Program Files\Intel\Intel(R) Management Engine Components\IPT;C:\WINDOWS\system32\config\systemprofile\.dnx\bin;C:\Program Files\Microsoft DNX\Dnvm\;C:\Program Files (x86)\Windows Kits\8.1\Windows Performance Toolkit\;C:\Program Files (x86)\GtkSharp\2.12\bin;C:\ Python27\Lib\site-packages;C:\Program Files\Intel\WiFi\bin\;C:\Program Files\Common Files\Intel\WirelessCommon\;C:\WINDOWS\System32\OpenSSH\;C:\Program Files\MySQL\MySQL Server 8.0\bin;C:\Program Files\nodejs\;C:\Program Files (x86)\PuTTY\;C:\Program Files\Git\cmd;C:\Users\kjina\Anaconda2;C:\Users\kjina\Anaconda2\Scripts;C:\Users\kjina\Anaconda2\Library\bin;C:\Modeltech_pe_edu_10.4a\win32pe_edu;C:\Users\kjina\AppData\Local\Microsoft\WindowsApps;C:\Users\kjina\AppData\Local\GitHubDesktop\bin;C:\Users\kjina\AppData\Roaming\npm
USERNAME=kjina
OS=Windows_NT
PROCESSOR_IDENTIFIER=Intel64 Family 6 Model 78 Stepping 3, GenuineIntel



---------------  S Y S T E M  ---------------

OS: Windows 10.0 , 64 bit Build 17134 (10.0.17134.1)

CPU:total 4 (initial active 4) (2 cores per cpu, 2 threads per core) family 6 model 78 stepping 3, cmov, cx8, fxsr, mmx, sse, sse2, sse3, ssse3, sse4.1, sse4.2, popcnt, avx, avx2, aes, clmul, erms, 3dnowpref, lzcnt, ht, tsc, tscinvbit, bmi1, bmi2, adx

Memory: 4k page, physical 8248932k(931992k free), swap 8248932k(4316k free)

vm_info: OpenJDK 64-Bit Server VM (25.152-b02) for windows-amd64 JRE (1.8.0_152-release-1024-b02), built by "builder" with MS VC++ 10.0 (VS2010)

time: Mon Dec 10 22:59:21 2018
elapsed time: 13 seconds (0d 0h 0m 13s)

